[     177ms] [INFO] %cDownload the React DevTools for a better development experience: https://reactjs.org/link/react-devtools font-weight:bold @ http://localhost:7001/node_modules/.vite/deps/chunk-P6YNEX7I.js?v=09f6123d:21550
[     268ms] [LOG] i18next: languageChanged en @ http://localhost:7001/node_modules/.vite/deps/i18next.js?v=09f6123d:15
[     268ms] [LOG] i18next: initialized {debug: true, initImmediate: true, ns: Array(1), defaultNS: Array(1), fallbackLng: Array(1)} @ http://localhost:7001/node_modules/.vite/deps/i18next.js?v=09f6123d:15
[     272ms] [WARNING] ⚠️ React Router Future Flag Warning: React Router will begin wrapping state updates in `React.startTransition` in v7. You can use the `v7_startTransition` future flag to opt-in early. For more information, see https://reactrouter.com/v6/upgrading/future#v7_starttransition. @ http://localhost:7001/node_modules/.vite/deps/react-router-dom.js?v=09f6123d:4435
[     389ms] [VERBOSE] [DOM] Input elements should have autocomplete attributes (suggested: "current-password"): (More info: https://goo.gl/9p2vKq) %o @ http://localhost:7001/login:0
[  158051ms] [ERROR] Failed to load resource: the server responded with a status of 404 (Not Found) @ http://localhost:7001/@fs/Users/alphie/Project%20Farmhouse/mercur/packages/vendor/dist/chunk-RLETOWCM.js?t=1778623550725:0
[  158051ms] [ERROR] [hmr] Failed to reload /@fs/Users/alphie/Project Farmhouse/mercur/packages/vendor/dist/chunk-RLETOWCM.js. This could be due to syntax errors or importing non-existent modules. (see errors above) @ http://localhost:7001/@vite/client:175
[  158052ms] [ERROR] Failed to load resource: the server responded with a status of 404 (Not Found) @ http://localhost:7001/@fs/Users/alphie/Project%20Farmhouse/mercur/packages/vendor/dist/chunk-A4LYFHPW.js?t=1778623550725:0
[  158052ms] [ERROR] [hmr] Failed to reload /@fs/Users/alphie/Project Farmhouse/mercur/packages/vendor/dist/chunk-A4LYFHPW.js. This could be due to syntax errors or importing non-existent modules. (see errors above) @ http://localhost:7001/@vite/client:175
[  158055ms] [ERROR] Failed to load resource: the server responded with a status of 404 (Not Found) @ http://localhost:7001/@fs/Users/alphie/Project%20Farmhouse/mercur/packages/vendor/dist/chunk-WQX4ASK4.js?t=1778623550725:0
[  158055ms] [ERROR] [hmr] Failed to reload /@fs/Users/alphie/Project Farmhouse/mercur/packages/vendor/dist/chunk-WQX4ASK4.js. This could be due to syntax errors or importing non-existent modules. (see errors above) @ http://localhost:7001/@vite/client:175
[  158067ms] [ERROR] Failed to load resource: the server responded with a status of 404 (Not Found) @ http://localhost:7001/@fs/Users/alphie/Project%20Farmhouse/mercur/packages/vendor/dist/chunk-2SLAVXFY.js?t=1778623550726:0
[  158067ms] [ERROR] [hmr] Failed to reload /@fs/Users/alphie/Project Farmhouse/mercur/packages/vendor/dist/chunk-2SLAVXFY.js. This could be due to syntax errors or importing non-existent modules. (see errors above) @ http://localhost:7001/@vite/client:175
[  158068ms] [ERROR] Failed to load resource: the server responded with a status of 404 (Not Found) @ http://localhost:7001/@fs/Users/alphie/Project%20Farmhouse/mercur/packages/vendor/dist/chunk-FEUCCLKR.js?t=1778623550727:0
[  158069ms] [ERROR] [hmr] Failed to reload /@fs/Users/alphie/Project Farmhouse/mercur/packages/vendor/dist/chunk-FEUCCLKR.js. This could be due to syntax errors or importing non-existent modules. (see errors above) @ http://localhost:7001/@vite/client:175
[  158069ms] [ERROR] Failed to load resource: the server responded with a status of 404 (Not Found) @ http://localhost:7001/@fs/Users/alphie/Project%20Farmhouse/mercur/packages/vendor/dist/chunk-FEUCCLKR.js?t=1778623550725:0
[  158069ms] [ERROR] [hmr] Failed to reload /@fs/Users/alphie/Project Farmhouse/mercur/packages/vendor/dist/chunk-FEUCCLKR.js. This could be due to syntax errors or importing non-existent modules. (see errors above) @ http://localhost:7001/@vite/client:175
[  158070ms] [ERROR] Failed to load resource: the server responded with a status of 404 (Not Found) @ http://localhost:7001/@fs/Users/alphie/Project%20Farmhouse/mercur/packages/vendor/dist/index.js?t=1778623550727:0
[  158070ms] [ERROR] [hmr] Failed to reload /@fs/Users/alphie/Project Farmhouse/mercur/packages/vendor/dist/index.js. This could be due to syntax errors or importing non-existent modules. (see errors above) @ http://localhost:7001/@vite/client:175
[  158078ms] [ERROR] Failed to load resource: the server responded with a status of 404 (Not Found) @ http://localhost:7001/@fs/Users/alphie/Project%20Farmhouse/mercur/packages/vendor/dist/chunk-2POPPFAP.js?t=1778623550726:0
[  158078ms] [ERROR] [hmr] Failed to reload /@fs/Users/alphie/Project Farmhouse/mercur/packages/vendor/dist/chunk-2POPPFAP.js. This could be due to syntax errors or importing non-existent modules. (see errors above) @ http://localhost:7001/@vite/client:175
[  158088ms] [ERROR] Failed to load resource: the server responded with a status of 404 (Not Found) @ http://localhost:7001/@fs/Users/alphie/Project%20Farmhouse/mercur/packages/vendor/dist/chunk-NCABGI3E.js?t=1778623550727:0
[  158089ms] [ERROR] [hmr] Failed to reload /@fs/Users/alphie/Project Farmhouse/mercur/packages/vendor/dist/chunk-NCABGI3E.js. This could be due to syntax errors or importing non-existent modules. (see errors above) @ http://localhost:7001/@vite/client:175
[  158089ms] [ERROR] Failed to load resource: the server responded with a status of 404 (Not Found) @ http://localhost:7001/@fs/Users/alphie/Project%20Farmhouse/mercur/packages/vendor/dist/chunk-AIRJ4WZG.js?t=1778623550727:0
[  158089ms] [ERROR] [hmr] Failed to reload /@fs/Users/alphie/Project Farmhouse/mercur/packages/vendor/dist/chunk-AIRJ4WZG.js. This could be due to syntax errors or importing non-existent modules. (see errors above) @ http://localhost:7001/@vite/client:175
[  158089ms] [ERROR] Failed to load resource: the server responded with a status of 404 (Not Found) @ http://localhost:7001/@fs/Users/alphie/Project%20Farmhouse/mercur/packages/vendor/dist/chunk-QBBBKJG4.js?t=1778623550727:0
[  158089ms] [ERROR] [hmr] Failed to reload /@fs/Users/alphie/Project Farmhouse/mercur/packages/vendor/dist/chunk-QBBBKJG4.js. This could be due to syntax errors or importing non-existent modules. (see errors above) @ http://localhost:7001/@vite/client:175
[  158248ms] [ERROR] Failed to load resource: the server responded with a status of 404 (Not Found) @ http://localhost:7001/@fs/Users/alphie/Project%20Farmhouse/mercur/packages/vendor/dist/index.js?t=1778623551179:0
[  158248ms] [ERROR] Failed to load resource: the server responded with a status of 404 (Not Found) @ http://localhost:7001/@fs/Users/alphie/Project%20Farmhouse/mercur/packages/vendor/dist/index.css?t=1778623551179:0
[  161487ms] [INFO] %cDownload the React DevTools for a better development experience: https://reactjs.org/link/react-devtools font-weight:bold @ http://localhost:7001/node_modules/.vite/deps/chunk-P6YNEX7I.js?v=09f6123d:21550
[  161555ms] [LOG] i18next: languageChanged en @ http://localhost:7001/node_modules/.vite/deps/i18next.js?v=09f6123d:15
[  161555ms] [LOG] i18next: initialized {debug: true, initImmediate: true, ns: Array(1), defaultNS: Array(1), fallbackLng: Array(1)} @ http://localhost:7001/node_modules/.vite/deps/i18next.js?v=09f6123d:15
[  161559ms] [WARNING] ⚠️ React Router Future Flag Warning: React Router will begin wrapping state updates in `React.startTransition` in v7. You can use the `v7_startTransition` future flag to opt-in early. For more information, see https://reactrouter.com/v6/upgrading/future#v7_starttransition. @ http://localhost:7001/node_modules/.vite/deps/react-router-dom.js?v=09f6123d:4435
[  161677ms] [VERBOSE] [DOM] Input elements should have autocomplete attributes (suggested: "current-password"): (More info: https://goo.gl/9p2vKq) %o @ http://localhost:7001/login:0
[  163426ms] [ERROR] Failed to load resource: the server responded with a status of 404 (Not Found) @ http://localhost:7001/@fs/Users/alphie/Project%20Farmhouse/mercur/packages/vendor/dist/chunk-A4LYFHPW.js?t=1778623556373:0
[  163426ms] [ERROR] [hmr] Failed to reload /@fs/Users/alphie/Project Farmhouse/mercur/packages/vendor/dist/chunk-A4LYFHPW.js. This could be due to syntax errors or importing non-existent modules. (see errors above) @ http://localhost:7001/@vite/client:175
[  163430ms] [ERROR] Failed to load resource: the server responded with a status of 404 (Not Found) @ http://localhost:7001/@fs/Users/alphie/Project%20Farmhouse/mercur/packages/vendor/dist/chunk-FEUCCLKR.js?t=1778623556373:0
[  163430ms] [ERROR] [hmr] Failed to reload /@fs/Users/alphie/Project Farmhouse/mercur/packages/vendor/dist/chunk-FEUCCLKR.js. This could be due to syntax errors or importing non-existent modules. (see errors above) @ http://localhost:7001/@vite/client:175
[  163437ms] [ERROR] Failed to load resource: the server responded with a status of 404 (Not Found) @ http://localhost:7001/@fs/Users/alphie/Project%20Farmhouse/mercur/packages/vendor/dist/chunk-RLETOWCM.js?t=1778623556373:0
[  163437ms] [ERROR] [hmr] Failed to reload /@fs/Users/alphie/Project Farmhouse/mercur/packages/vendor/dist/chunk-RLETOWCM.js. This could be due to syntax errors or importing non-existent modules. (see errors above) @ http://localhost:7001/@vite/client:175
[  163441ms] [ERROR] Failed to load resource: the server responded with a status of 404 (Not Found) @ http://localhost:7001/@fs/Users/alphie/Project%20Farmhouse/mercur/packages/vendor/dist/chunk-2POPPFAP.js?t=1778623556373:0
[  163442ms] [ERROR] [hmr] Failed to reload /@fs/Users/alphie/Project Farmhouse/mercur/packages/vendor/dist/chunk-2POPPFAP.js. This could be due to syntax errors or importing non-existent modules. (see errors above) @ http://localhost:7001/@vite/client:175
[  163458ms] [ERROR] Failed to load resource: the server responded with a status of 404 (Not Found) @ http://localhost:7001/@fs/Users/alphie/Project%20Farmhouse/mercur/packages/vendor/dist/chunk-2SLAVXFY.js?t=1778623556374:0
[  163458ms] [ERROR] [hmr] Failed to reload /@fs/Users/alphie/Project Farmhouse/mercur/packages/vendor/dist/chunk-2SLAVXFY.js. This could be due to syntax errors or importing non-existent modules. (see errors above) @ http://localhost:7001/@vite/client:175
[  163458ms] [ERROR] Failed to load resource: the server responded with a status of 404 (Not Found) @ http://localhost:7001/@fs/Users/alphie/Project%20Farmhouse/mercur/packages/vendor/dist/index.js?t=1778623556378:0
[  163458ms] [ERROR] [hmr] Failed to reload /@fs/Users/alphie/Project Farmhouse/mercur/packages/vendor/dist/index.js. This could be due to syntax errors or importing non-existent modules. (see errors above) @ http://localhost:7001/@vite/client:175
[  163464ms] [ERROR] Failed to load resource: the server responded with a status of 404 (Not Found) @ http://localhost:7001/@fs/Users/alphie/Project%20Farmhouse/mercur/packages/vendor/dist/chunk-FEUCCLKR.js?t=1778623556376:0
[  163465ms] [ERROR] [hmr] Failed to reload /@fs/Users/alphie/Project Farmhouse/mercur/packages/vendor/dist/chunk-FEUCCLKR.js. This could be due to syntax errors or importing non-existent modules. (see errors above) @ http://localhost:7001/@vite/client:175
[  163466ms] [ERROR] Failed to load resource: the server responded with a status of 404 (Not Found) @ http://localhost:7001/@fs/Users/alphie/Project%20Farmhouse/mercur/packages/vendor/dist/chunk-NCABGI3E.js?t=1778623556378:0
[  163466ms] [ERROR] [hmr] Failed to reload /@fs/Users/alphie/Project Farmhouse/mercur/packages/vendor/dist/chunk-NCABGI3E.js. This could be due to syntax errors or importing non-existent modules. (see errors above) @ http://localhost:7001/@vite/client:175
[  163471ms] [ERROR] Failed to load resource: the server responded with a status of 404 (Not Found) @ http://localhost:7001/@fs/Users/alphie/Project%20Farmhouse/mercur/packages/vendor/dist/chunk-AIRJ4WZG.js?t=1778623556378:0
[  163471ms] [ERROR] [hmr] Failed to reload /@fs/Users/alphie/Project Farmhouse/mercur/packages/vendor/dist/chunk-AIRJ4WZG.js. This could be due to syntax errors or importing non-existent modules. (see errors above) @ http://localhost:7001/@vite/client:175
[  163471ms] [ERROR] Failed to load resource: the server responded with a status of 404 (Not Found) @ http://localhost:7001/@fs/Users/alphie/Project%20Farmhouse/mercur/packages/vendor/dist/chunk-3EF54XFY.js?t=1778623556381:0
[  163472ms] [ERROR] [hmr] Failed to reload /@fs/Users/alphie/Project Farmhouse/mercur/packages/vendor/dist/chunk-3EF54XFY.js. This could be due to syntax errors or importing non-existent modules. (see errors above) @ http://localhost:7001/@vite/client:175
[  163472ms] [ERROR] Failed to load resource: the server responded with a status of 404 (Not Found) @ http://localhost:7001/@fs/Users/alphie/Project%20Farmhouse/mercur/packages/vendor/dist/chunk-QBBBKJG4.js?t=1778623556378:0
[  163472ms] [ERROR] [hmr] Failed to reload /@fs/Users/alphie/Project Farmhouse/mercur/packages/vendor/dist/chunk-QBBBKJG4.js. This could be due to syntax errors or importing non-existent modules. (see errors above) @ http://localhost:7001/@vite/client:175
[  163472ms] [ERROR] Failed to load resource: the server responded with a status of 404 (Not Found) @ http://localhost:7001/@fs/Users/alphie/Project%20Farmhouse/mercur/packages/vendor/dist/chunk-3BZBEC3Y.js?t=1778623556379:0
[  163472ms] [ERROR] [hmr] Failed to reload /@fs/Users/alphie/Project Farmhouse/mercur/packages/vendor/dist/chunk-3BZBEC3Y.js. This could be due to syntax errors or importing non-existent modules. (see errors above) @ http://localhost:7001/@vite/client:175
[  163476ms] [ERROR] Failed to load resource: the server responded with a status of 404 (Not Found) @ http://localhost:7001/@fs/Users/alphie/Project%20Farmhouse/mercur/packages/vendor/dist/chunk-3CK6OINO.js?t=1778623556381:0
[  163476ms] [ERROR] [hmr] Failed to reload /@fs/Users/alphie/Project Farmhouse/mercur/packages/vendor/dist/chunk-3CK6OINO.js. This could be due to syntax errors or importing non-existent modules. (see errors above) @ http://localhost:7001/@vite/client:175
[  163489ms] [ERROR] Failed to load resource: the server responded with a status of 404 (Not Found) @ http://localhost:7001/@fs/Users/alphie/Project%20Farmhouse/mercur/packages/vendor/dist/chunk-3QSRE5LS.js?t=1778623556381:0
[  163489ms] [ERROR] [hmr] Failed to reload /@fs/Users/alphie/Project Farmhouse/mercur/packages/vendor/dist/chunk-3QSRE5LS.js. This could be due to syntax errors or importing non-existent modules. (see errors above) @ http://localhost:7001/@vite/client:175
[  163491ms] [ERROR] Failed to load resource: the server responded with a status of 404 (Not Found) @ http://localhost:7001/@fs/Users/alphie/Project%20Farmhouse/mercur/packages/vendor/dist/chunk-A4LYFHPW.js?t=1778623556382:0
[  163491ms] [ERROR] [hmr] Failed to reload /@fs/Users/alphie/Project Farmhouse/mercur/packages/vendor/dist/chunk-A4LYFHPW.js. This could be due to syntax errors or importing non-existent modules. (see errors above) @ http://localhost:7001/@vite/client:175
[  163493ms] [ERROR] Failed to load resource: the server responded with a status of 404 (Not Found) @ http://localhost:7001/@fs/Users/alphie/Project%20Farmhouse/mercur/packages/vendor/dist/chunk-AIRJ4WZG.js?t=1778623556382:0
[  163493ms] [ERROR] [hmr] Failed to reload /@fs/Users/alphie/Project Farmhouse/mercur/packages/vendor/dist/chunk-AIRJ4WZG.js. This could be due to syntax errors or importing non-existent modules. (see errors above) @ http://localhost:7001/@vite/client:175
[  163494ms] [ERROR] Failed to load resource: the server responded with a status of 404 (Not Found) @ http://localhost:7001/@fs/Users/alphie/Project%20Farmhouse/mercur/packages/vendor/dist/index.js?t=1778623556382:0
[  163494ms] [ERROR] [hmr] Failed to reload /@fs/Users/alphie/Project Farmhouse/mercur/packages/vendor/dist/index.js. This could be due to syntax errors or importing non-existent modules. (see errors above) @ http://localhost:7001/@vite/client:175
[  163506ms] [ERROR] Failed to load resource: the server responded with a status of 404 (Not Found) @ http://localhost:7001/@fs/Users/alphie/Project%20Farmhouse/mercur/packages/vendor/dist/chunk-4F5GP7J7.js?t=1778623556385:0
[  163506ms] [ERROR] [hmr] Failed to reload /@fs/Users/alphie/Project Farmhouse/mercur/packages/vendor/dist/chunk-4F5GP7J7.js. This could be due to syntax errors or importing non-existent modules. (see errors above) @ http://localhost:7001/@vite/client:175
[  163506ms] [ERROR] Failed to load resource: the server responded with a status of 404 (Not Found) @ http://localhost:7001/@fs/Users/alphie/Project%20Farmhouse/mercur/packages/vendor/dist/chunk-4GPAS5GW.js?t=1778623556386:0
[  163507ms] [ERROR] [hmr] Failed to reload /@fs/Users/alphie/Project Farmhouse/mercur/packages/vendor/dist/chunk-4GPAS5GW.js. This could be due to syntax errors or importing non-existent modules. (see errors above) @ http://localhost:7001/@vite/client:175
[  163508ms] [ERROR] Failed to load resource: the server responded with a status of 404 (Not Found) @ http://localhost:7001/@fs/Users/alphie/Project%20Farmhouse/mercur/packages/vendor/dist/chunk-AIRJ4WZG.js?t=1778623556387:0
[  163508ms] [ERROR] [hmr] Failed to reload /@fs/Users/alphie/Project Farmhouse/mercur/packages/vendor/dist/chunk-AIRJ4WZG.js. This could be due to syntax errors or importing non-existent modules. (see errors above) @ http://localhost:7001/@vite/client:175
[  163508ms] [ERROR] Failed to load resource: the server responded with a status of 404 (Not Found) @ http://localhost:7001/@fs/Users/alphie/Project%20Farmhouse/mercur/packages/vendor/dist/chunk-5BONGICL.js?t=1778623556388:0
[  163509ms] [ERROR] [hmr] Failed to reload /@fs/Users/alphie/Project Farmhouse/mercur/packages/vendor/dist/chunk-5BONGICL.js. This could be due to syntax errors or importing non-existent modules. (see errors above) @ http://localhost:7001/@vite/client:175
[  163510ms] [ERROR] Failed to load resource: the server responded with a status of 404 (Not Found) @ http://localhost:7001/@fs/Users/alphie/Project%20Farmhouse/mercur/packages/vendor/dist/chunk-5IWBNPZX.js?t=1778623556388:0
[  163511ms] [ERROR] [hmr] Failed to reload /@fs/Users/alphie/Project Farmhouse/mercur/packages/vendor/dist/chunk-5IWBNPZX.js. This could be due to syntax errors or importing non-existent modules. (see errors above) @ http://localhost:7001/@vite/client:175
[  163512ms] [ERROR] Failed to load resource: the server responded with a status of 404 (Not Found) @ http://localhost:7001/@fs/Users/alphie/Project%20Farmhouse/mercur/packages/vendor/dist/chunk-NCABGI3E.js?t=1778623556383:0
[  163512ms] [ERROR] [hmr] Failed to reload /@fs/Users/alphie/Project Farmhouse/mercur/packages/vendor/dist/chunk-NCABGI3E.js. This could be due to syntax errors or importing non-existent modules. (see errors above) @ http://localhost:7001/@vite/client:175
[  163514ms] [ERROR] Failed to load resource: the server responded with a status of 404 (Not Found) @ http://localhost:7001/@fs/Users/alphie/Project%20Farmhouse/mercur/packages/vendor/dist/chunk-5LKZCG77.js?t=1778623556389:0
[  163514ms] [ERROR] [hmr] Failed to reload /@fs/Users/alphie/Project Farmhouse/mercur/packages/vendor/dist/chunk-5LKZCG77.js. This could be due to syntax errors or importing non-existent modules. (see errors above) @ http://localhost:7001/@vite/client:175
[  163515ms] [ERROR] Failed to load resource: the server responded with a status of 404 (Not Found) @ http://localhost:7001/@fs/Users/alphie/Project%20Farmhouse/mercur/packages/vendor/dist/chunk-6WY5X4PE.js?t=1778623556389:0
[  163515ms] [ERROR] [hmr] Failed to reload /@fs/Users/alphie/Project Farmhouse/mercur/packages/vendor/dist/chunk-6WY5X4PE.js. This could be due to syntax errors or importing non-existent modules. (see errors above) @ http://localhost:7001/@vite/client:175
[  163521ms] [ERROR] Failed to load resource: the server responded with a status of 404 (Not Found) @ http://localhost:7001/@fs/Users/alphie/Project%20Farmhouse/mercur/packages/vendor/dist/chunk-NCABGI3E.js?t=1778623556389:0
[  163521ms] [ERROR] [hmr] Failed to reload /@fs/Users/alphie/Project Farmhouse/mercur/packages/vendor/dist/chunk-NCABGI3E.js. This could be due to syntax errors or importing non-existent modules. (see errors above) @ http://localhost:7001/@vite/client:175
[  163522ms] [ERROR] Failed to load resource: the server responded with a status of 404 (Not Found) @ http://localhost:7001/@fs/Users/alphie/Project%20Farmhouse/mercur/packages/vendor/dist/chunk-7AV5EJJ5.js?t=1778623556391:0
[  163523ms] [ERROR] [hmr] Failed to reload /@fs/Users/alphie/Project Farmhouse/mercur/packages/vendor/dist/chunk-7AV5EJJ5.js. This could be due to syntax errors or importing non-existent modules. (see errors above) @ http://localhost:7001/@vite/client:175
[  163523ms] [ERROR] Failed to load resource: the server responded with a status of 404 (Not Found) @ http://localhost:7001/@fs/Users/alphie/Project%20Farmhouse/mercur/packages/vendor/dist/chunk-7TIZP4YG.js?t=1778623556392:0
[  163523ms] [ERROR] [hmr] Failed to reload /@fs/Users/alphie/Project Farmhouse/mercur/packages/vendor/dist/chunk-7TIZP4YG.js. This could be due to syntax errors or importing non-existent modules. (see errors above) @ http://localhost:7001/@vite/client:175
[  163565ms] [ERROR] Failed to load resource: the server responded with a status of 404 (Not Found) @ http://localhost:7001/@fs/Users/alphie/Project%20Farmhouse/mercur/packages/vendor/dist/chunk-A4LYFHPW.js?t=1778623556393:0
[  163566ms] [ERROR] [hmr] Failed to reload /@fs/Users/alphie/Project Farmhouse/mercur/packages/vendor/dist/chunk-A4LYFHPW.js. This could be due to syntax errors or importing non-existent modules. (see errors above) @ http://localhost:7001/@vite/client:175
[  163566ms] [ERROR] Failed to load resource: the server responded with a status of 404 (Not Found) @ http://localhost:7001/@fs/Users/alphie/Project%20Farmhouse/mercur/packages/vendor/dist/index.js?t=1778623556394:0
[  163566ms] [ERROR] [hmr] Failed to reload /@fs/Users/alphie/Project Farmhouse/mercur/packages/vendor/dist/index.js. This could be due to syntax errors or importing non-existent modules. (see errors above) @ http://localhost:7001/@vite/client:175
[  163567ms] [ERROR] Failed to load resource: the server responded with a status of 404 (Not Found) @ http://localhost:7001/@fs/Users/alphie/Project%20Farmhouse/mercur/packages/vendor/dist/chunk-AIRJ4WZG.js?t=1778623556394:0
[  163567ms] [ERROR] [hmr] Failed to reload /@fs/Users/alphie/Project Farmhouse/mercur/packages/vendor/dist/chunk-AIRJ4WZG.js. This could be due to syntax errors or importing non-existent modules. (see errors above) @ http://localhost:7001/@vite/client:175
[  163573ms] [ERROR] Failed to load resource: the server responded with a status of 404 (Not Found) @ http://localhost:7001/@fs/Users/alphie/Project%20Farmhouse/mercur/packages/vendor/dist/chunk-AW4WN2EK.js?t=1778623556395:0
[  163573ms] [ERROR] [hmr] Failed to reload /@fs/Users/alphie/Project Farmhouse/mercur/packages/vendor/dist/chunk-AW4WN2EK.js. This could be due to syntax errors or importing non-existent modules. (see errors above) @ http://localhost:7001/@vite/client:175
[  163577ms] [ERROR] Failed to load resource: the server responded with a status of 404 (Not Found) @ http://localhost:7001/@fs/Users/alphie/Project%20Farmhouse/mercur/packages/vendor/dist/chunk-JTCUWZ7D.js?t=1778623556396:0
[  163577ms] [ERROR] [hmr] Failed to reload /@fs/Users/alphie/Project Farmhouse/mercur/packages/vendor/dist/chunk-JTCUWZ7D.js. This could be due to syntax errors or importing non-existent modules. (see errors above) @ http://localhost:7001/@vite/client:175
[  163680ms] [ERROR] Failed to load resource: the server responded with a status of 404 (Not Found) @ http://localhost:7001/@fs/Users/alphie/Project%20Farmhouse/mercur/packages/vendor/dist/chunk-BDGZ4EQO.js?t=1778623556396:0
[  163680ms] [ERROR] [hmr] Failed to reload /@fs/Users/alphie/Project Farmhouse/mercur/packages/vendor/dist/chunk-BDGZ4EQO.js. This could be due to syntax errors or importing non-existent modules. (see errors above) @ http://localhost:7001/@vite/client:175
[  163700ms] [ERROR] Failed to load resource: the server responded with a status of 404 (Not Found) @ http://localhost:7001/@fs/Users/alphie/Project%20Farmhouse/mercur/packages/vendor/dist/chunk-WQX4ASK4.js?t=1778623556397:0
[  163700ms] [ERROR] [hmr] Failed to reload /@fs/Users/alphie/Project Farmhouse/mercur/packages/vendor/dist/chunk-WQX4ASK4.js. This could be due to syntax errors or importing non-existent modules. (see errors above) @ http://localhost:7001/@vite/client:175
[  163706ms] [ERROR] Failed to load resource: the server responded with a status of 404 (Not Found) @ http://localhost:7001/@fs/Users/alphie/Project%20Farmhouse/mercur/packages/vendor/dist/index.js?t=1778623556398:0
[  163706ms] [ERROR] [hmr] Failed to reload /@fs/Users/alphie/Project Farmhouse/mercur/packages/vendor/dist/index.js. This could be due to syntax errors or importing non-existent modules. (see errors above) @ http://localhost:7001/@vite/client:175
[  163706ms] [ERROR] [hmr] Failed to reload /@fs/Users/alphie/Project Farmhouse/mercur/packages/vendor/dist/index.js. This could be due to syntax errors or importing non-existent modules. (see errors above) @ http://localhost:7001/@vite/client:175
[  163790ms] [ERROR] Failed to load resource: the server responded with a status of 404 (Not Found) @ http://localhost:7001/@fs/Users/alphie/Project%20Farmhouse/mercur/packages/vendor/dist/index.css?t=1778623556559:0
[  163801ms] [ERROR] Failed to load resource: the server responded with a status of 404 (Not Found) @ http://localhost:7001/@fs/Users/alphie/Project%20Farmhouse/mercur/packages/vendor/dist/index.js?t=1778623556559:0
[  166157ms] [INFO] %cDownload the React DevTools for a better development experience: https://reactjs.org/link/react-devtools font-weight:bold @ http://localhost:7001/node_modules/.vite/deps/chunk-P6YNEX7I.js?v=09f6123d:21550
[  166216ms] [LOG] i18next: languageChanged en @ http://localhost:7001/node_modules/.vite/deps/i18next.js?v=09f6123d:15
[  166216ms] [LOG] i18next: initialized {debug: true, initImmediate: true, ns: Array(1), defaultNS: Array(1), fallbackLng: Array(1)} @ http://localhost:7001/node_modules/.vite/deps/i18next.js?v=09f6123d:15
[  166221ms] [WARNING] ⚠️ React Router Future Flag Warning: React Router will begin wrapping state updates in `React.startTransition` in v7. You can use the `v7_startTransition` future flag to opt-in early. For more information, see https://reactrouter.com/v6/upgrading/future#v7_starttransition. @ http://localhost:7001/node_modules/.vite/deps/react-router-dom.js?v=09f6123d:4435
[  166340ms] [VERBOSE] [DOM] Input elements should have autocomplete attributes (suggested: "current-password"): (More info: https://goo.gl/9p2vKq) %o @ http://localhost:7001/login:0
[  168339ms] [ERROR] Failed to load resource: the server responded with a status of 404 (Not Found) @ http://localhost:7001/@fs/Users/alphie/Project%20Farmhouse/mercur/packages/vendor/dist/chunk-A4LYFHPW.js?t=1778623561336:0
[  168339ms] [ERROR] [hmr] Failed to reload /@fs/Users/alphie/Project Farmhouse/mercur/packages/vendor/dist/chunk-A4LYFHPW.js. This could be due to syntax errors or importing non-existent modules. (see errors above) @ http://localhost:7001/@vite/client:175
[  168340ms] [ERROR] Failed to load resource: the server responded with a status of 404 (Not Found) @ http://localhost:7001/@fs/Users/alphie/Project%20Farmhouse/mercur/packages/vendor/dist/chunk-FEUCCLKR.js?t=1778623561336:0
[  168340ms] [ERROR] [hmr] Failed to reload /@fs/Users/alphie/Project Farmhouse/mercur/packages/vendor/dist/chunk-FEUCCLKR.js. This could be due to syntax errors or importing non-existent modules. (see errors above) @ http://localhost:7001/@vite/client:175
[  168341ms] [ERROR] Failed to load resource: the server responded with a status of 404 (Not Found) @ http://localhost:7001/@fs/Users/alphie/Project%20Farmhouse/mercur/packages/vendor/dist/chunk-RLETOWCM.js?t=1778623561336:0
[  168341ms] [ERROR] [hmr] Failed to reload /@fs/Users/alphie/Project Farmhouse/mercur/packages/vendor/dist/chunk-RLETOWCM.js. This could be due to syntax errors or importing non-existent modules. (see errors above) @ http://localhost:7001/@vite/client:175
[  168343ms] [ERROR] Failed to load resource: the server responded with a status of 404 (Not Found) @ http://localhost:7001/@fs/Users/alphie/Project%20Farmhouse/mercur/packages/vendor/dist/chunk-WQX4ASK4.js?t=1778623561336:0
[  168344ms] [ERROR] [hmr] Failed to reload /@fs/Users/alphie/Project Farmhouse/mercur/packages/vendor/dist/chunk-WQX4ASK4.js. This could be due to syntax errors or importing non-existent modules. (see errors above) @ http://localhost:7001/@vite/client:175
[  168348ms] [ERROR] Failed to load resource: the server responded with a status of 404 (Not Found) @ http://localhost:7001/@fs/Users/alphie/Project%20Farmhouse/mercur/packages/vendor/dist/chunk-2POPPFAP.js?t=1778623561336:0
[  168348ms] [ERROR] [hmr] Failed to reload /@fs/Users/alphie/Project Farmhouse/mercur/packages/vendor/dist/chunk-2POPPFAP.js. This could be due to syntax errors or importing non-existent modules. (see errors above) @ http://localhost:7001/@vite/client:175
[  168363ms] [ERROR] Failed to load resource: the server responded with a status of 404 (Not Found) @ http://localhost:7001/@fs/Users/alphie/Project%20Farmhouse/mercur/packages/vendor/dist/chunk-2SLAVXFY.js?t=1778623561339:0
[  168363ms] [ERROR] [hmr] Failed to reload /@fs/Users/alphie/Project Farmhouse/mercur/packages/vendor/dist/chunk-2SLAVXFY.js. This could be due to syntax errors or importing non-existent modules. (see errors above) @ http://localhost:7001/@vite/client:175
[  168363ms] [ERROR] Failed to load resource: the server responded with a status of 404 (Not Found) @ http://localhost:7001/@fs/Users/alphie/Project%20Farmhouse/mercur/packages/vendor/dist/index.js?t=1778623561340:0
[  168363ms] [ERROR] Failed to load resource: the server responded with a status of 404 (Not Found) @ http://localhost:7001/@fs/Users/alphie/Project%20Farmhouse/mercur/packages/vendor/dist/chunk-NCABGI3E.js?t=1778623561340:0
[  168364ms] [ERROR] [hmr] Failed to reload /@fs/Users/alphie/Project Farmhouse/mercur/packages/vendor/dist/index.js. This could be due to syntax errors or importing non-existent modules. (see errors above) @ http://localhost:7001/@vite/client:175
[  168364ms] [ERROR] [hmr] Failed to reload /@fs/Users/alphie/Project Farmhouse/mercur/packages/vendor/dist/chunk-NCABGI3E.js. This could be due to syntax errors or importing non-existent modules. (see errors above) @ http://localhost:7001/@vite/client:175
[  168364ms] [ERROR] Failed to load resource: the server responded with a status of 404 (Not Found) @ http://localhost:7001/@fs/Users/alphie/Project%20Farmhouse/mercur/packages/vendor/dist/chunk-FEUCCLKR.js?t=1778623561340:0
[  168364ms] [ERROR] [hmr] Failed to reload /@fs/Users/alphie/Project Farmhouse/mercur/packages/vendor/dist/chunk-FEUCCLKR.js. This could be due to syntax errors or importing non-existent modules. (see errors above) @ http://localhost:7001/@vite/client:175
[  168367ms] [ERROR] Failed to load resource: the server responded with a status of 404 (Not Found) @ http://localhost:7001/@fs/Users/alphie/Project%20Farmhouse/mercur/packages/vendor/dist/chunk-QBBBKJG4.js?t=1778623561340:0
[  168367ms] [ERROR] [hmr] Failed to reload /@fs/Users/alphie/Project Farmhouse/mercur/packages/vendor/dist/chunk-QBBBKJG4.js. This could be due to syntax errors or importing non-existent modules. (see errors above) @ http://localhost:7001/@vite/client:175
[  168387ms] [ERROR] Failed to load resource: the server responded with a status of 404 (Not Found) @ http://localhost:7001/@fs/Users/alphie/Project%20Farmhouse/mercur/packages/vendor/dist/chunk-AIRJ4WZG.js?t=1778623561348:0
[  168387ms] [ERROR] [hmr] Failed to reload /@fs/Users/alphie/Project Farmhouse/mercur/packages/vendor/dist/chunk-AIRJ4WZG.js. This could be due to syntax errors or importing non-existent modules. (see errors above) @ http://localhost:7001/@vite/client:175
[  168388ms] [ERROR] Failed to load resource: the server responded with a status of 404 (Not Found) @ http://localhost:7001/@fs/Users/alphie/Project%20Farmhouse/mercur/packages/vendor/dist/chunk-AIRJ4WZG.js?t=1778623561340:0
[  168388ms] [ERROR] [hmr] Failed to reload /@fs/Users/alphie/Project Farmhouse/mercur/packages/vendor/dist/chunk-AIRJ4WZG.js. This could be due to syntax errors or importing non-existent modules. (see errors above) @ http://localhost:7001/@vite/client:175
[  168389ms] [ERROR] Failed to load resource: the server responded with a status of 404 (Not Found) @ http://localhost:7001/@fs/Users/alphie/Project%20Farmhouse/mercur/packages/vendor/dist/chunk-3BZBEC3Y.js?t=1778623561341:0
[  168389ms] [ERROR] [hmr] Failed to reload /@fs/Users/alphie/Project Farmhouse/mercur/packages/vendor/dist/chunk-3BZBEC3Y.js. This could be due to syntax errors or importing non-existent modules. (see errors above) @ http://localhost:7001/@vite/client:175
[  168391ms] [ERROR] Failed to load resource: the server responded with a status of 404 (Not Found) @ http://localhost:7001/@fs/Users/alphie/Project%20Farmhouse/mercur/packages/vendor/dist/chunk-3CK6OINO.js?t=1778623561345:0
[  168392ms] [ERROR] [hmr] Failed to reload /@fs/Users/alphie/Project Farmhouse/mercur/packages/vendor/dist/chunk-3CK6OINO.js. This could be due to syntax errors or importing non-existent modules. (see errors above) @ http://localhost:7001/@vite/client:175
[  168392ms] [ERROR] Failed to load resource: the server responded with a status of 404 (Not Found) @ http://localhost:7001/@fs/Users/alphie/Project%20Farmhouse/mercur/packages/vendor/dist/chunk-3EF54XFY.js?t=1778623561346:0
[  168393ms] [ERROR] [hmr] Failed to reload /@fs/Users/alphie/Project Farmhouse/mercur/packages/vendor/dist/chunk-3EF54XFY.js. This could be due to syntax errors or importing non-existent modules. (see errors above) @ http://localhost:7001/@vite/client:175
[  168393ms] [ERROR] Failed to load resource: the server responded with a status of 404 (Not Found) @ http://localhost:7001/@fs/Users/alphie/Project%20Farmhouse/mercur/packages/vendor/dist/chunk-3QSRE5LS.js?t=1778623561346:0
[  168393ms] [ERROR] [hmr] Failed to reload /@fs/Users/alphie/Project Farmhouse/mercur/packages/vendor/dist/chunk-3QSRE5LS.js. This could be due to syntax errors or importing non-existent modules. (see errors above) @ http://localhost:7001/@vite/client:175
[  168408ms] [ERROR] Failed to load resource: the server responded with a status of 404 (Not Found) @ http://localhost:7001/@fs/Users/alphie/Project%20Farmhouse/mercur/packages/vendor/dist/index.js?t=1778623561350:0
[  168408ms] [ERROR] [hmr] Failed to reload /@fs/Users/alphie/Project Farmhouse/mercur/packages/vendor/dist/index.js. This could be due to syntax errors or importing non-existent modules. (see errors above) @ http://localhost:7001/@vite/client:175
[  168410ms] [ERROR] Failed to load resource: the server responded with a status of 404 (Not Found) @ http://localhost:7001/@fs/Users/alphie/Project%20Farmhouse/mercur/packages/vendor/dist/chunk-A4LYFHPW.js?t=1778623561350:0
[  168410ms] [ERROR] [hmr] Failed to reload /@fs/Users/alphie/Project Farmhouse/mercur/packages/vendor/dist/chunk-A4LYFHPW.js. This could be due to syntax errors or importing non-existent modules. (see errors above) @ http://localhost:7001/@vite/client:175
[  168411ms] [ERROR] Failed to load resource: the server responded with a status of 404 (Not Found) @ http://localhost:7001/@fs/Users/alphie/Project%20Farmhouse/mercur/packages/vendor/dist/chunk-NCABGI3E.js?t=1778623561351:0
[  168411ms] [ERROR] [hmr] Failed to reload /@fs/Users/alphie/Project Farmhouse/mercur/packages/vendor/dist/chunk-NCABGI3E.js. This could be due to syntax errors or importing non-existent modules. (see errors above) @ http://localhost:7001/@vite/client:175
[  168417ms] [ERROR] Failed to load resource: the server responded with a status of 404 (Not Found) @ http://localhost:7001/@fs/Users/alphie/Project%20Farmhouse/mercur/packages/vendor/dist/chunk-4GPAS5GW.js?t=1778623561353:0
[  168417ms] [ERROR] [hmr] Failed to reload /@fs/Users/alphie/Project Farmhouse/mercur/packages/vendor/dist/chunk-4GPAS5GW.js. This could be due to syntax errors or importing non-existent modules. (see errors above) @ http://localhost:7001/@vite/client:175
[  168419ms] [ERROR] Failed to load resource: the server responded with a status of 404 (Not Found) @ http://localhost:7001/@fs/Users/alphie/Project%20Farmhouse/mercur/packages/vendor/dist/chunk-4F5GP7J7.js?t=1778623561353:0
[  168419ms] [ERROR] [hmr] Failed to reload /@fs/Users/alphie/Project Farmhouse/mercur/packages/vendor/dist/chunk-4F5GP7J7.js. This could be due to syntax errors or importing non-existent modules. (see errors above) @ http://localhost:7001/@vite/client:175
[  168428ms] [ERROR] Failed to load resource: the server responded with a status of 404 (Not Found) @ http://localhost:7001/@fs/Users/alphie/Project%20Farmhouse/mercur/packages/vendor/dist/chunk-AIRJ4WZG.js?t=1778623561353:0
[  168428ms] [ERROR] [hmr] Failed to reload /@fs/Users/alphie/Project Farmhouse/mercur/packages/vendor/dist/chunk-AIRJ4WZG.js. This could be due to syntax errors or importing non-existent modules. (see errors above) @ http://localhost:7001/@vite/client:175
[  168460ms] [ERROR] Failed to load resource: the server responded with a status of 404 (Not Found) @ http://localhost:7001/@fs/Users/alphie/Project%20Farmhouse/mercur/packages/vendor/dist/chunk-5BONGICL.js?t=1778623561355:0
[  168460ms] [ERROR] [hmr] Failed to reload /@fs/Users/alphie/Project Farmhouse/mercur/packages/vendor/dist/chunk-5BONGICL.js. This could be due to syntax errors or importing non-existent modules. (see errors above) @ http://localhost:7001/@vite/client:175
[  168461ms] [ERROR] Failed to load resource: the server responded with a status of 404 (Not Found) @ http://localhost:7001/@fs/Users/alphie/Project%20Farmhouse/mercur/packages/vendor/dist/chunk-5IWBNPZX.js?t=1778623561357:0
[  168461ms] [ERROR] [hmr] Failed to reload /@fs/Users/alphie/Project Farmhouse/mercur/packages/vendor/dist/chunk-5IWBNPZX.js. This could be due to syntax errors or importing non-existent modules. (see errors above) @ http://localhost:7001/@vite/client:175
[  168462ms] [ERROR] Failed to load resource: the server responded with a status of 404 (Not Found) @ http://localhost:7001/@fs/Users/alphie/Project%20Farmhouse/mercur/packages/vendor/dist/chunk-5LKZCG77.js?t=1778623561358:0
[  168462ms] [ERROR] [hmr] Failed to reload /@fs/Users/alphie/Project Farmhouse/mercur/packages/vendor/dist/chunk-5LKZCG77.js. This could be due to syntax errors or importing non-existent modules. (see errors above) @ http://localhost:7001/@vite/client:175
[  168486ms] [ERROR] Failed to load resource: the server responded with a status of 404 (Not Found) @ http://localhost:7001/@fs/Users/alphie/Project%20Farmhouse/mercur/packages/vendor/dist/chunk-6WY5X4PE.js?t=1778623561358:0
[  168487ms] [ERROR] [hmr] Failed to reload /@fs/Users/alphie/Project Farmhouse/mercur/packages/vendor/dist/chunk-6WY5X4PE.js. This could be due to syntax errors or importing non-existent modules. (see errors above) @ http://localhost:7001/@vite/client:175
[  168487ms] [ERROR] Failed to load resource: the server responded with a status of 404 (Not Found) @ http://localhost:7001/@fs/Users/alphie/Project%20Farmhouse/mercur/packages/vendor/dist/chunk-7AV5EJJ5.js?t=1778623561361:0
[  168487ms] [ERROR] Failed to load resource: the server responded with a status of 404 (Not Found) @ http://localhost:7001/@fs/Users/alphie/Project%20Farmhouse/mercur/packages/vendor/dist/chunk-7TIZP4YG.js?t=1778623561361:0
[  168487ms] [ERROR] [hmr] Failed to reload /@fs/Users/alphie/Project Farmhouse/mercur/packages/vendor/dist/chunk-7AV5EJJ5.js. This could be due to syntax errors or importing non-existent modules. (see errors above) @ http://localhost:7001/@vite/client:175
[  168487ms] [ERROR] [hmr] Failed to reload /@fs/Users/alphie/Project Farmhouse/mercur/packages/vendor/dist/chunk-7TIZP4YG.js. This could be due to syntax errors or importing non-existent modules. (see errors above) @ http://localhost:7001/@vite/client:175
[  168489ms] [ERROR] Failed to load resource: the server responded with a status of 404 (Not Found) @ http://localhost:7001/@fs/Users/alphie/Project%20Farmhouse/mercur/packages/vendor/dist/chunk-A4LYFHPW.js?t=1778623561363:0
[  168489ms] [ERROR] [hmr] Failed to reload /@fs/Users/alphie/Project Farmhouse/mercur/packages/vendor/dist/chunk-A4LYFHPW.js. This could be due to syntax errors or importing non-existent modules. (see errors above) @ http://localhost:7001/@vite/client:175
[  168490ms] [ERROR] Failed to load resource: the server responded with a status of 404 (Not Found) @ http://localhost:7001/@fs/Users/alphie/Project%20Farmhouse/mercur/packages/vendor/dist/chunk-AW4WN2EK.js?t=1778623561365:0
[  168491ms] [ERROR] [hmr] Failed to reload /@fs/Users/alphie/Project Farmhouse/mercur/packages/vendor/dist/chunk-AW4WN2EK.js. This could be due to syntax errors or importing non-existent modules. (see errors above) @ http://localhost:7001/@vite/client:175
[  168493ms] [ERROR] Failed to load resource: the server responded with a status of 404 (Not Found) @ http://localhost:7001/@fs/Users/alphie/Project%20Farmhouse/mercur/packages/vendor/dist/index.js?t=1778623561364:0
[  168493ms] [ERROR] [hmr] Failed to reload /@fs/Users/alphie/Project Farmhouse/mercur/packages/vendor/dist/index.js. This could be due to syntax errors or importing non-existent modules. (see errors above) @ http://localhost:7001/@vite/client:175
[  168493ms] [ERROR] Failed to load resource: the server responded with a status of 404 (Not Found) @ http://localhost:7001/@fs/Users/alphie/Project%20Farmhouse/mercur/packages/vendor/dist/chunk-AIRJ4WZG.js?t=1778623561365:0
[  168494ms] [ERROR] [hmr] Failed to reload /@fs/Users/alphie/Project Farmhouse/mercur/packages/vendor/dist/chunk-AIRJ4WZG.js. This could be due to syntax errors or importing non-existent modules. (see errors above) @ http://localhost:7001/@vite/client:175
[  168555ms] [ERROR] Failed to load resource: the server responded with a status of 404 (Not Found) @ http://localhost:7001/@fs/Users/alphie/Project%20Farmhouse/mercur/packages/vendor/dist/index.css?t=1778623561451:0
[  168556ms] [ERROR] Failed to load resource: the server responded with a status of 404 (Not Found) @ http://localhost:7001/@fs/Users/alphie/Project%20Farmhouse/mercur/packages/vendor/dist/index.js?t=1778623561452:0
[  172737ms] [INFO] %cDownload the React DevTools for a better development experience: https://reactjs.org/link/react-devtools font-weight:bold @ http://localhost:7001/node_modules/.vite/deps/chunk-P6YNEX7I.js?v=09f6123d:21550
[  172804ms] [LOG] i18next: languageChanged en @ http://localhost:7001/node_modules/.vite/deps/i18next.js?v=09f6123d:15
[  172804ms] [LOG] i18next: initialized {debug: true, initImmediate: true, ns: Array(1), defaultNS: Array(1), fallbackLng: Array(1)} @ http://localhost:7001/node_modules/.vite/deps/i18next.js?v=09f6123d:15
[  172809ms] [WARNING] ⚠️ React Router Future Flag Warning: React Router will begin wrapping state updates in `React.startTransition` in v7. You can use the `v7_startTransition` future flag to opt-in early. For more information, see https://reactrouter.com/v6/upgrading/future#v7_starttransition. @ http://localhost:7001/node_modules/.vite/deps/react-router-dom.js?v=09f6123d:4435
[  172929ms] [VERBOSE] [DOM] Input elements should have autocomplete attributes (suggested: "current-password"): (More info: https://goo.gl/9p2vKq) %o @ http://localhost:7001/login:0
[  237089ms] [ERROR] Failed to load resource: the server responded with a status of 404 (Not Found) @ http://localhost:7001/@fs/Users/alphie/Project%20Farmhouse/mercur/packages/vendor/dist/chunk-2SLAVXFY.js?t=1778623630060:0
[  237089ms] [ERROR] [hmr] Failed to reload /@fs/Users/alphie/Project Farmhouse/mercur/packages/vendor/dist/chunk-2SLAVXFY.js. This could be due to syntax errors or importing non-existent modules. (see errors above) @ http://localhost:7001/@vite/client:175
[  237091ms] [ERROR] Failed to load resource: the server responded with a status of 404 (Not Found) @ http://localhost:7001/@fs/Users/alphie/Project%20Farmhouse/mercur/packages/vendor/dist/chunk-RLETOWCM.js?t=1778623630058:0
[  237091ms] [ERROR] [hmr] Failed to reload /@fs/Users/alphie/Project Farmhouse/mercur/packages/vendor/dist/chunk-RLETOWCM.js. This could be due to syntax errors or importing non-existent modules. (see errors above) @ http://localhost:7001/@vite/client:175
[  237098ms] [ERROR] Failed to load resource: the server responded with a status of 404 (Not Found) @ http://localhost:7001/@fs/Users/alphie/Project%20Farmhouse/mercur/packages/vendor/dist/chunk-FEUCCLKR.js?t=1778623630060:0
[  237098ms] [ERROR] [hmr] Failed to reload /@fs/Users/alphie/Project Farmhouse/mercur/packages/vendor/dist/chunk-FEUCCLKR.js. This could be due to syntax errors or importing non-existent modules. (see errors above) @ http://localhost:7001/@vite/client:175
[  237100ms] [ERROR] Failed to load resource: the server responded with a status of 404 (Not Found) @ http://localhost:7001/@fs/Users/alphie/Project%20Farmhouse/mercur/packages/vendor/dist/chunk-A4LYFHPW.js?t=1778623630058:0
[  237100ms] [ERROR] [hmr] Failed to reload /@fs/Users/alphie/Project Farmhouse/mercur/packages/vendor/dist/chunk-A4LYFHPW.js. This could be due to syntax errors or importing non-existent modules. (see errors above) @ http://localhost:7001/@vite/client:175
[  237101ms] [ERROR] Failed to load resource: the server responded with a status of 404 (Not Found) @ http://localhost:7001/@fs/Users/alphie/Project%20Farmhouse/mercur/packages/vendor/dist/chunk-WQX4ASK4.js?t=1778623630058:0
[  237101ms] [ERROR] [hmr] Failed to reload /@fs/Users/alphie/Project Farmhouse/mercur/packages/vendor/dist/chunk-WQX4ASK4.js. This could be due to syntax errors or importing non-existent modules. (see errors above) @ http://localhost:7001/@vite/client:175
[  237102ms] [ERROR] Failed to load resource: the server responded with a status of 404 (Not Found) @ http://localhost:7001/@fs/Users/alphie/Project%20Farmhouse/mercur/packages/vendor/dist/chunk-FEUCCLKR.js?t=1778623630058:0
[  237102ms] [ERROR] [hmr] Failed to reload /@fs/Users/alphie/Project Farmhouse/mercur/packages/vendor/dist/chunk-FEUCCLKR.js. This could be due to syntax errors or importing non-existent modules. (see errors above) @ http://localhost:7001/@vite/client:175
[  237108ms] [ERROR] Failed to load resource: the server responded with a status of 404 (Not Found) @ http://localhost:7001/@fs/Users/alphie/Project%20Farmhouse/mercur/packages/vendor/dist/index.js?t=1778623630060:0
[  237108ms] [ERROR] [hmr] Failed to reload /@fs/Users/alphie/Project Farmhouse/mercur/packages/vendor/dist/index.js. This could be due to syntax errors or importing non-existent modules. (see errors above) @ http://localhost:7001/@vite/client:175
[  237109ms] [ERROR] Failed to load resource: the server responded with a status of 404 (Not Found) @ http://localhost:7001/@fs/Users/alphie/Project%20Farmhouse/mercur/packages/vendor/dist/chunk-NCABGI3E.js?t=1778623630060:0
[  237109ms] [ERROR] [hmr] Failed to reload /@fs/Users/alphie/Project Farmhouse/mercur/packages/vendor/dist/chunk-NCABGI3E.js. This could be due to syntax errors or importing non-existent modules. (see errors above) @ http://localhost:7001/@vite/client:175
[  237109ms] [ERROR] Failed to load resource: the server responded with a status of 404 (Not Found) @ http://localhost:7001/@fs/Users/alphie/Project%20Farmhouse/mercur/packages/vendor/dist/chunk-2POPPFAP.js?t=1778623630060:0
[  237109ms] [ERROR] [hmr] Failed to reload /@fs/Users/alphie/Project Farmhouse/mercur/packages/vendor/dist/chunk-2POPPFAP.js. This could be due to syntax errors or importing non-existent modules. (see errors above) @ http://localhost:7001/@vite/client:175
[  237112ms] [ERROR] Failed to load resource: the server responded with a status of 404 (Not Found) @ http://localhost:7001/@fs/Users/alphie/Project%20Farmhouse/mercur/packages/vendor/dist/chunk-AIRJ4WZG.js?t=1778623630060:0
[  237112ms] [ERROR] [hmr] Failed to reload /@fs/Users/alphie/Project Farmhouse/mercur/packages/vendor/dist/chunk-AIRJ4WZG.js. This could be due to syntax errors or importing non-existent modules. (see errors above) @ http://localhost:7001/@vite/client:175
[  237114ms] [ERROR] Failed to load resource: the server responded with a status of 404 (Not Found) @ http://localhost:7001/@fs/Users/alphie/Project%20Farmhouse/mercur/packages/vendor/dist/chunk-QBBBKJG4.js?t=1778623630060:0
[  237114ms] [ERROR] [hmr] Failed to reload /@fs/Users/alphie/Project Farmhouse/mercur/packages/vendor/dist/chunk-QBBBKJG4.js. This could be due to syntax errors or importing non-existent modules. (see errors above) @ http://localhost:7001/@vite/client:175
[  237230ms] [ERROR] Failed to load resource: the server responded with a status of 404 (Not Found) @ http://localhost:7001/@fs/Users/alphie/Project%20Farmhouse/mercur/packages/vendor/dist/index.js?t=1778623630220:0
[  237247ms] [ERROR] Failed to load resource: the server responded with a status of 404 (Not Found) @ http://localhost:7001/@fs/Users/alphie/Project%20Farmhouse/mercur/packages/vendor/dist/index.css?t=1778623630220:0
[  239676ms] [INFO] %cDownload the React DevTools for a better development experience: https://reactjs.org/link/react-devtools font-weight:bold @ http://localhost:7001/node_modules/.vite/deps/chunk-P6YNEX7I.js?v=09f6123d:21550
[  239740ms] [LOG] i18next: languageChanged en @ http://localhost:7001/node_modules/.vite/deps/i18next.js?v=09f6123d:15
[  239740ms] [LOG] i18next: initialized {debug: true, initImmediate: true, ns: Array(1), defaultNS: Array(1), fallbackLng: Array(1)} @ http://localhost:7001/node_modules/.vite/deps/i18next.js?v=09f6123d:15
[  239745ms] [WARNING] ⚠️ React Router Future Flag Warning: React Router will begin wrapping state updates in `React.startTransition` in v7. You can use the `v7_startTransition` future flag to opt-in early. For more information, see https://reactrouter.com/v6/upgrading/future#v7_starttransition. @ http://localhost:7001/node_modules/.vite/deps/react-router-dom.js?v=09f6123d:4435
[  239863ms] [VERBOSE] [DOM] Input elements should have autocomplete attributes (suggested: "current-password"): (More info: https://goo.gl/9p2vKq) %o @ http://localhost:7001/login:0
[  242291ms] [ERROR] Failed to load resource: the server responded with a status of 404 (Not Found) @ http://localhost:7001/@fs/Users/alphie/Project%20Farmhouse/mercur/packages/vendor/dist/chunk-A4LYFHPW.js?t=1778623635279:0
[  242291ms] [ERROR] Failed to load resource: the server responded with a status of 404 (Not Found) @ http://localhost:7001/@fs/Users/alphie/Project%20Farmhouse/mercur/packages/vendor/dist/chunk-2SLAVXFY.js?t=1778623635279:0
[  242292ms] [ERROR] [hmr] Failed to reload /@fs/Users/alphie/Project Farmhouse/mercur/packages/vendor/dist/chunk-A4LYFHPW.js. This could be due to syntax errors or importing non-existent modules. (see errors above) @ http://localhost:7001/@vite/client:175
[  242292ms] [ERROR] [hmr] Failed to reload /@fs/Users/alphie/Project Farmhouse/mercur/packages/vendor/dist/chunk-2SLAVXFY.js. This could be due to syntax errors or importing non-existent modules. (see errors above) @ http://localhost:7001/@vite/client:175
[  242292ms] [ERROR] Failed to load resource: the server responded with a status of 404 (Not Found) @ http://localhost:7001/@fs/Users/alphie/Project%20Farmhouse/mercur/packages/vendor/dist/chunk-FEUCCLKR.js?t=1778623635279:0
[  242292ms] [ERROR] [hmr] Failed to reload /@fs/Users/alphie/Project Farmhouse/mercur/packages/vendor/dist/chunk-FEUCCLKR.js. This could be due to syntax errors or importing non-existent modules. (see errors above) @ http://localhost:7001/@vite/client:175
[  242292ms] [ERROR] Failed to load resource: the server responded with a status of 404 (Not Found) @ http://localhost:7001/@fs/Users/alphie/Project%20Farmhouse/mercur/packages/vendor/dist/chunk-RLETOWCM.js?t=1778623635279:0
[  242292ms] [ERROR] [hmr] Failed to reload /@fs/Users/alphie/Project Farmhouse/mercur/packages/vendor/dist/chunk-RLETOWCM.js. This could be due to syntax errors or importing non-existent modules. (see errors above) @ http://localhost:7001/@vite/client:175
[  242303ms] [ERROR] Failed to load resource: the server responded with a status of 404 (Not Found) @ http://localhost:7001/@fs/Users/alphie/Project%20Farmhouse/mercur/packages/vendor/dist/chunk-WQX4ASK4.js?t=1778623635279:0
[  242303ms] [ERROR] [hmr] Failed to reload /@fs/Users/alphie/Project Farmhouse/mercur/packages/vendor/dist/chunk-WQX4ASK4.js. This could be due to syntax errors or importing non-existent modules. (see errors above) @ http://localhost:7001/@vite/client:175
[  242307ms] [ERROR] Failed to load resource: the server responded with a status of 404 (Not Found) @ http://localhost:7001/@fs/Users/alphie/Project%20Farmhouse/mercur/packages/vendor/dist/chunk-2POPPFAP.js?t=1778623635279:0
[  242307ms] [ERROR] [hmr] Failed to reload /@fs/Users/alphie/Project Farmhouse/mercur/packages/vendor/dist/chunk-2POPPFAP.js. This could be due to syntax errors or importing non-existent modules. (see errors above) @ http://localhost:7001/@vite/client:175
[  242335ms] [ERROR] Failed to load resource: the server responded with a status of 404 (Not Found) @ http://localhost:7001/@fs/Users/alphie/Project%20Farmhouse/mercur/packages/vendor/dist/chunk-FEUCCLKR.js?t=1778623635280:0
[  242335ms] [ERROR] [hmr] Failed to reload /@fs/Users/alphie/Project Farmhouse/mercur/packages/vendor/dist/chunk-FEUCCLKR.js. This could be due to syntax errors or importing non-existent modules. (see errors above) @ http://localhost:7001/@vite/client:175
[  242335ms] [ERROR] Failed to load resource: the server responded with a status of 404 (Not Found) @ http://localhost:7001/@fs/Users/alphie/Project%20Farmhouse/mercur/packages/vendor/dist/index.js?t=1778623635281:0
[  242335ms] [ERROR] [hmr] Failed to reload /@fs/Users/alphie/Project Farmhouse/mercur/packages/vendor/dist/index.js. This could be due to syntax errors or importing non-existent modules. (see errors above) @ http://localhost:7001/@vite/client:175
[  242335ms] [ERROR] Failed to load resource: the server responded with a status of 404 (Not Found) @ http://localhost:7001/@fs/Users/alphie/Project%20Farmhouse/mercur/packages/vendor/dist/chunk-NCABGI3E.js?t=1778623635281:0
[  242335ms] [ERROR] [hmr] Failed to reload /@fs/Users/alphie/Project Farmhouse/mercur/packages/vendor/dist/chunk-NCABGI3E.js. This could be due to syntax errors or importing non-existent modules. (see errors above) @ http://localhost:7001/@vite/client:175
[  242335ms] [ERROR] Failed to load resource: the server responded with a status of 404 (Not Found) @ http://localhost:7001/@fs/Users/alphie/Project%20Farmhouse/mercur/packages/vendor/dist/chunk-AIRJ4WZG.js?t=1778623635281:0
[  242335ms] [ERROR] [hmr] Failed to reload /@fs/Users/alphie/Project Farmhouse/mercur/packages/vendor/dist/chunk-AIRJ4WZG.js. This could be due to syntax errors or importing non-existent modules. (see errors above) @ http://localhost:7001/@vite/client:175
[  242345ms] [ERROR] Failed to load resource: the server responded with a status of 404 (Not Found) @ http://localhost:7001/@fs/Users/alphie/Project%20Farmhouse/mercur/packages/vendor/dist/chunk-QBBBKJG4.js?t=1778623635281:0
[  242345ms] [ERROR] [hmr] Failed to reload /@fs/Users/alphie/Project Farmhouse/mercur/packages/vendor/dist/chunk-QBBBKJG4.js. This could be due to syntax errors or importing non-existent modules. (see errors above) @ http://localhost:7001/@vite/client:175
[  242345ms] [ERROR] Failed to load resource: the server responded with a status of 404 (Not Found) @ http://localhost:7001/@fs/Users/alphie/Project%20Farmhouse/mercur/packages/vendor/dist/chunk-3BZBEC3Y.js?t=1778623635281:0
[  242345ms] [ERROR] [hmr] Failed to reload /@fs/Users/alphie/Project Farmhouse/mercur/packages/vendor/dist/chunk-3BZBEC3Y.js. This could be due to syntax errors or importing non-existent modules. (see errors above) @ http://localhost:7001/@vite/client:175
[  242345ms] [ERROR] Failed to load resource: the server responded with a status of 404 (Not Found) @ http://localhost:7001/@fs/Users/alphie/Project%20Farmhouse/mercur/packages/vendor/dist/chunk-3CK6OINO.js?t=1778623635281:0
[  242346ms] [ERROR] [hmr] Failed to reload /@fs/Users/alphie/Project Farmhouse/mercur/packages/vendor/dist/chunk-3CK6OINO.js. This could be due to syntax errors or importing non-existent modules. (see errors above) @ http://localhost:7001/@vite/client:175
[  242346ms] [ERROR] Failed to load resource: the server responded with a status of 404 (Not Found) @ http://localhost:7001/@fs/Users/alphie/Project%20Farmhouse/mercur/packages/vendor/dist/chunk-3EF54XFY.js?t=1778623635282:0
[  242346ms] [ERROR] [hmr] Failed to reload /@fs/Users/alphie/Project Farmhouse/mercur/packages/vendor/dist/chunk-3EF54XFY.js. This could be due to syntax errors or importing non-existent modules. (see errors above) @ http://localhost:7001/@vite/client:175
[  242346ms] [ERROR] Failed to load resource: the server responded with a status of 404 (Not Found) @ http://localhost:7001/@fs/Users/alphie/Project%20Farmhouse/mercur/packages/vendor/dist/chunk-3QSRE5LS.js?t=1778623635284:0
[  242346ms] [ERROR] [hmr] Failed to reload /@fs/Users/alphie/Project Farmhouse/mercur/packages/vendor/dist/chunk-3QSRE5LS.js. This could be due to syntax errors or importing non-existent modules. (see errors above) @ http://localhost:7001/@vite/client:175
[  242409ms] [ERROR] Failed to load resource: the server responded with a status of 404 (Not Found) @ http://localhost:7001/@fs/Users/alphie/Project%20Farmhouse/mercur/packages/vendor/dist/chunk-AIRJ4WZG.js?t=1778623635284:0
[  242409ms] [ERROR] Failed to load resource: the server responded with a status of 404 (Not Found) @ http://localhost:7001/@fs/Users/alphie/Project%20Farmhouse/mercur/packages/vendor/dist/index.js?t=1778623635285:0
[  242409ms] [ERROR] [hmr] Failed to reload /@fs/Users/alphie/Project Farmhouse/mercur/packages/vendor/dist/chunk-AIRJ4WZG.js. This could be due to syntax errors or importing non-existent modules. (see errors above) @ http://localhost:7001/@vite/client:175
[  242409ms] [ERROR] [hmr] Failed to reload /@fs/Users/alphie/Project Farmhouse/mercur/packages/vendor/dist/index.js. This could be due to syntax errors or importing non-existent modules. (see errors above) @ http://localhost:7001/@vite/client:175
[  242417ms] [ERROR] Failed to load resource: the server responded with a status of 404 (Not Found) @ http://localhost:7001/@fs/Users/alphie/Project%20Farmhouse/mercur/packages/vendor/dist/chunk-A4LYFHPW.js?t=1778623635285:0
[  242417ms] [ERROR] [hmr] Failed to reload /@fs/Users/alphie/Project Farmhouse/mercur/packages/vendor/dist/chunk-A4LYFHPW.js. This could be due to syntax errors or importing non-existent modules. (see errors above) @ http://localhost:7001/@vite/client:175
[  242419ms] [ERROR] Failed to load resource: the server responded with a status of 404 (Not Found) @ http://localhost:7001/@fs/Users/alphie/Project%20Farmhouse/mercur/packages/vendor/dist/chunk-NCABGI3E.js?t=1778623635286:0
[  242419ms] [ERROR] [hmr] Failed to reload /@fs/Users/alphie/Project Farmhouse/mercur/packages/vendor/dist/chunk-NCABGI3E.js. This could be due to syntax errors or importing non-existent modules. (see errors above) @ http://localhost:7001/@vite/client:175
[  242419ms] [ERROR] Failed to load resource: the server responded with a status of 404 (Not Found) @ http://localhost:7001/@fs/Users/alphie/Project%20Farmhouse/mercur/packages/vendor/dist/chunk-4F5GP7J7.js?t=1778623635288:0
[  242419ms] [ERROR] [hmr] Failed to reload /@fs/Users/alphie/Project Farmhouse/mercur/packages/vendor/dist/chunk-4F5GP7J7.js. This could be due to syntax errors or importing non-existent modules. (see errors above) @ http://localhost:7001/@vite/client:175
[  242425ms] [ERROR] Failed to load resource: the server responded with a status of 404 (Not Found) @ http://localhost:7001/@fs/Users/alphie/Project%20Farmhouse/mercur/packages/vendor/dist/chunk-4GPAS5GW.js?t=1778623635289:0
[  242425ms] [ERROR] [hmr] Failed to reload /@fs/Users/alphie/Project Farmhouse/mercur/packages/vendor/dist/chunk-4GPAS5GW.js. This could be due to syntax errors or importing non-existent modules. (see errors above) @ http://localhost:7001/@vite/client:175
[  242425ms] [ERROR] Failed to load resource: the server responded with a status of 404 (Not Found) @ http://localhost:7001/@fs/Users/alphie/Project%20Farmhouse/mercur/packages/vendor/dist/chunk-AIRJ4WZG.js?t=1778623635289:0
[  242425ms] [ERROR] [hmr] Failed to reload /@fs/Users/alphie/Project Farmhouse/mercur/packages/vendor/dist/chunk-AIRJ4WZG.js. This could be due to syntax errors or importing non-existent modules. (see errors above) @ http://localhost:7001/@vite/client:175
[  242435ms] [ERROR] Failed to load resource: the server responded with a status of 404 (Not Found) @ http://localhost:7001/@fs/Users/alphie/Project%20Farmhouse/mercur/packages/vendor/dist/chunk-5LKZCG77.js?t=1778623635292:0
[  242435ms] [ERROR] [hmr] Failed to reload /@fs/Users/alphie/Project Farmhouse/mercur/packages/vendor/dist/chunk-5LKZCG77.js. This could be due to syntax errors or importing non-existent modules. (see errors above) @ http://localhost:7001/@vite/client:175
[  242437ms] [ERROR] Failed to load resource: the server responded with a status of 404 (Not Found) @ http://localhost:7001/@fs/Users/alphie/Project%20Farmhouse/mercur/packages/vendor/dist/chunk-5BONGICL.js?t=1778623635290:0
[  242437ms] [ERROR] [hmr] Failed to reload /@fs/Users/alphie/Project Farmhouse/mercur/packages/vendor/dist/chunk-5BONGICL.js. This could be due to syntax errors or importing non-existent modules. (see errors above) @ http://localhost:7001/@vite/client:175
[  242440ms] [ERROR] Failed to load resource: the server responded with a status of 404 (Not Found) @ http://localhost:7001/@fs/Users/alphie/Project%20Farmhouse/mercur/packages/vendor/dist/chunk-5IWBNPZX.js?t=1778623635291:0
[  242441ms] [ERROR] [hmr] Failed to reload /@fs/Users/alphie/Project Farmhouse/mercur/packages/vendor/dist/chunk-5IWBNPZX.js. This could be due to syntax errors or importing non-existent modules. (see errors above) @ http://localhost:7001/@vite/client:175
[  242482ms] [ERROR] Failed to load resource: the server responded with a status of 404 (Not Found) @ http://localhost:7001/@fs/Users/alphie/Project%20Farmhouse/mercur/packages/vendor/dist/chunk-6WY5X4PE.js?t=1778623635293:0
[  242482ms] [ERROR] [hmr] Failed to reload /@fs/Users/alphie/Project Farmhouse/mercur/packages/vendor/dist/chunk-6WY5X4PE.js. This could be due to syntax errors or importing non-existent modules. (see errors above) @ http://localhost:7001/@vite/client:175
[  242482ms] [ERROR] Failed to load resource: the server responded with a status of 404 (Not Found) @ http://localhost:7001/@fs/Users/alphie/Project%20Farmhouse/mercur/packages/vendor/dist/chunk-7TIZP4YG.js?t=1778623635294:0
[  242482ms] [ERROR] [hmr] Failed to reload /@fs/Users/alphie/Project Farmhouse/mercur/packages/vendor/dist/chunk-7TIZP4YG.js. This could be due to syntax errors or importing non-existent modules. (see errors above) @ http://localhost:7001/@vite/client:175
[  242484ms] [ERROR] Failed to load resource: the server responded with a status of 404 (Not Found) @ http://localhost:7001/@fs/Users/alphie/Project%20Farmhouse/mercur/packages/vendor/dist/chunk-NCABGI3E.js?t=1778623635293:0
[  242484ms] [ERROR] [hmr] Failed to reload /@fs/Users/alphie/Project Farmhouse/mercur/packages/vendor/dist/chunk-NCABGI3E.js. This could be due to syntax errors or importing non-existent modules. (see errors above) @ http://localhost:7001/@vite/client:175
[  242545ms] [ERROR] Failed to load resource: the server responded with a status of 404 (Not Found) @ http://localhost:7001/@fs/Users/alphie/Project%20Farmhouse/mercur/packages/vendor/dist/index.css?t=1778623635424:0
[  242545ms] [ERROR] Failed to load resource: the server responded with a status of 404 (Not Found) @ http://localhost:7001/@fs/Users/alphie/Project%20Farmhouse/mercur/packages/vendor/dist/index.js?t=1778623635424:0
[  243808ms] [ERROR] Failed to load resource: the server responded with a status of 500 (Internal Server Error) @ http://localhost:7001/@fs/Users/alphie/Project%20Farmhouse/mercur/packages/vendor/dist/index.js?t=1778623636463:0
[  247525ms] [ERROR] Failed to load resource: the server responded with a status of 404 (Not Found) @ http://localhost:7001/@fs/Users/alphie/Project%20Farmhouse/mercur/packages/vendor/dist/index.css?t=1778623640475:0
[  247525ms] [ERROR] Failed to load resource: the server responded with a status of 404 (Not Found) @ http://localhost:7001/@fs/Users/alphie/Project%20Farmhouse/mercur/packages/vendor/dist/index.js?t=1778623640477:0
[  251781ms] [INFO] %cDownload the React DevTools for a better development experience: https://reactjs.org/link/react-devtools font-weight:bold @ http://localhost:7001/node_modules/.vite/deps/chunk-P6YNEX7I.js?v=09f6123d:21550
[  251861ms] [LOG] i18next: languageChanged en @ http://localhost:7001/node_modules/.vite/deps/i18next.js?v=09f6123d:15
[  251861ms] [LOG] i18next: initialized {debug: true, initImmediate: true, ns: Array(1), defaultNS: Array(1), fallbackLng: Array(1)} @ http://localhost:7001/node_modules/.vite/deps/i18next.js?v=09f6123d:15
[  251869ms] [WARNING] ⚠️ React Router Future Flag Warning: React Router will begin wrapping state updates in `React.startTransition` in v7. You can use the `v7_startTransition` future flag to opt-in early. For more information, see https://reactrouter.com/v6/upgrading/future#v7_starttransition. @ http://localhost:7001/node_modules/.vite/deps/react-router-dom.js?v=09f6123d:4435
[  252008ms] [VERBOSE] [DOM] Input elements should have autocomplete attributes (suggested: "current-password"): (More info: https://goo.gl/9p2vKq) %o @ http://localhost:7001/login:0
