[     153ms] [LOG] [Fast Refresh] rebuilding @ https://us-assets.i.posthog.com/static/posthog-recorder.js?v=1.372.10:0
[     295ms] [LOG] [Fast Refresh] done in 243ms @ https://us-assets.i.posthog.com/static/posthog-recorder.js?v=1.372.10:0
[     964ms] [LOG] [PostHog.js] send "$pageleave" {uuid: 019e1c7e-84a4-7130-b9e9-9c369b905a9a, event: $pageleave, properties: Object, timestamp: Tue May 12 2026 15:01:54 GMT+0100 (British Summer Time)} @ http://localhost:3001/_next/static/chunks/b3626_posthog-js_dist_module_c967c4c2.js:1019
[    1055ms] [LOG] [PostHog.js] set_config {config: Object, oldConfig: Object, newConfig: Object} @ http://localhost:3001/_next/static/chunks/b3626_posthog-js_dist_module_c967c4c2.js:1019
[    1056ms] [LOG] [PostHog.js] Persistence loaded localStorage+cookie {$device_id: 019e196c-377b-76e9-9751-6dc0354f6ca7, distinct_id: 019e196c-377b-76e9-9751-6dc0354f6ca7, $sesid: Array(3), $epp: true, $initial_person_info: Object} @ http://localhost:3001/_next/static/chunks/b3626_posthog-js_dist_module_c967c4c2.js:1019
[    1057ms] [LOG] [PostHog.js] Persistence loaded sessionStorage {$sdk_debug_extensions_init_method: synchronous, $sdk_debug_extensions_init_time_ms: 2, $referrer: $direct, $referring_domain: $direct, $sdk_debug_replay_remote_trigger_matching_config: null} @ http://localhost:3001/_next/static/chunks/b3626_posthog-js_dist_module_c967c4c2.js:1019
[    1057ms] [LOG] [PostHog.js] Initializing extensions synchronously @ http://localhost:3001/_next/static/chunks/b3626_posthog-js_dist_module_c967c4c2.js:1019
[    1057ms] [LOG] [PostHog.js] [Web Vitals] enabled, starting... @ http://localhost:3001/_next/static/chunks/b3626_posthog-js_dist_module_c967c4c2.js:1019
[    1058ms] [LOG] [PostHog.js] [ExceptionAutocapture] enabled @ http://localhost:3001/_next/static/chunks/b3626_posthog-js_dist_module_c967c4c2.js:1019
[    1058ms] [LOG] [PostHog.js] History API monitoring enabled, starting... @ http://localhost:3001/_next/static/chunks/b3626_posthog-js_dist_module_c967c4c2.js:1019
[    1058ms] [LOG] [PostHog.js] [SessionRecording] starting @ http://localhost:3001/_next/static/chunks/b3626_posthog-js_dist_module_c967c4c2.js:1019
[    1058ms] [LOG] [PostHog.js] [Heatmaps] starting... @ http://localhost:3001/_next/static/chunks/b3626_posthog-js_dist_module_c967c4c2.js:1019
[    1059ms] [LOG] [PostHog.js] Starting in debug mode {this: qn, config: Object, thisC: Object, p: Object, s: Object} @ http://localhost:3001/_next/static/chunks/b3626_posthog-js_dist_module_c967c4c2.js:1019
[    1061ms] [LOG] [PostHog.js] send "$set" {uuid: 019e1c7e-8504-77c7-abee-66b7c0e72220, event: $set, properties: Object, $set_once: Object, timestamp: Tue May 12 2026 15:01:54 GMT+0100 (British Summer Time)} @ http://localhost:3001/_next/static/chunks/b3626_posthog-js_dist_module_c967c4c2.js:1019
[    1063ms] [INFO] %cDownload the React DevTools for a better development experience: https://react.dev/link/react-devtools font-weight:bold @ http://localhost:3001/_next/static/chunks/8f4ea_next_dist_compiled_react-dom_17a4e3b3._.js:14537
[    1080ms] [LOG] [PostHog.js] send "$pageview" {uuid: 019e1c7e-8517-7c7b-9cdb-f3f2a399078e, event: $pageview, properties: Object, timestamp: Tue May 12 2026 15:01:54 GMT+0100 (British Summer Time)} @ http://localhost:3001/_next/static/chunks/b3626_posthog-js_dist_module_c967c4c2.js:1019
[    1209ms] [ERROR] Failed to load resource: the server responded with a status of 404 (Not Found) @ http://localhost:3001/_next/image?url=https%3A%2F%2Fimages.unsplash.com%2Fphoto-1540420773420-bd3362c9d999%3Fw%3D400%26h%3D400%26fit%3Dcrop%26q%3D80&w=256&q=75:0
[    1214ms] [ERROR] Failed to load resource: the server responded with a status of 404 (Not Found) @ http://localhost:3001/_next/image?url=https%3A%2F%2Fimages.unsplash.com%2Fphoto-1604503468506-a399da69a440%3Fw%3D400%26h%3D400%26fit%3Dcrop%26q%3D80&w=256&q=75:0
[    1357ms] [WARNING] Image with src "/images/hero/Image.jpg" is using quality "50" which is not configured in images.qualities. This config will be required starting in Next.js 16.
Read more: https://nextjs.org/docs/messages/next-image-unconfigured-qualities @ http://localhost:3001/_next/static/chunks/8f4ea_next_dist_e552cdb3._.js:968
[    1427ms] [LOG] [PostHog.js] [Dead Clicks] starting... @ http://localhost:3001/_next/static/chunks/b3626_posthog-js_dist_module_c967c4c2.js:1019
[    1433ms] [LOG] [PostHog.js] Persistence loaded sessionStorage {$sdk_debug_extensions_init_method: synchronous, $sdk_debug_extensions_init_time_ms: 2, $referrer: $direct, $referring_domain: $direct, $sdk_debug_replay_remote_trigger_matching_config: null} @ http://localhost:3001/_next/static/chunks/b3626_posthog-js_dist_module_c967c4c2.js:1019
[    1433ms] [LOG] [PostHog.js] set_config {config: Object, oldConfig: Object, newConfig: Object} @ http://localhost:3001/_next/static/chunks/b3626_posthog-js_dist_module_c967c4c2.js:1019
[    1434ms] [LOG] [PostHog.js] [ExceptionAutocapture] enabled @ http://localhost:3001/_next/static/chunks/b3626_posthog-js_dist_module_c967c4c2.js:1019
[    1434ms] [LOG] [PostHog.js] [Surveys] flags response received, isSurveysEnabled: false @ http://localhost:3001/_next/static/chunks/b3626_posthog-js_dist_module_c967c4c2.js:1019
[    1434ms] [LOG] [PostHog.js] [ExceptionAutocapture] enabled @ http://localhost:3001/_next/static/chunks/b3626_posthog-js_dist_module_c967c4c2.js:1019
[    1438ms] [LOG] [PostHog.js] [Surveys] Surveys loaded successfully @ http://localhost:3001/_next/static/chunks/b3626_posthog-js_dist_module_c967c4c2.js:1019
[    6397ms] [LOG] [PostHog.js] send "$web_vitals" {uuid: 019e1c7e-99dc-7cd6-905a-cc27ec0cd993, event: $web_vitals, properties: Object, timestamp: Tue May 12 2026 15:01:59 GMT+0100 (British Summer Time)} @ http://localhost:3001/_next/static/chunks/b3626_posthog-js_dist_module_c967c4c2.js:1019
[    7176ms] [WARNING] The resource http://localhost:3001/images/hero/Image.jpg was preloaded using link preload but not used within a few seconds from the window's load event. Please make sure it has an appropriate `as` value and it is preloaded intentionally. @ http://localhost:3001/ke:0
[   12534ms] [WARNING] The resource http://localhost:3001/images/hero/Image.jpg was preloaded using link preload but not used within a few seconds from the window's load event. Please make sure it has an appropriate `as` value and it is preloaded intentionally. @ http://localhost:3001/ke:0
[   14924ms] [LOG] [PostHog.js] send "$autocapture" {uuid: 019e1c7e-bb2c-7e12-b69e-6d4de9d7d178, event: $autocapture, properties: Object, timestamp: Tue May 12 2026 15:02:08 GMT+0100 (British Summer Time)} @ http://localhost:3001/_next/static/chunks/b3626_posthog-js_dist_module_c967c4c2.js:1019
[   16061ms] [LOG] [PostHog.js] send "$$heatmap" {uuid: 019e1c7e-bf9d-74e0-a046-57a1a062a5fe, event: $$heatmap, properties: Object, timestamp: Tue May 12 2026 15:02:09 GMT+0100 (British Summer Time)} @ http://localhost:3001/_next/static/chunks/b3626_posthog-js_dist_module_c967c4c2.js:1019
[   16923ms] [LOG] [PostHog.js] send "$snapshot" {uuid: 019e1c7e-c2fb-7cbd-aa39-59031d750973, event: $snapshot, properties: Object, timestamp: Tue May 12 2026 15:02:10 GMT+0100 (British Summer Time)} @ http://localhost:3001/_next/static/chunks/b3626_posthog-js_dist_module_c967c4c2.js:1019
[   19954ms] [LOG] [PostHog.js] send "$web_vitals" {uuid: 019e1c7e-ced2-766b-b956-47684c2d8c0e, event: $web_vitals, properties: Object, timestamp: Tue May 12 2026 15:02:13 GMT+0100 (British Summer Time)} @ http://localhost:3001/_next/static/chunks/b3626_posthog-js_dist_module_c967c4c2.js:1019
[   21725ms] [WARNING] The resource http://localhost:3001/images/hero/Image.jpg was preloaded using link preload but not used within a few seconds from the window's load event. Please make sure it has an appropriate `as` value and it is preloaded intentionally. @ http://localhost:3001/ke:0
[   26069ms] [WARNING] The resource http://localhost:3001/images/hero/Image.jpg was preloaded using link preload but not used within a few seconds from the window's load event. Please make sure it has an appropriate `as` value and it is preloaded intentionally. @ http://localhost:3001/ke:0
[   33040ms] [LOG] [PostHog.js] send "$snapshot" {uuid: 019e1c7f-01f0-7238-a281-0d013f4cdfb3, event: $snapshot, properties: Object, timestamp: Tue May 12 2026 15:02:26 GMT+0100 (British Summer Time)} @ http://localhost:3001/_next/static/chunks/b3626_posthog-js_dist_module_c967c4c2.js:1019
[   39974ms] [WARNING] The resource http://localhost:3001/images/hero/Image.jpg was preloaded using link preload but not used within a few seconds from the window's load event. Please make sure it has an appropriate `as` value and it is preloaded intentionally. @ http://localhost:3001/ke:0
[   65151ms] [LOG] [PostHog.js] send "$snapshot" {uuid: 019e1c7f-7f5f-74b2-a0ea-626807bcfe22, event: $snapshot, properties: Object, timestamp: Tue May 12 2026 15:02:58 GMT+0100 (British Summer Time)} @ http://localhost:3001/_next/static/chunks/b3626_posthog-js_dist_module_c967c4c2.js:1019
[   71581ms] [WARNING] The resource http://localhost:3001/images/hero/Image.jpg was preloaded using link preload but not used within a few seconds from the window's load event. Please make sure it has an appropriate `as` value and it is preloaded intentionally. @ http://localhost:3001/ke:0
[  138155ms] [LOG] [Fast Refresh] rebuilding @ https://us-assets.i.posthog.com/static/posthog-recorder.js?v=1.372.10:0
[  138205ms] [LOG] [Fast Refresh] done in 123ms @ https://us-assets.i.posthog.com/static/posthog-recorder.js?v=1.372.10:0
[  140056ms] [LOG] [PostHog.js] send "$snapshot" {uuid: 019e1c80-a3f9-7d23-a721-79792fa9deb5, event: $snapshot, properties: Object, timestamp: Tue May 12 2026 15:04:13 GMT+0100 (British Summer Time)} @ http://localhost:3001/_next/static/chunks/b3626_posthog-js_dist_module_c967c4c2.js:1019
[  146580ms] [WARNING] The resource http://localhost:3001/images/hero/Image.jpg was preloaded using link preload but not used within a few seconds from the window's load event. Please make sure it has an appropriate `as` value and it is preloaded intentionally. @ http://localhost:3001/ke:0
[  180637ms] [LOG] [PostHog.js] send "$snapshot" {uuid: 019e1c81-427d-7a7c-9d26-97f394ccc7c4, event: $snapshot, properties: Object, timestamp: Tue May 12 2026 15:04:53 GMT+0100 (British Summer Time)} @ http://localhost:3001/_next/static/chunks/b3626_posthog-js_dist_module_c967c4c2.js:1019
[  181061ms] [LOG] [PostHog.js] send "$$heatmap" {uuid: 019e1c81-4425-73a2-89f7-8f4cd00a87dd, event: $$heatmap, properties: Object, timestamp: Tue May 12 2026 15:04:54 GMT+0100 (British Summer Time)} @ http://localhost:3001/_next/static/chunks/b3626_posthog-js_dist_module_c967c4c2.js:1019
[  183192ms] [LOG] [PostHog.js] send "$snapshot" {uuid: 019e1c81-4c78-764b-aef8-867908cc5f92, event: $snapshot, properties: Object, timestamp: Tue May 12 2026 15:04:56 GMT+0100 (British Summer Time)} @ http://localhost:3001/_next/static/chunks/b3626_posthog-js_dist_module_c967c4c2.js:1019
[  185586ms] [LOG] [PostHog.js] send "$snapshot" {uuid: 019e1c81-55d3-7f31-a014-4d88a410a8cd, event: $snapshot, properties: Object, timestamp: Tue May 12 2026 15:04:58 GMT+0100 (British Summer Time)} @ http://localhost:3001/_next/static/chunks/b3626_posthog-js_dist_module_c967c4c2.js:1019
[  187181ms] [WARNING] The resource http://localhost:3001/images/hero/Image.jpg was preloaded using link preload but not used within a few seconds from the window's load event. Please make sure it has an appropriate `as` value and it is preloaded intentionally. @ http://localhost:3001/ke:0
[  187711ms] [LOG] [PostHog.js] send "$snapshot" {uuid: 019e1c81-5e1f-7535-9532-d49f39d4be70, event: $snapshot, properties: Object, timestamp: Tue May 12 2026 15:05:00 GMT+0100 (British Summer Time)} @ http://localhost:3001/_next/static/chunks/b3626_posthog-js_dist_module_c967c4c2.js:1019
[  189715ms] [LOG] [PostHog.js] send "$snapshot" {uuid: 019e1c81-65f3-750b-94b3-f250159ee2a2, event: $snapshot, properties: Object, timestamp: Tue May 12 2026 15:05:02 GMT+0100 (British Summer Time)} @ http://localhost:3001/_next/static/chunks/b3626_posthog-js_dist_module_c967c4c2.js:1019
[  191061ms] [LOG] [PostHog.js] send "$$heatmap" {uuid: 019e1c81-6b35-7e92-9ffe-bd72cd021bc2, event: $$heatmap, properties: Object, timestamp: Tue May 12 2026 15:05:04 GMT+0100 (British Summer Time)} @ http://localhost:3001/_next/static/chunks/b3626_posthog-js_dist_module_c967c4c2.js:1019
[  192378ms] [WARNING] The resource http://localhost:3001/images/hero/Image.jpg was preloaded using link preload but not used within a few seconds from the window's load event. Please make sure it has an appropriate `as` value and it is preloaded intentionally. @ http://localhost:3001/ke:0
[  196061ms] [LOG] [PostHog.js] send "$$heatmap" {uuid: 019e1c81-7ebd-7981-bce5-845f34fbdffc, event: $$heatmap, properties: Object, timestamp: Tue May 12 2026 15:05:09 GMT+0100 (British Summer Time)} @ http://localhost:3001/_next/static/chunks/b3626_posthog-js_dist_module_c967c4c2.js:1019
[  196697ms] [WARNING] The resource http://localhost:3001/images/hero/Image.jpg was preloaded using link preload but not used within a few seconds from the window's load event. Please make sure it has an appropriate `as` value and it is preloaded intentionally. @ http://localhost:3001/ke:0
[  202179ms] [WARNING] The resource http://localhost:3001/images/hero/Image.jpg was preloaded using link preload but not used within a few seconds from the window's load event. Please make sure it has an appropriate `as` value and it is preloaded intentionally. @ http://localhost:3001/ke:0
[  213770ms] [LOG] [PostHog.js] send "$snapshot" {uuid: 019e1c81-c3ea-75da-958b-e8f72b08db9e, event: $snapshot, properties: Object, timestamp: Tue May 12 2026 15:05:26 GMT+0100 (British Summer Time)} @ http://localhost:3001/_next/static/chunks/b3626_posthog-js_dist_module_c967c4c2.js:1019
[  216061ms] [LOG] [PostHog.js] send "$$heatmap" {uuid: 019e1c81-ccdd-7584-9c26-983be6400530, event: $$heatmap, properties: Object, timestamp: Tue May 12 2026 15:05:29 GMT+0100 (British Summer Time)} @ http://localhost:3001/_next/static/chunks/b3626_posthog-js_dist_module_c967c4c2.js:1019
[  220387ms] [WARNING] The resource http://localhost:3001/images/hero/Image.jpg was preloaded using link preload but not used within a few seconds from the window's load event. Please make sure it has an appropriate `as` value and it is preloaded intentionally. @ http://localhost:3001/ke:0
[  303412ms] [LOG] [PostHog.js] send "$snapshot" {uuid: 019e1c83-2214-78d7-ac81-8f3dbea5a95f, event: $snapshot, properties: Object, timestamp: Tue May 12 2026 15:06:56 GMT+0100 (British Summer Time)} @ http://localhost:3001/_next/static/chunks/b3626_posthog-js_dist_module_c967c4c2.js:1019
[  304650ms] [WARNING] The resource http://localhost:3001/images/hero/Image.jpg was preloaded using link preload but not used within a few seconds from the window's load event. Please make sure it has an appropriate `as` value and it is preloaded intentionally. @ http://localhost:3001/ke:0
[  310496ms] [WARNING] The resource http://localhost:3001/images/hero/Image.jpg was preloaded using link preload but not used within a few seconds from the window's load event. Please make sure it has an appropriate `as` value and it is preloaded intentionally. @ http://localhost:3001/ke:0
[  523669ms] [LOG] [PostHog.js] send "$snapshot" {uuid: 019e1c86-7e75-7ebc-aa34-1cf779c47e0b, event: $snapshot, properties: Object, timestamp: Tue May 12 2026 15:10:36 GMT+0100 (British Summer Time)} @ http://localhost:3001/_next/static/chunks/b3626_posthog-js_dist_module_c967c4c2.js:1019
[  523769ms] [LOG] [Fast Refresh] rebuilding @ https://us-assets.i.posthog.com/static/posthog-recorder.js?v=1.372.10:0
[  523827ms] [LOG] [Fast Refresh] done in 132ms @ https://us-assets.i.posthog.com/static/posthog-recorder.js?v=1.372.10:0
[  530394ms] [WARNING] The resource http://localhost:3001/images/hero/Image.jpg was preloaded using link preload but not used within a few seconds from the window's load event. Please make sure it has an appropriate `as` value and it is preloaded intentionally. @ http://localhost:3001/ke:0
[  581120ms] [LOG] [Fast Refresh] rebuilding @ https://us-assets.i.posthog.com/static/posthog-recorder.js?v=1.372.10:0
[  581180ms] [LOG] [Fast Refresh] done in 133ms @ https://us-assets.i.posthog.com/static/posthog-recorder.js?v=1.372.10:0
