[    7383ms] [INFO] %cDownload the React DevTools for a better development experience: https://react.dev/link/react-devtools font-weight:bold @ http://localhost:3000/_next/static/chunks/8f4ea_next_dist_compiled_react-dom_17a4e3b3._.js:14537
[    7646ms] [WARNING] Image with src "/images/hero/Image.jpg" is using quality "50" which is not configured in images.qualities. This config will be required starting in Next.js 16.
Read more: https://nextjs.org/docs/messages/next-image-unconfigured-qualities @ http://localhost:3000/_next/static/chunks/8f4ea_next_dist_e552cdb3._.js:968
[    7673ms] [ERROR] A tree hydrated but some attributes of the server rendered HTML didn't match the client properties. This won't be patched up. This can happen if a SSR-ed Client Component used:

- A server/client branch `if (typeof window !== 'undefined')`.
- Variable input such as `Date.now()` or `Math.random()` which changes each time it's called.
- Date formatting in a user's locale which doesn't match the server.
- External changing data without sending a snapshot of it along with the HTML.
- Invalid HTML tag nesting.

It can also happen if the client has a browser extension installed which messes with the HTML before React loaded.

%s%s https://react.dev/link/hydration-mismatch 

  ...
    <CountrySelect regions={[...]}>
      <div className="md:flex ga...">
        <Label>
        <div>
          <gt onChange={function handleChange} defaultValue={{country:"dk", ...}}>
            <Ae>
              <c value={2}>
                <Et className="relative w...">
                  <button
                    className="relative w-16 flex justify-between items-center h-10 bg-component-secondary text-left  ..."
+                   id="headlessui-listbox-button-_R_3e7b5ritqlb_"
-                   id="headlessui-listbox-button-_R_dotd5ritqlb_"
                    type="button"
                    aria-haspopup="listbox"
                    aria-controls={undefined}
                    aria-expanded={false}
                    aria-labelledby={undefined}
                    aria-describedby={undefined}
                    disabled={undefined}
                    autoFocus={false}
                    onKeyDown={function onKeyDown}
                    onKeyUp={function onKeyUp}
                    onKeyPress={function onKeyPress}
                    onPointerDown={function onPointerDown}
                    onClick={function onClick}
                    onFocus={function onFocus}
                    onBlur={function onBlur}
                    onPointerEnter={function onPointerEnter}
                    onPointerLeave={function onPointerLeave}
                    onPointerUp={function onPointerUp}
                    ref={function o.useCallback}
                    data-headlessui-state=""
                  >
                ...
 @ http://localhost:3000/_next/static/chunks/8f4ea_next_dist_e552cdb3._.js:2359
[    9022ms] [LOG] [Fast Refresh] rebuilding @ http://localhost:3000/_next/static/chunks/8f4ea_next_dist_client_9c2e1ff1._.js:5949
[    9061ms] [LOG] [Fast Refresh] done in 140ms @ http://localhost:3000/_next/static/chunks/8f4ea_next_dist_client_9c2e1ff1._.js:5809
[    9761ms] [ERROR] Failed to load resource: the server responded with a status of 400 (Bad Request) @ http://localhost:3000/_next/image?url=%2Fimages%2Fcategories%2Fmeat-poultry.png&w=640&q=75:0
[    9762ms] [ERROR] Failed to load resource: the server responded with a status of 400 (Bad Request) @ http://localhost:3000/_next/image?url=%2Fimages%2Fcategories%2Fplants-seeds.png&w=640&q=75:0
[    9797ms] [ERROR] Failed to load resource: the server responded with a status of 400 (Bad Request) @ http://localhost:3000/_next/image?url=%2Fimages%2Fcategories%2Fpantry.png&w=640&q=75:0
[    9798ms] [ERROR] Failed to load resource: the server responded with a status of 400 (Bad Request) @ http://localhost:3000/_next/image?url=%2Fimages%2Fcategories%2Fdairy-eggs.png&w=640&q=75:0
[    9798ms] [ERROR] Failed to load resource: the server responded with a status of 400 (Bad Request) @ http://localhost:3000/_next/image?url=%2Fimages%2Fcategories%2Fproduce.png&w=640&q=75:0
[   12801ms] [WARNING] The resource http://localhost:3000/images/hero/Image.jpg was preloaded using link preload but not used within a few seconds from the window's load event. Please make sure it has an appropriate `as` value and it is preloaded intentionally. @ http://localhost:3000/dk:0
[   25302ms] [WARNING] Image with src "/images/blog/post-3.jpg" has either width or height modified, but not the other. If you use CSS to change the size of your image, also include the styles 'width: "auto"' or 'height: "auto"' to maintain the aspect ratio. @ http://localhost:3000/_next/static/chunks/8f4ea_next_dist_e552cdb3._.js:968
[   25373ms] [WARNING] Image with src "/images/blog/post-1.jpg" has either width or height modified, but not the other. If you use CSS to change the size of your image, also include the styles 'width: "auto"' or 'height: "auto"' to maintain the aspect ratio. @ http://localhost:3000/_next/static/chunks/8f4ea_next_dist_e552cdb3._.js:968
[   25405ms] [WARNING] Image with src "/images/blog/post-2.jpg" has either width or height modified, but not the other. If you use CSS to change the size of your image, also include the styles 'width: "auto"' or 'height: "auto"' to maintain the aspect ratio. @ http://localhost:3000/_next/static/chunks/8f4ea_next_dist_e552cdb3._.js:968
[   28400ms] [WARNING] The resource http://localhost:3000/images/hero/Image.jpg was preloaded using link preload but not used within a few seconds from the window's load event. Please make sure it has an appropriate `as` value and it is preloaded intentionally. @ http://localhost:3000/dk:0
