[     266ms] [INFO] %cDownload the React DevTools for a better development experience: https://reactjs.org/link/react-devtools font-weight:bold @ http://localhost:7001/node_modules/.vite/deps/chunk-P6YNEX7I.js?v=09f6123d:21550
[     335ms] [LOG] i18next: languageChanged en @ http://localhost:7001/node_modules/.vite/deps/i18next.js?v=09f6123d:15
[     335ms] [LOG] i18next: initialized {debug: true, initImmediate: true, ns: Array(1), defaultNS: Array(1), fallbackLng: Array(1)} @ http://localhost:7001/node_modules/.vite/deps/i18next.js?v=09f6123d:15
[     379ms] [WARNING] ⚠️ React Router Future Flag Warning: React Router will begin wrapping state updates in `React.startTransition` in v7. You can use the `v7_startTransition` future flag to opt-in early. For more information, see https://reactrouter.com/v6/upgrading/future#v7_starttransition. @ http://localhost:7001/node_modules/.vite/deps/react-router-dom.js?v=09f6123d:4435
[     493ms] [VERBOSE] [DOM] Input elements should have autocomplete attributes (suggested: "current-password"): (More info: https://goo.gl/9p2vKq) %o @ http://localhost:7001/login:0
[   11155ms] [LOG] [PostHog.js] set_config {config: Object, oldConfig: Object, newConfig: Object} @ http://localhost:3000/_next/static/chunks/b3626_posthog-js_dist_module_c967c4c2.js:1019
[   11156ms] [LOG] [PostHog.js] Persistence loaded localStorage+cookie {$device_id: 019e196c-377b-76e9-9751-6dc0354f6ca7, distinct_id: 019e196c-377b-76e9-9751-6dc0354f6ca7, $sesid: Array(3), $epp: true, $initial_person_info: Object} @ http://localhost:3000/_next/static/chunks/b3626_posthog-js_dist_module_c967c4c2.js:1019
[   11158ms] [LOG] [PostHog.js] Persistence loaded sessionStorage {} @ http://localhost:3000/_next/static/chunks/b3626_posthog-js_dist_module_c967c4c2.js:1019
[   11159ms] [LOG] [PostHog.js] Initializing extensions synchronously @ http://localhost:3000/_next/static/chunks/b3626_posthog-js_dist_module_c967c4c2.js:1019
[   11159ms] [LOG] [PostHog.js] [ExceptionAutocapture] enabled @ http://localhost:3000/_next/static/chunks/b3626_posthog-js_dist_module_c967c4c2.js:1019
[   11160ms] [LOG] [PostHog.js] History API monitoring enabled, starting... @ http://localhost:3000/_next/static/chunks/b3626_posthog-js_dist_module_c967c4c2.js:1019
[   11161ms] [LOG] [PostHog.js] Starting in debug mode {this: qn, config: Object, thisC: Object, p: Object, s: Object} @ http://localhost:3000/_next/static/chunks/b3626_posthog-js_dist_module_c967c4c2.js:1019
[   11168ms] [LOG] [PostHog.js] [SessionId] new session ID generated {sessionId: 019e1e69-ca9e-7e80-8ebe-532305f301f7, windowId: 019e1e69-ca9e-7e80-8ebe-5324a6425ae6, changeReason: Object} @ http://localhost:3000/_next/static/chunks/b3626_posthog-js_dist_module_c967c4c2.js:1019
[   11169ms] [LOG] [PostHog.js] send "$set" {uuid: 019e1e69-ca99-7285-8a31-ad2836c5a4e2, event: $set, properties: Object, $set_once: Object, timestamp: Tue May 12 2026 23:58:30 GMT+0100 (British Summer Time)} @ http://localhost:3000/_next/static/chunks/b3626_posthog-js_dist_module_c967c4c2.js:1019
[   11170ms] [LOG] [Client Instrumentation Hook] Slow execution detected: 26ms (Note: Code download overhead is not included in this measurement) @ http://localhost:3000/_next/static/chunks/8f4ea_next_dist_e552cdb3._.js:1338
[   11186ms] [INFO] %cDownload the React DevTools for a better development experience: https://react.dev/link/react-devtools font-weight:bold @ http://localhost:3000/_next/static/chunks/8f4ea_next_dist_compiled_react-dom_17a4e3b3._.js:14537
[   11255ms] [LOG] [PostHog.js] send "$pageview" {uuid: 019e1e69-caf5-7ded-8a16-c76cdf0d7f8f, event: $pageview, properties: Object, timestamp: Tue May 12 2026 23:58:30 GMT+0100 (British Summer Time)} @ http://localhost:3000/_next/static/chunks/b3626_posthog-js_dist_module_c967c4c2.js:1019
[   11356ms] [ERROR] Failed to load resource: the server responded with a status of 404 (Not Found) @ http://localhost:3000/_next/image?url=https%3A%2F%2Fimages.unsplash.com%2Fphoto-1604503468506-a399da69a440%3Fw%3D400%26h%3D400%26fit%3Dcrop%26q%3D80&w=256&q=75:0
[   11356ms] [ERROR] Failed to load resource: the server responded with a status of 404 (Not Found) @ http://localhost:3000/_next/image?url=https%3A%2F%2Fimages.unsplash.com%2Fphoto-1540420773420-bd3362c9d999%3Fw%3D400%26h%3D400%26fit%3Dcrop%26q%3D80&w=256&q=75:0
[   11357ms] [WARNING] Image with src "/images/hero/Image.jpg" is using quality "50" which is not configured in images.qualities. This config will be required starting in Next.js 16.
Read more: https://nextjs.org/docs/messages/next-image-unconfigured-qualities @ http://localhost:3000/_next/static/chunks/8f4ea_next_dist_e552cdb3._.js:968
[   11461ms] [LOG] [PostHog.js] Persistence loaded sessionStorage {$sdk_debug_extensions_init_method: synchronous, $sdk_debug_extensions_init_time_ms: 2, $referrer: http://localhost:7001/, $referring_domain: localhost:7001} @ http://localhost:3000/_next/static/chunks/b3626_posthog-js_dist_module_c967c4c2.js:1019
[   11461ms] [LOG] [PostHog.js] set_config {config: Object, oldConfig: Object, newConfig: Object} @ http://localhost:3000/_next/static/chunks/b3626_posthog-js_dist_module_c967c4c2.js:1019
[   11461ms] [LOG] [PostHog.js] [ExceptionAutocapture] enabled @ http://localhost:3000/_next/static/chunks/b3626_posthog-js_dist_module_c967c4c2.js:1019
[   11462ms] [LOG] [PostHog.js] [SessionRecording] starting @ http://localhost:3000/_next/static/chunks/b3626_posthog-js_dist_module_c967c4c2.js:1019
[   11462ms] [LOG] [PostHog.js] [Surveys] flags response received, isSurveysEnabled: false @ http://localhost:3000/_next/static/chunks/b3626_posthog-js_dist_module_c967c4c2.js:1019
[   11462ms] [LOG] [PostHog.js] [Heatmaps] starting... @ http://localhost:3000/_next/static/chunks/b3626_posthog-js_dist_module_c967c4c2.js:1019
[   11463ms] [LOG] [PostHog.js] [Web Vitals] enabled, starting... @ http://localhost:3000/_next/static/chunks/b3626_posthog-js_dist_module_c967c4c2.js:1019
[   11463ms] [LOG] [PostHog.js] [ExceptionAutocapture] enabled @ http://localhost:3000/_next/static/chunks/b3626_posthog-js_dist_module_c967c4c2.js:1019
[   11494ms] [LOG] [PostHog.js] [Surveys] Surveys loaded successfully @ http://localhost:3000/_next/static/chunks/b3626_posthog-js_dist_module_c967c4c2.js:1019
[   11626ms] [LOG] [PostHog.js] [Dead Clicks] starting... @ http://localhost:3000/_next/static/chunks/b3626_posthog-js_dist_module_c967c4c2.js:1019
[   16496ms] [LOG] [PostHog.js] send "$web_vitals" {uuid: 019e1e69-df6e-7afd-90d3-97a98e8ba59a, event: $web_vitals, properties: Object, timestamp: Tue May 12 2026 23:58:35 GMT+0100 (British Summer Time)} @ http://localhost:3000/_next/static/chunks/b3626_posthog-js_dist_module_c967c4c2.js:1019
[   17280ms] [WARNING] The resource http://localhost:3000/images/hero/Image.jpg was preloaded using link preload but not used within a few seconds from the window's load event. Please make sure it has an appropriate `as` value and it is preloaded intentionally. @ http://localhost:3000/ke:0
[   22683ms] [WARNING] The resource http://localhost:3000/images/hero/Image.jpg was preloaded using link preload but not used within a few seconds from the window's load event. Please make sure it has an appropriate `as` value and it is preloaded intentionally. @ http://localhost:3000/ke:0
[   70703ms] [LOG] [Fast Refresh] rebuilding @ https://us-assets.i.posthog.com/static/posthog-recorder.js?v=1.372.10:0
[   70823ms] [LOG] [Fast Refresh] done in 221ms @ https://us-assets.i.posthog.com/static/posthog-recorder.js?v=1.372.10:0
[   74372ms] [LOG] [Fast Refresh] rebuilding @ https://us-assets.i.posthog.com/static/posthog-recorder.js?v=1.372.10:0
[   77382ms] [LOG] [Fast Refresh] done in 3111ms @ https://us-assets.i.posthog.com/static/posthog-recorder.js?v=1.372.10:0
[   77485ms] [LOG] [Fast Refresh] rebuilding @ https://us-assets.i.posthog.com/static/posthog-recorder.js?v=1.372.10:0
[   79077ms] [LOG] [Fast Refresh] done in 1695ms @ https://us-assets.i.posthog.com/static/posthog-recorder.js?v=1.372.10:0
[  204181ms] [LOG] [Fast Refresh] rebuilding @ https://us-assets.i.posthog.com/static/posthog-recorder.js?v=1.372.10:0
[  204427ms] [LOG] [Fast Refresh] done in 323ms @ https://us-assets.i.posthog.com/static/posthog-recorder.js?v=1.372.10:0
[  216318ms] [LOG] [Fast Refresh] rebuilding @ https://us-assets.i.posthog.com/static/posthog-recorder.js?v=1.372.10:0
[  217796ms] [LOG] [Fast Refresh] done in 1578ms @ https://us-assets.i.posthog.com/static/posthog-recorder.js?v=1.372.10:0
[  217859ms] [LOG] [PostHog.js] send "$snapshot" {uuid: 019e1e6c-f201-750d-83bf-b69f9ca0fd78, event: $snapshot, properties: Object, timestamp: Wed May 13 2026 00:01:56 GMT+0100 (British Summer Time)} @ http://localhost:3000/_next/static/chunks/b3626_posthog-js_dist_module_c967c4c2.js:1019
[  220876ms] [WARNING] The resource http://localhost:3000/images/hero/Image.jpg was preloaded using link preload but not used within a few seconds from the window's load event. Please make sure it has an appropriate `as` value and it is preloaded intentionally. @ http://localhost:3000/ke:0
[  224234ms] [LOG] [Fast Refresh] rebuilding @ https://us-assets.i.posthog.com/static/posthog-recorder.js?v=1.372.10:0
[  224470ms] [LOG] [Fast Refresh] done in 338ms @ https://us-assets.i.posthog.com/static/posthog-recorder.js?v=1.372.10:0
[  224611ms] [LOG] [Fast Refresh] rebuilding @ https://us-assets.i.posthog.com/static/posthog-recorder.js?v=1.372.10:0
[  224617ms] [LOG] [Fast Refresh] done in 108ms @ https://us-assets.i.posthog.com/static/posthog-recorder.js?v=1.372.10:0
[  224925ms] [LOG] [PostHog.js] send "$pageleave" {uuid: 019e1e6d-0d9a-7b92-a40a-32bdf9b01426, event: $pageleave, properties: Object, timestamp: Wed May 13 2026 00:02:03 GMT+0100 (British Summer Time)} @ http://localhost:3000/_next/static/chunks/b3626_posthog-js_dist_module_c967c4c2.js:1019
[  225259ms] [LOG] [PostHog.js] set_config {config: Object, oldConfig: Object, newConfig: Object} @ http://localhost:3000/_next/static/chunks/b3626_posthog-js_dist_module_c967c4c2.js:1019
[  225259ms] [LOG] [PostHog.js] Persistence loaded localStorage+cookie {$device_id: 019e196c-377b-76e9-9751-6dc0354f6ca7, distinct_id: 019e196c-377b-76e9-9751-6dc0354f6ca7, $sesid: Array(3), $epp: true, $initial_person_info: Object} @ http://localhost:3000/_next/static/chunks/b3626_posthog-js_dist_module_c967c4c2.js:1019
[  225261ms] [LOG] [PostHog.js] Persistence loaded sessionStorage {$sdk_debug_extensions_init_method: synchronous, $sdk_debug_extensions_init_time_ms: 2, $referrer: http://localhost:7001/, $referring_domain: localhost:7001, $sdk_debug_replay_remote_trigger_matching_config: null} @ http://localhost:3000/_next/static/chunks/b3626_posthog-js_dist_module_c967c4c2.js:1019
[  225262ms] [LOG] [PostHog.js] Initializing extensions synchronously @ http://localhost:3000/_next/static/chunks/b3626_posthog-js_dist_module_c967c4c2.js:1019
[  225262ms] [LOG] [PostHog.js] [Web Vitals] enabled, starting... @ http://localhost:3000/_next/static/chunks/b3626_posthog-js_dist_module_c967c4c2.js:1019
[  225263ms] [LOG] [PostHog.js] [ExceptionAutocapture] enabled @ http://localhost:3000/_next/static/chunks/b3626_posthog-js_dist_module_c967c4c2.js:1019
[  225263ms] [LOG] [PostHog.js] History API monitoring enabled, starting... @ http://localhost:3000/_next/static/chunks/b3626_posthog-js_dist_module_c967c4c2.js:1019
[  225264ms] [LOG] [PostHog.js] [SessionRecording] starting @ http://localhost:3000/_next/static/chunks/b3626_posthog-js_dist_module_c967c4c2.js:1019
[  225264ms] [LOG] [PostHog.js] [Heatmaps] starting... @ http://localhost:3000/_next/static/chunks/b3626_posthog-js_dist_module_c967c4c2.js:1019
[  225265ms] [LOG] [PostHog.js] Starting in debug mode {this: qn, config: Object, thisC: Object, p: Object, s: Object} @ http://localhost:3000/_next/static/chunks/b3626_posthog-js_dist_module_c967c4c2.js:1019
[  225267ms] [LOG] [PostHog.js] send "$set" {uuid: 019e1e6d-0ef0-7c8b-95db-1e4154bff78d, event: $set, properties: Object, $set_once: Object, timestamp: Wed May 13 2026 00:02:04 GMT+0100 (British Summer Time)} @ http://localhost:3000/_next/static/chunks/b3626_posthog-js_dist_module_c967c4c2.js:1019
[  225270ms] [INFO] %cDownload the React DevTools for a better development experience: https://react.dev/link/react-devtools font-weight:bold @ http://localhost:3000/_next/static/chunks/8f4ea_next_dist_compiled_react-dom_17a4e3b3._.js:14537
[  225299ms] [LOG] [PostHog.js] [Dead Clicks] starting... @ http://localhost:3000/_next/static/chunks/b3626_posthog-js_dist_module_c967c4c2.js:1019
[  225303ms] [LOG] [PostHog.js] send "$pageview" {uuid: 019e1e6d-0f14-791e-a6d2-d8c11df51782, event: $pageview, properties: Object, timestamp: Wed May 13 2026 00:02:04 GMT+0100 (British Summer Time)} @ http://localhost:3000/_next/static/chunks/b3626_posthog-js_dist_module_c967c4c2.js:1019
[  225483ms] [LOG] [PostHog.js] Persistence loaded sessionStorage {$sdk_debug_extensions_init_method: synchronous, $sdk_debug_extensions_init_time_ms: 3, $referrer: http://localhost:7001/, $referring_domain: localhost:7001, $sdk_debug_replay_remote_trigger_matching_config: null} @ http://localhost:3000/_next/static/chunks/b3626_posthog-js_dist_module_c967c4c2.js:1019
[  225483ms] [LOG] [PostHog.js] set_config {config: Object, oldConfig: Object, newConfig: Object} @ http://localhost:3000/_next/static/chunks/b3626_posthog-js_dist_module_c967c4c2.js:1019
[  225483ms] [LOG] [PostHog.js] [ExceptionAutocapture] enabled @ http://localhost:3000/_next/static/chunks/b3626_posthog-js_dist_module_c967c4c2.js:1019
[  225484ms] [LOG] [PostHog.js] [Surveys] flags response received, isSurveysEnabled: false @ http://localhost:3000/_next/static/chunks/b3626_posthog-js_dist_module_c967c4c2.js:1019
[  225484ms] [LOG] [PostHog.js] [ExceptionAutocapture] enabled @ http://localhost:3000/_next/static/chunks/b3626_posthog-js_dist_module_c967c4c2.js:1019
[  225598ms] [LOG] [PostHog.js] [Surveys] Surveys loaded successfully @ http://localhost:3000/_next/static/chunks/b3626_posthog-js_dist_module_c967c4c2.js:1019
[  227786ms] [ERROR] Failed to load resource: the server responded with a status of 404 (Not Found) @ http://localhost:3000/_next/image?url=https%3A%2F%2Fimages.unsplash.com%2Fphoto-1604503468506-a399da69a440%3Fw%3D400%26h%3D400%26fit%3Dcrop%26q%3D80&w=256&q=75:0
[  227939ms] [ERROR] Failed to load resource: the server responded with a status of 404 (Not Found) @ http://localhost:3000/_next/image?url=https%3A%2F%2Fimages.unsplash.com%2Fphoto-1540420773420-bd3362c9d999%3Fw%3D400%26h%3D400%26fit%3Dcrop%26q%3D80&w=256&q=75:0
[  228169ms] [WARNING] Image with src "/images/hero/Image.jpg" is using quality "50" which is not configured in images.qualities. This config will be required starting in Next.js 16.
Read more: https://nextjs.org/docs/messages/next-image-unconfigured-qualities @ https://us-assets.i.posthog.com/static/posthog-recorder.js?v=1.372.10:0
