[      53ms] [LOG] [PostHog.js] send "$snapshot" {uuid: 019e1e6d-cc37-7497-b55f-b61acd376d74, event: $snapshot, properties: Object, timestamp: Wed May 13 2026 00:02:52 GMT+0100 (British Summer Time)} @ http://localhost:3000/_next/static/chunks/b3626_posthog-js_dist_module_c967c4c2.js:1019
[    2143ms] [LOG] [PostHog.js] send "$snapshot" {uuid: 019e1e6d-d462-78e7-9f71-95eb7f4f7ade, event: $snapshot, properties: Object, timestamp: Wed May 13 2026 00:02:54 GMT+0100 (British Summer Time)} @ http://localhost:3000/_next/static/chunks/b3626_posthog-js_dist_module_c967c4c2.js:1019
[    3561ms] [LOG] [PostHog.js] send "$pageleave" {uuid: 019e1e6d-d9eb-7014-9715-356b49078ace, event: $pageleave, properties: Object, timestamp: Wed May 13 2026 00:02:56 GMT+0100 (British Summer Time)} @ http://localhost:3000/_next/static/chunks/b3626_posthog-js_dist_module_c967c4c2.js:1019
[    3564ms] [ERROR] [PostHog.js] TypeError: Failed to fetch
    at method (http://localhost:3000/_next/static/chunks/b3626_posthog-js_dist_module_c967c4c2.js:2856:9)
    at http://localhost:3000/_next/static/chunks/b3626_posthog-js_dist_module_c967c4c2.js:3724:17 @ http://localhost:3000/_next/static/chunks/8f4ea_next_dist_e552cdb3._.js:2364
[    3564ms] [WARNING] [PostHog.js] Enqueued failed request for retry in 3490 @ http://localhost:3000/_next/static/chunks/b3626_posthog-js_dist_module_c967c4c2.js:1019
[    3970ms] [LOG] [PostHog.js] set_config {config: Object, oldConfig: Object, newConfig: Object} @ http://localhost:3000/_next/static/chunks/b3626_posthog-js_dist_module_c967c4c2.js:1019
[    3970ms] [LOG] [PostHog.js] Persistence loaded localStorage+cookie {$device_id: 019e196c-377b-76e9-9751-6dc0354f6ca7, distinct_id: 019e196c-377b-76e9-9751-6dc0354f6ca7, $sesid: Array(3), $epp: true, $initial_person_info: Object} @ http://localhost:3000/_next/static/chunks/b3626_posthog-js_dist_module_c967c4c2.js:1019
[    3973ms] [LOG] [PostHog.js] Persistence loaded sessionStorage {$sdk_debug_extensions_init_method: synchronous, $sdk_debug_extensions_init_time_ms: 2, $referrer: http://localhost:7001/, $referring_domain: localhost:7001, $sdk_debug_replay_remote_trigger_matching_config: null} @ http://localhost:3000/_next/static/chunks/b3626_posthog-js_dist_module_c967c4c2.js:1019
[    3973ms] [LOG] [PostHog.js] Initializing extensions synchronously @ http://localhost:3000/_next/static/chunks/b3626_posthog-js_dist_module_c967c4c2.js:1019
[    3973ms] [LOG] [PostHog.js] [Web Vitals] enabled, starting... @ http://localhost:3000/_next/static/chunks/b3626_posthog-js_dist_module_c967c4c2.js:1019
[    3974ms] [LOG] [PostHog.js] [ExceptionAutocapture] enabled @ http://localhost:3000/_next/static/chunks/b3626_posthog-js_dist_module_c967c4c2.js:1019
[    3974ms] [LOG] [PostHog.js] History API monitoring enabled, starting... @ http://localhost:3000/_next/static/chunks/b3626_posthog-js_dist_module_c967c4c2.js:1019
[    3975ms] [LOG] [PostHog.js] [SessionRecording] starting @ http://localhost:3000/_next/static/chunks/b3626_posthog-js_dist_module_c967c4c2.js:1019
[    3975ms] [LOG] [PostHog.js] [Heatmaps] starting... @ http://localhost:3000/_next/static/chunks/b3626_posthog-js_dist_module_c967c4c2.js:1019
[    3975ms] [LOG] [PostHog.js] Starting in debug mode {this: qn, config: Object, thisC: Object, p: Object, s: Object} @ http://localhost:3000/_next/static/chunks/b3626_posthog-js_dist_module_c967c4c2.js:1019
[    3977ms] [LOG] [PostHog.js] send "$set" {uuid: 019e1e6d-db8a-766b-9346-cf349fc18a40, event: $set, properties: Object, $set_once: Object, timestamp: Wed May 13 2026 00:02:56 GMT+0100 (British Summer Time)} @ http://localhost:3000/_next/static/chunks/b3626_posthog-js_dist_module_c967c4c2.js:1019
[    3980ms] [INFO] %cDownload the React DevTools for a better development experience: https://react.dev/link/react-devtools font-weight:bold @ http://localhost:3000/_next/static/chunks/8f4ea_next_dist_compiled_react-dom_17a4e3b3._.js:14537
[    3995ms] [LOG] [PostHog.js] send "$pageview" {uuid: 019e1e6d-db9d-731d-b02d-e26aa1042449, event: $pageview, properties: Object, timestamp: Wed May 13 2026 00:02:56 GMT+0100 (British Summer Time)} @ http://localhost:3000/_next/static/chunks/b3626_posthog-js_dist_module_c967c4c2.js:1019
[    4069ms] [VERBOSE] [DOM] Input elements should have autocomplete attributes (suggested: "current-password"): (More info: https://goo.gl/9p2vKq) %o @ http://localhost:3000/ke/login:0
[    4452ms] [LOG] [PostHog.js] [Dead Clicks] starting... @ http://localhost:3000/_next/static/chunks/b3626_posthog-js_dist_module_c967c4c2.js:1019
[    4453ms] [LOG] [PostHog.js] Persistence loaded sessionStorage {$sdk_debug_extensions_init_method: synchronous, $sdk_debug_extensions_init_time_ms: 2, $referrer: http://localhost:7001/, $referring_domain: localhost:7001, $sdk_debug_replay_remote_trigger_matching_config: null} @ http://localhost:3000/_next/static/chunks/b3626_posthog-js_dist_module_c967c4c2.js:1019
[    4453ms] [LOG] [PostHog.js] set_config {config: Object, oldConfig: Object, newConfig: Object} @ http://localhost:3000/_next/static/chunks/b3626_posthog-js_dist_module_c967c4c2.js:1019
[    4453ms] [LOG] [PostHog.js] [ExceptionAutocapture] enabled @ http://localhost:3000/_next/static/chunks/b3626_posthog-js_dist_module_c967c4c2.js:1019
[    4453ms] [LOG] [PostHog.js] [Surveys] flags response received, isSurveysEnabled: false @ http://localhost:3000/_next/static/chunks/b3626_posthog-js_dist_module_c967c4c2.js:1019
[    4454ms] [LOG] [PostHog.js] [ExceptionAutocapture] enabled @ http://localhost:3000/_next/static/chunks/b3626_posthog-js_dist_module_c967c4c2.js:1019
[    4457ms] [LOG] [PostHog.js] [Surveys] Surveys loaded successfully @ http://localhost:3000/_next/static/chunks/b3626_posthog-js_dist_module_c967c4c2.js:1019
[    9424ms] [LOG] [PostHog.js] send "$web_vitals" {uuid: 019e1e6d-f0d1-7940-96dd-5878b5116631, event: $web_vitals, properties: Object, timestamp: Wed May 13 2026 00:03:02 GMT+0100 (British Summer Time)} @ http://localhost:3000/_next/static/chunks/b3626_posthog-js_dist_module_c967c4c2.js:1019
[    9694ms] [LOG] [PostHog.js] send "$autocapture" {uuid: 019e1e6d-f1e0-7484-9572-23a1cfe81d68, event: $autocapture, properties: Object, timestamp: Wed May 13 2026 00:03:02 GMT+0100 (British Summer Time)} @ http://localhost:3000/_next/static/chunks/b3626_posthog-js_dist_module_c967c4c2.js:1019
[    9855ms] [LOG] [Fast Refresh] rebuilding @ https://us-assets.i.posthog.com/static/posthog-recorder.js?v=1.372.10:0
[   11693ms] [LOG] [PostHog.js] send "$snapshot" {uuid: 019e1e6d-f9b0-7bfb-96b0-1134aa123df9, event: $snapshot, properties: Object, timestamp: Wed May 13 2026 00:03:04 GMT+0100 (British Summer Time)} @ http://localhost:3000/_next/static/chunks/b3626_posthog-js_dist_module_c967c4c2.js:1019
[   12718ms] [LOG] [Fast Refresh] done in 2964ms @ https://us-assets.i.posthog.com/static/posthog-recorder.js?v=1.372.10:0
[   12820ms] [LOG] [Fast Refresh] rebuilding @ https://us-assets.i.posthog.com/static/posthog-recorder.js?v=1.372.10:0
[   13708ms] [LOG] [PostHog.js] send "$snapshot" {uuid: 019e1e6e-018f-75d8-8e64-4249d4ec133e, event: $snapshot, properties: Object, timestamp: Wed May 13 2026 00:03:06 GMT+0100 (British Summer Time)} @ http://localhost:3000/_next/static/chunks/b3626_posthog-js_dist_module_c967c4c2.js:1019
[   13976ms] [LOG] [PostHog.js] send "$$heatmap" {uuid: 019e1e6e-029a-7f92-8941-f90d46e384eb, event: $$heatmap, properties: Object, timestamp: Wed May 13 2026 00:03:06 GMT+0100 (British Summer Time)} @ http://localhost:3000/_next/static/chunks/b3626_posthog-js_dist_module_c967c4c2.js:1019
[   14709ms] [LOG] [PostHog.js] send "$web_vitals" {uuid: 019e1e6e-0577-781e-8f31-f9314434ecd3, event: $web_vitals, properties: Object, timestamp: Wed May 13 2026 00:03:07 GMT+0100 (British Summer Time)} @ http://localhost:3000/_next/static/chunks/b3626_posthog-js_dist_module_c967c4c2.js:1019
[   15726ms] [LOG] [PostHog.js] send "$snapshot" {uuid: 019e1e6e-0971-7e04-beb5-1080734b121f, event: $snapshot, properties: Object, timestamp: Wed May 13 2026 00:03:08 GMT+0100 (British Summer Time)} @ http://localhost:3000/_next/static/chunks/b3626_posthog-js_dist_module_c967c4c2.js:1019
[   16024ms] [LOG] [Fast Refresh] done in 3306ms @ https://us-assets.i.posthog.com/static/posthog-recorder.js?v=1.372.10:0
[   16222ms] [LOG] [PostHog.js] send "$pageview" {uuid: 019e1e6e-0b60-7c12-acc2-756076d0d9ac, event: $pageview, properties: Object, timestamp: Wed May 13 2026 00:03:08 GMT+0100 (British Summer Time)} @ http://localhost:3000/_next/static/chunks/b3626_posthog-js_dist_module_c967c4c2.js:1019
[   16310ms] [LOG] [Fast Refresh] rebuilding @ https://us-assets.i.posthog.com/static/posthog-recorder.js?v=1.372.10:0
[   16345ms] [LOG] [Fast Refresh] done in 134ms @ https://us-assets.i.posthog.com/static/posthog-recorder.js?v=1.372.10:0
[   18026ms] [LOG] [PostHog.js] send "$snapshot" {uuid: 019e1e6e-126d-7c63-a4c9-f151326876e7, event: $snapshot, properties: Object, timestamp: Wed May 13 2026 00:03:10 GMT+0100 (British Summer Time)} @ http://localhost:3000/_next/static/chunks/b3626_posthog-js_dist_module_c967c4c2.js:1019
[   20881ms] [LOG] [PostHog.js] send "$snapshot" {uuid: 019e1e6e-1d94-7342-a3f1-59a0e22341f4, event: $snapshot, properties: Object, timestamp: Wed May 13 2026 00:03:13 GMT+0100 (British Summer Time)} @ http://localhost:3000/_next/static/chunks/b3626_posthog-js_dist_module_c967c4c2.js:1019
