[     791ms] [INFO] %cDownload the React DevTools for a better development experience: https://react.dev/link/react-devtools font-weight:bold @ http://localhost:3000/_next/static/chunks/8f4ea_next_dist_compiled_react-dom_17a4e3b3._.js:14537
[    1009ms] [ERROR] Failed to load resource: the server responded with a status of 404 (Not Found) @ http://localhost:3000/_next/image?url=https%3A%2F%2Fimages.unsplash.com%2Fphoto-1603048297172-c92544798d5e%3Fw%3D800&w=1080&q=75:0
[    9313ms] [WARNING] Image with src "https://images.unsplash.com/photo-1602470520998-f4a52199a3d6?w=800" is using quality "85" which is not configured in images.qualities. This config will be required starting in Next.js 16.
Read more: https://nextjs.org/docs/messages/next-image-unconfigured-qualities @ http://localhost:3000/_next/static/chunks/8f4ea_next_dist_e552cdb3._.js:968
[    9390ms] [WARNING] Image with src "https://images.unsplash.com/photo-1602470520998-f4a52199a3d6?w=800" has either width or height modified, but not the other. If you use CSS to change the size of your image, also include the styles 'width: "auto"' or 'height: "auto"' to maintain the aspect ratio. @ http://localhost:3000/_next/static/chunks/8f4ea_next_dist_e552cdb3._.js:968
[    9419ms] [ERROR] Failed to load resource: the server responded with a status of 404 (Not Found) @ http://localhost:3000/_next/image?url=https%3A%2F%2Fimages.unsplash.com%2Fphoto-1603048297172-c92544798d5e%3Fw%3D800&w=1080&q=75:0
[  106730ms] [LOG] [Fast Refresh] rebuilding @ http://localhost:3000/_next/static/chunks/8f4ea_next_dist_client_9c2e1ff1._.js:5949
[  107374ms] [LOG] [Fast Refresh] done in 745ms @ http://localhost:3000/_next/static/chunks/8f4ea_next_dist_client_9c2e1ff1._.js:5809
[  107476ms] [LOG] [Fast Refresh] rebuilding @ http://localhost:3000/_next/static/chunks/8f4ea_next_dist_client_9c2e1ff1._.js:5949
[  107501ms] [LOG] [Fast Refresh] done in 125ms @ http://localhost:3000/_next/static/chunks/8f4ea_next_dist_client_9c2e1ff1._.js:5809
[  108114ms] Error: `props.dangerouslySetInnerHTML` must be in the form `{__html: ...}`. Please visit https://react.dev/link/dangerously-set-inner-html for more information.
    at setProp (http://localhost:3000/_next/static/chunks/8f4ea_next_dist_compiled_react-dom_17a4e3b3._.js:9427:82)
    at setInitialProperties (http://localhost:3000/_next/static/chunks/8f4ea_next_dist_compiled_react-dom_17a4e3b3._.js:9777:122)
    at completeWork (http://localhost:3000/_next/static/chunks/8f4ea_next_dist_compiled_react-dom_17a4e3b3._.js:6386:35)
    at runWithFiberInDEV (http://localhost:3000/_next/static/chunks/8f4ea_next_dist_compiled_react-dom_17a4e3b3._.js:886:74)
    at completeUnitOfWork (http://localhost:3000/_next/static/chunks/8f4ea_next_dist_compiled_react-dom_17a4e3b3._.js:8363:23)
    at performUnitOfWork (http://localhost:3000/_next/static/chunks/8f4ea_next_dist_compiled_react-dom_17a4e3b3._.js:8300:28)
    at workLoopSync (http://localhost:3000/_next/static/chunks/8f4ea_next_dist_compiled_react-dom_17a4e3b3._.js:8190:40)
    at renderRootSync (http://localhost:3000/_next/static/chunks/8f4ea_next_dist_compiled_react-dom_17a4e3b3._.js:8173:13)
    at performWorkOnRoot (http://localhost:3000/_next/static/chunks/8f4ea_next_dist_compiled_react-dom_17a4e3b3._.js:7932:56)
    at performWorkOnRootViaSchedulerTask (http://localhost:3000/_next/static/chunks/8f4ea_next_dist_compiled_react-dom_17a4e3b3._.js:8882:9)
    at MessagePort.performWorkUntilDeadline (http://localhost:3000/_next/static/chunks/8f4ea_next_dist_compiled_3ef33c25._.js:2601:64)
[  108188ms] [LOG] [Fast Refresh] rebuilding @ http://localhost:3000/_next/static/chunks/8f4ea_next_dist_client_9c2e1ff1._.js:5949
[  108194ms] [LOG] [Fast Refresh] done in 111ms @ http://localhost:3000/_next/static/chunks/8f4ea_next_dist_client_9c2e1ff1._.js:5809
