[     773ms] [INFO] %cDownload the React DevTools for a better development experience: https://react.dev/link/react-devtools font-weight:bold @ http://localhost:3000/_next/static/chunks/8f4ea_next_dist_compiled_react-dom_17a4e3b3._.js:14537
[     973ms] [WARNING] Image with src "/images/hero/Image.jpg" is using quality "50" which is not configured in images.qualities. This config will be required starting in Next.js 16.
Read more: https://nextjs.org/docs/messages/next-image-unconfigured-qualities @ http://localhost:3000/_next/static/chunks/8f4ea_next_dist_e552cdb3._.js:968
[    5940ms] [WARNING] The resource http://localhost:3000/images/hero/Image.jpg was preloaded using link preload but not used within a few seconds from the window's load event. Please make sure it has an appropriate `as` value and it is preloaded intentionally. @ http://localhost:3000/dk:0
[  107435ms] [WARNING] The resource http://localhost:3000/images/hero/Image.jpg was preloaded using link preload but not used within a few seconds from the window's load event. Please make sure it has an appropriate `as` value and it is preloaded intentionally. @ http://localhost:3000/dk:0
[  108105ms] [WARNING] Image with src "/images/blog/post-2.jpg" has either width or height modified, but not the other. If you use CSS to change the size of your image, also include the styles 'width: "auto"' or 'height: "auto"' to maintain the aspect ratio. @ http://localhost:3000/_next/static/chunks/8f4ea_next_dist_e552cdb3._.js:968
[  108109ms] [WARNING] Image with src "/images/blog/post-3.jpg" has either width or height modified, but not the other. If you use CSS to change the size of your image, also include the styles 'width: "auto"' or 'height: "auto"' to maintain the aspect ratio. @ http://localhost:3000/_next/static/chunks/8f4ea_next_dist_e552cdb3._.js:968
[  108120ms] [WARNING] Image with src "/images/blog/post-1.jpg" has either width or height modified, but not the other. If you use CSS to change the size of your image, also include the styles 'width: "auto"' or 'height: "auto"' to maintain the aspect ratio. @ http://localhost:3000/_next/static/chunks/8f4ea_next_dist_e552cdb3._.js:968
[  111099ms] [WARNING] The resource http://localhost:3000/images/hero/Image.jpg was preloaded using link preload but not used within a few seconds from the window's load event. Please make sure it has an appropriate `as` value and it is preloaded intentionally. @ http://localhost:3000/dk:0
[  111124ms] [LOG] [Fast Refresh] rebuilding @ http://localhost:3000/_next/static/chunks/8f4ea_next_dist_client_9c2e1ff1._.js:5949
[  111804ms] [LOG] [Fast Refresh] done in 781ms @ http://localhost:3000/_next/static/chunks/8f4ea_next_dist_client_9c2e1ff1._.js:5809
[  111906ms] [LOG] [Fast Refresh] rebuilding @ http://localhost:3000/_next/static/chunks/8f4ea_next_dist_client_9c2e1ff1._.js:5949
[  111945ms] [LOG] [Fast Refresh] done in 140ms @ http://localhost:3000/_next/static/chunks/8f4ea_next_dist_client_9c2e1ff1._.js:5809
[  112488ms] [WARNING] Image with src "https://images.unsplash.com/photo-1592924357228-91a4daadcfea?w=800" is using quality "85" which is not configured in images.qualities. This config will be required starting in Next.js 16.
Read more: https://nextjs.org/docs/messages/next-image-unconfigured-qualities @ http://localhost:3000/_next/static/chunks/8f4ea_next_dist_e552cdb3._.js:968
[  112735ms] [WARNING] Image with src "https://images.unsplash.com/photo-1592924357228-91a4daadcfea?w=800" has either width or height modified, but not the other. If you use CSS to change the size of your image, also include the styles 'width: "auto"' or 'height: "auto"' to maintain the aspect ratio. @ http://localhost:3000/_next/static/chunks/8f4ea_next_dist_e552cdb3._.js:968
[  115746ms] [WARNING] The resource http://localhost:3000/images/hero/Image.jpg was preloaded using link preload but not used within a few seconds from the window's load event. Please make sure it has an appropriate `as` value and it is preloaded intentionally. @ http://localhost:3000/dk/products/organic-heirloom-tomatoes:0
[  120545ms] [LOG] [Fast Refresh] rebuilding @ http://localhost:3000/_next/static/chunks/8f4ea_next_dist_client_9c2e1ff1._.js:5949
[  121182ms] [LOG] [Fast Refresh] done in 738ms @ http://localhost:3000/_next/static/chunks/8f4ea_next_dist_client_9c2e1ff1._.js:5809
[  121283ms] [LOG] [Fast Refresh] rebuilding @ http://localhost:3000/_next/static/chunks/8f4ea_next_dist_client_9c2e1ff1._.js:5949
[  121338ms] [LOG] [Fast Refresh] done in 156ms @ http://localhost:3000/_next/static/chunks/8f4ea_next_dist_client_9c2e1ff1._.js:5809
[  121780ms] [LOG] [Fast Refresh] rebuilding @ http://localhost:3000/_next/static/chunks/8f4ea_next_dist_client_9c2e1ff1._.js:5949
[  121809ms] [LOG] [Fast Refresh] done in 130ms @ http://localhost:3000/_next/static/chunks/8f4ea_next_dist_client_9c2e1ff1._.js:5809
[  124816ms] [WARNING] The resource http://localhost:3000/images/hero/Image.jpg was preloaded using link preload but not used within a few seconds from the window's load event. Please make sure it has an appropriate `as` value and it is preloaded intentionally. @ http://localhost:3000/dk:0
