[      51ms] [LOG] [PostHog.js] send "$snapshot" {uuid: 019e1e6e-2412-74ef-a246-96ac8a484ba4, event: $snapshot, properties: Object, timestamp: Wed May 13 2026 00:03:15 GMT+0100 (British Summer Time)} @ http://localhost:3000/_next/static/chunks/b3626_posthog-js_dist_module_c967c4c2.js:1019
[    2096ms] [LOG] [PostHog.js] send "$snapshot" {uuid: 019e1e6e-2c0f-7b0c-ae97-cb5d46f765fd, event: $snapshot, properties: Object, timestamp: Wed May 13 2026 00:03:17 GMT+0100 (British Summer Time)} @ http://localhost:3000/_next/static/chunks/b3626_posthog-js_dist_module_c967c4c2.js:1019
[    2876ms] [LOG] [PostHog.js] send "$pageleave" {uuid: 019e1e6e-2f1a-75b8-9b34-e6336158ad66, event: $pageleave, properties: Object, timestamp: Wed May 13 2026 00:03:18 GMT+0100 (British Summer Time)} @ http://localhost:3000/_next/static/chunks/b3626_posthog-js_dist_module_c967c4c2.js:1019
[    4313ms] [LOG] [PostHog.js] set_config {config: Object, oldConfig: Object, newConfig: Object} @ http://localhost:3000/_next/static/chunks/b3626_posthog-js_dist_module_c967c4c2.js:1019
[    4313ms] [LOG] [PostHog.js] Persistence loaded localStorage+cookie {$device_id: 019e196c-377b-76e9-9751-6dc0354f6ca7, distinct_id: 019e196c-377b-76e9-9751-6dc0354f6ca7, $sesid: Array(3), $epp: true, $initial_person_info: Object} @ http://localhost:3000/_next/static/chunks/b3626_posthog-js_dist_module_c967c4c2.js:1019
[    4314ms] [LOG] [PostHog.js] Persistence loaded sessionStorage {$sdk_debug_extensions_init_method: synchronous, $sdk_debug_extensions_init_time_ms: 2, $referrer: http://localhost:7001/, $referring_domain: localhost:7001, $sdk_debug_replay_remote_trigger_matching_config: null} @ http://localhost:3000/_next/static/chunks/b3626_posthog-js_dist_module_c967c4c2.js:1019
[    4315ms] [LOG] [PostHog.js] Initializing extensions synchronously @ http://localhost:3000/_next/static/chunks/b3626_posthog-js_dist_module_c967c4c2.js:1019
[    4315ms] [LOG] [PostHog.js] [Web Vitals] enabled, starting... @ http://localhost:3000/_next/static/chunks/b3626_posthog-js_dist_module_c967c4c2.js:1019
[    4315ms] [LOG] [PostHog.js] [ExceptionAutocapture] enabled @ http://localhost:3000/_next/static/chunks/b3626_posthog-js_dist_module_c967c4c2.js:1019
[    4316ms] [LOG] [PostHog.js] History API monitoring enabled, starting... @ http://localhost:3000/_next/static/chunks/b3626_posthog-js_dist_module_c967c4c2.js:1019
[    4316ms] [LOG] [PostHog.js] [SessionRecording] starting @ http://localhost:3000/_next/static/chunks/b3626_posthog-js_dist_module_c967c4c2.js:1019
[    4316ms] [LOG] [PostHog.js] [Heatmaps] starting... @ http://localhost:3000/_next/static/chunks/b3626_posthog-js_dist_module_c967c4c2.js:1019
[    4316ms] [LOG] [PostHog.js] Starting in debug mode {this: qn, config: Object, thisC: Object, p: Object, s: Object} @ http://localhost:3000/_next/static/chunks/b3626_posthog-js_dist_module_c967c4c2.js:1019
[    4319ms] [LOG] [PostHog.js] send "$set" {uuid: 019e1e6e-34bd-7fa2-912a-afc08865739a, event: $set, properties: Object, $set_once: Object, timestamp: Wed May 13 2026 00:03:19 GMT+0100 (British Summer Time)} @ http://localhost:3000/_next/static/chunks/b3626_posthog-js_dist_module_c967c4c2.js:1019
[    4321ms] [INFO] %cDownload the React DevTools for a better development experience: https://react.dev/link/react-devtools font-weight:bold @ http://localhost:3000/_next/static/chunks/8f4ea_next_dist_compiled_react-dom_17a4e3b3._.js:14537
[    4334ms] [LOG] [PostHog.js] send "$pageview" {uuid: 019e1e6e-34cd-7ade-85c0-b6d819124c21, event: $pageview, properties: Object, timestamp: Wed May 13 2026 00:03:19 GMT+0100 (British Summer Time)} @ http://localhost:3000/_next/static/chunks/b3626_posthog-js_dist_module_c967c4c2.js:1019
[    4340ms] [LOG] [PostHog.js] [Dead Clicks] starting... @ http://localhost:3000/_next/static/chunks/b3626_posthog-js_dist_module_c967c4c2.js:1019
[    4341ms] [LOG] [PostHog.js] Persistence loaded sessionStorage {$sdk_debug_extensions_init_method: synchronous, $sdk_debug_extensions_init_time_ms: 2, $referrer: http://localhost:7001/, $referring_domain: localhost:7001, $sdk_debug_replay_remote_trigger_matching_config: null} @ http://localhost:3000/_next/static/chunks/b3626_posthog-js_dist_module_c967c4c2.js:1019
[    4341ms] [LOG] [PostHog.js] set_config {config: Object, oldConfig: Object, newConfig: Object} @ http://localhost:3000/_next/static/chunks/b3626_posthog-js_dist_module_c967c4c2.js:1019
[    4341ms] [LOG] [PostHog.js] [ExceptionAutocapture] enabled @ http://localhost:3000/_next/static/chunks/b3626_posthog-js_dist_module_c967c4c2.js:1019
[    4341ms] [LOG] [PostHog.js] [Surveys] flags response received, isSurveysEnabled: false @ http://localhost:3000/_next/static/chunks/b3626_posthog-js_dist_module_c967c4c2.js:1019
[    4341ms] [LOG] [PostHog.js] [ExceptionAutocapture] enabled @ http://localhost:3000/_next/static/chunks/b3626_posthog-js_dist_module_c967c4c2.js:1019
[    4342ms] [LOG] [PostHog.js] [Surveys] Surveys loaded successfully @ http://localhost:3000/_next/static/chunks/b3626_posthog-js_dist_module_c967c4c2.js:1019
[    4745ms] [VERBOSE] [DOM] Input elements should have autocomplete attributes (suggested: "current-password"): (More info: https://goo.gl/9p2vKq) %o @ http://localhost:3000/ke/login:0
[    7631ms] [LOG] [PostHog.js] send "$snapshot" {uuid: 019e1e6e-41ae-79c6-aa99-55aa131b3e50, event: $snapshot, properties: Object, timestamp: Wed May 13 2026 00:03:22 GMT+0100 (British Summer Time)} @ http://localhost:3000/_next/static/chunks/b3626_posthog-js_dist_module_c967c4c2.js:1019
[    9340ms] [LOG] [PostHog.js] send "$web_vitals" {uuid: 019e1e6e-485b-7a20-8318-180a1bf26a5a, event: $web_vitals, properties: Object, timestamp: Wed May 13 2026 00:03:24 GMT+0100 (British Summer Time)} @ http://localhost:3000/_next/static/chunks/b3626_posthog-js_dist_module_c967c4c2.js:1019
[    9649ms] [LOG] [PostHog.js] send "$snapshot" {uuid: 019e1e6e-4990-717a-ad7a-923ecb217beb, event: $snapshot, properties: Object, timestamp: Wed May 13 2026 00:03:24 GMT+0100 (British Summer Time)} @ http://localhost:3000/_next/static/chunks/b3626_posthog-js_dist_module_c967c4c2.js:1019
[   11983ms] [LOG] [PostHog.js] send "$snapshot" {uuid: 019e1e6e-52ae-7c66-a644-e94f867146c4, event: $snapshot, properties: Object, timestamp: Wed May 13 2026 00:03:27 GMT+0100 (British Summer Time)} @ http://localhost:3000/_next/static/chunks/b3626_posthog-js_dist_module_c967c4c2.js:1019
[   14318ms] [LOG] [PostHog.js] send "$snapshot" {uuid: 019e1e6e-5bcd-70af-9705-c6e0b4cbb763, event: $snapshot, properties: Object, timestamp: Wed May 13 2026 00:03:29 GMT+0100 (British Summer Time)} @ http://localhost:3000/_next/static/chunks/b3626_posthog-js_dist_module_c967c4c2.js:1019
[   16637ms] [LOG] [PostHog.js] send "$snapshot" {uuid: 019e1e6e-64dc-76f1-92f7-55447436f90b, event: $snapshot, properties: Object, timestamp: Wed May 13 2026 00:03:31 GMT+0100 (British Summer Time)} @ http://localhost:3000/_next/static/chunks/b3626_posthog-js_dist_module_c967c4c2.js:1019
[   18972ms] [LOG] [PostHog.js] send "$snapshot" {uuid: 019e1e6e-6dfb-7c1f-bcd3-b98806a0ebba, event: $snapshot, properties: Object, timestamp: Wed May 13 2026 00:03:34 GMT+0100 (British Summer Time)} @ http://localhost:3000/_next/static/chunks/b3626_posthog-js_dist_module_c967c4c2.js:1019
[   21290ms] [LOG] [PostHog.js] send "$snapshot" {uuid: 019e1e6e-7709-75f5-93e7-41e960150c27, event: $snapshot, properties: Object, timestamp: Wed May 13 2026 00:03:36 GMT+0100 (British Summer Time)} @ http://localhost:3000/_next/static/chunks/b3626_posthog-js_dist_module_c967c4c2.js:1019
[   23610ms] [LOG] [PostHog.js] send "$snapshot" {uuid: 019e1e6e-8019-7289-bb8f-516a3716a55b, event: $snapshot, properties: Object, timestamp: Wed May 13 2026 00:03:38 GMT+0100 (British Summer Time)} @ http://localhost:3000/_next/static/chunks/b3626_posthog-js_dist_module_c967c4c2.js:1019
[   24074ms] [LOG] [PostHog.js] send "$autocapture" {uuid: 019e1e6e-81e9-77f4-95a9-d88df2002780, event: $autocapture, properties: Object, timestamp: Wed May 13 2026 00:03:39 GMT+0100 (British Summer Time)} @ http://localhost:3000/_next/static/chunks/b3626_posthog-js_dist_module_c967c4c2.js:1019
[   25944ms] [LOG] [PostHog.js] send "$snapshot" {uuid: 019e1e6e-8937-79d4-80a8-6809fbdcfc84, event: $snapshot, properties: Object, timestamp: Wed May 13 2026 00:03:41 GMT+0100 (British Summer Time)} @ http://localhost:3000/_next/static/chunks/b3626_posthog-js_dist_module_c967c4c2.js:1019
[   28264ms] [LOG] [PostHog.js] send "$snapshot" {uuid: 019e1e6e-9248-73da-9c4f-4bbcdd4d5d95, event: $snapshot, properties: Object, timestamp: Wed May 13 2026 00:03:43 GMT+0100 (British Summer Time)} @ http://localhost:3000/_next/static/chunks/b3626_posthog-js_dist_module_c967c4c2.js:1019
[   28908ms] [LOG] [PostHog.js] send "$autocapture" {uuid: 019e1e6e-94cb-7184-a909-6d9b603865af, event: $autocapture, properties: Object, timestamp: Wed May 13 2026 00:03:44 GMT+0100 (British Summer Time)} @ http://localhost:3000/_next/static/chunks/b3626_posthog-js_dist_module_c967c4c2.js:1019
[   28910ms] [LOG] [PostHog.js] send "$autocapture" {uuid: 019e1e6e-94cd-7b62-903c-75e7a1555cc0, event: $autocapture, properties: Object, timestamp: Wed May 13 2026 00:03:44 GMT+0100 (British Summer Time)} @ http://localhost:3000/_next/static/chunks/b3626_posthog-js_dist_module_c967c4c2.js:1019
[   28912ms] [LOG] [PostHog.js] send "$autocapture" {uuid: 019e1e6e-94cf-7f4b-bfa5-a42269b3aaa2, event: $autocapture, properties: Object, timestamp: Wed May 13 2026 00:03:44 GMT+0100 (British Summer Time)} @ http://localhost:3000/_next/static/chunks/b3626_posthog-js_dist_module_c967c4c2.js:1019
[   29318ms] [LOG] [PostHog.js] send "$$heatmap" {uuid: 019e1e6e-9665-7a23-911f-98e126d4af6c, event: $$heatmap, properties: Object, timestamp: Wed May 13 2026 00:03:44 GMT+0100 (British Summer Time)} @ http://localhost:3000/_next/static/chunks/b3626_posthog-js_dist_module_c967c4c2.js:1019
[   30599ms] [LOG] [PostHog.js] send "$snapshot" {uuid: 019e1e6e-9b66-71ec-8f45-df470095c1e7, event: $snapshot, properties: Object, timestamp: Wed May 13 2026 00:03:45 GMT+0100 (British Summer Time)} @ http://localhost:3000/_next/static/chunks/b3626_posthog-js_dist_module_c967c4c2.js:1019
[   32616ms] [LOG] [PostHog.js] send "$snapshot" {uuid: 019e1e6e-a347-7d61-8169-4eacc71df2ad, event: $snapshot, properties: Object, timestamp: Wed May 13 2026 00:03:47 GMT+0100 (British Summer Time)} @ http://localhost:3000/_next/static/chunks/b3626_posthog-js_dist_module_c967c4c2.js:1019
[   33930ms] [LOG] [PostHog.js] send "$web_vitals" {uuid: 019e1e6e-a869-7c63-a2b6-21a11d1d08ab, event: $web_vitals, properties: Object, timestamp: Wed May 13 2026 00:03:49 GMT+0100 (British Summer Time)} @ http://localhost:3000/_next/static/chunks/b3626_posthog-js_dist_module_c967c4c2.js:1019
[   34317ms] [LOG] [PostHog.js] send "$$heatmap" {uuid: 019e1e6e-a9ec-7a28-a696-33384923f19f, event: $$heatmap, properties: Object, timestamp: Wed May 13 2026 00:03:49 GMT+0100 (British Summer Time)} @ http://localhost:3000/_next/static/chunks/b3626_posthog-js_dist_module_c967c4c2.js:1019
[   34752ms] [LOG] [PostHog.js] send "$snapshot" {uuid: 019e1e6e-ab9f-756c-bd6e-8724629e275a, event: $snapshot, properties: Object, timestamp: Wed May 13 2026 00:03:49 GMT+0100 (British Summer Time)} @ http://localhost:3000/_next/static/chunks/b3626_posthog-js_dist_module_c967c4c2.js:1019
[   37087ms] [LOG] [PostHog.js] send "$snapshot" {uuid: 019e1e6e-b4be-7678-8168-d702748f2683, event: $snapshot, properties: Object, timestamp: Wed May 13 2026 00:03:52 GMT+0100 (British Summer Time)} @ http://localhost:3000/_next/static/chunks/b3626_posthog-js_dist_module_c967c4c2.js:1019
[   39422ms] [LOG] [PostHog.js] send "$snapshot" {uuid: 019e1e6e-bdde-7142-a381-987ddf6e75cd, event: $snapshot, properties: Object, timestamp: Wed May 13 2026 00:03:54 GMT+0100 (British Summer Time)} @ http://localhost:3000/_next/static/chunks/b3626_posthog-js_dist_module_c967c4c2.js:1019
[   41758ms] [LOG] [PostHog.js] send "$snapshot" {uuid: 019e1e6e-c6fd-70de-baca-2f546d45a814, event: $snapshot, properties: Object, timestamp: Wed May 13 2026 00:03:56 GMT+0100 (British Summer Time)} @ http://localhost:3000/_next/static/chunks/b3626_posthog-js_dist_module_c967c4c2.js:1019
[   44093ms] [LOG] [PostHog.js] send "$snapshot" {uuid: 019e1e6e-d01c-7f9a-8e92-9fa58fadf005, event: $snapshot, properties: Object, timestamp: Wed May 13 2026 00:03:59 GMT+0100 (British Summer Time)} @ http://localhost:3000/_next/static/chunks/b3626_posthog-js_dist_module_c967c4c2.js:1019
[   46428ms] [LOG] [PostHog.js] send "$snapshot" {uuid: 019e1e6e-d93b-7199-be9f-7a48a486ae7f, event: $snapshot, properties: Object, timestamp: Wed May 13 2026 00:04:01 GMT+0100 (British Summer Time)} @ http://localhost:3000/_next/static/chunks/b3626_posthog-js_dist_module_c967c4c2.js:1019
[   48763ms] [LOG] [PostHog.js] send "$snapshot" {uuid: 019e1e6e-e25b-70f0-a83e-a45f52b7222e, event: $snapshot, properties: Object, timestamp: Wed May 13 2026 00:04:03 GMT+0100 (British Summer Time)} @ http://localhost:3000/_next/static/chunks/b3626_posthog-js_dist_module_c967c4c2.js:1019
[   51099ms] [LOG] [PostHog.js] send "$snapshot" {uuid: 019e1e6e-eb7a-7a93-b47f-19fdba87f660, event: $snapshot, properties: Object, timestamp: Wed May 13 2026 00:04:06 GMT+0100 (British Summer Time)} @ http://localhost:3000/_next/static/chunks/b3626_posthog-js_dist_module_c967c4c2.js:1019
[   53434ms] [LOG] [PostHog.js] send "$snapshot" {uuid: 019e1e6e-f499-73d4-b712-06c32c419e5a, event: $snapshot, properties: Object, timestamp: Wed May 13 2026 00:04:08 GMT+0100 (British Summer Time)} @ http://localhost:3000/_next/static/chunks/b3626_posthog-js_dist_module_c967c4c2.js:1019
[   55769ms] [LOG] [PostHog.js] send "$snapshot" {uuid: 019e1e6e-fdb8-71a3-8c69-2a30b40f9560, event: $snapshot, properties: Object, timestamp: Wed May 13 2026 00:04:10 GMT+0100 (British Summer Time)} @ http://localhost:3000/_next/static/chunks/b3626_posthog-js_dist_module_c967c4c2.js:1019
[   58087ms] [LOG] [PostHog.js] send "$snapshot" {uuid: 019e1e6f-06c7-7d0e-9254-b8d640d47b1a, event: $snapshot, properties: Object, timestamp: Wed May 13 2026 00:04:13 GMT+0100 (British Summer Time)} @ http://localhost:3000/_next/static/chunks/b3626_posthog-js_dist_module_c967c4c2.js:1019
[   60407ms] [LOG] [PostHog.js] send "$snapshot" {uuid: 019e1e6f-0fd6-737a-9959-f48f036b7fbc, event: $snapshot, properties: Object, timestamp: Wed May 13 2026 00:04:15 GMT+0100 (British Summer Time)} @ http://localhost:3000/_next/static/chunks/b3626_posthog-js_dist_module_c967c4c2.js:1019
[   62742ms] [LOG] [PostHog.js] send "$snapshot" {uuid: 019e1e6f-18f5-7a98-81ac-87736eff8825, event: $snapshot, properties: Object, timestamp: Wed May 13 2026 00:04:17 GMT+0100 (British Summer Time)} @ http://localhost:3000/_next/static/chunks/b3626_posthog-js_dist_module_c967c4c2.js:1019
[   65077ms] [LOG] [PostHog.js] send "$snapshot" {uuid: 019e1e6f-2214-78de-a67a-ed3078b3053c, event: $snapshot, properties: Object, timestamp: Wed May 13 2026 00:04:20 GMT+0100 (British Summer Time)} @ http://localhost:3000/_next/static/chunks/b3626_posthog-js_dist_module_c967c4c2.js:1019
[   67412ms] [LOG] [PostHog.js] send "$snapshot" {uuid: 019e1e6f-2b33-78ad-81ae-b3f315ab91b2, event: $snapshot, properties: Object, timestamp: Wed May 13 2026 00:04:22 GMT+0100 (British Summer Time)} @ http://localhost:3000/_next/static/chunks/b3626_posthog-js_dist_module_c967c4c2.js:1019
[   69747ms] [LOG] [PostHog.js] send "$snapshot" {uuid: 019e1e6f-3453-7c7a-846e-978f569f6f7d, event: $snapshot, properties: Object, timestamp: Wed May 13 2026 00:04:24 GMT+0100 (British Summer Time)} @ http://localhost:3000/_next/static/chunks/b3626_posthog-js_dist_module_c967c4c2.js:1019
[   72082ms] [LOG] [PostHog.js] send "$snapshot" {uuid: 019e1e6f-3d72-767d-8416-e298a513b7a6, event: $snapshot, properties: Object, timestamp: Wed May 13 2026 00:04:27 GMT+0100 (British Summer Time)} @ http://localhost:3000/_next/static/chunks/b3626_posthog-js_dist_module_c967c4c2.js:1019
[   74402ms] [LOG] [PostHog.js] send "$snapshot" {uuid: 019e1e6f-4681-7338-b994-6f08e600027b, event: $snapshot, properties: Object, timestamp: Wed May 13 2026 00:04:29 GMT+0100 (British Summer Time)} @ http://localhost:3000/_next/static/chunks/b3626_posthog-js_dist_module_c967c4c2.js:1019
[   76737ms] [LOG] [PostHog.js] send "$snapshot" {uuid: 019e1e6f-4fa1-7f09-a6be-15f9ccd69596, event: $snapshot, properties: Object, timestamp: Wed May 13 2026 00:04:31 GMT+0100 (British Summer Time)} @ http://localhost:3000/_next/static/chunks/b3626_posthog-js_dist_module_c967c4c2.js:1019
[   79071ms] [LOG] [PostHog.js] send "$snapshot" {uuid: 019e1e6f-58bf-7cdd-a305-f629c6b996cc, event: $snapshot, properties: Object, timestamp: Wed May 13 2026 00:04:34 GMT+0100 (British Summer Time)} @ http://localhost:3000/_next/static/chunks/b3626_posthog-js_dist_module_c967c4c2.js:1019
[   81390ms] [LOG] [PostHog.js] send "$snapshot" {uuid: 019e1e6f-61ce-7b4b-b3b3-ed96a22bea03, event: $snapshot, properties: Object, timestamp: Wed May 13 2026 00:04:36 GMT+0100 (British Summer Time)} @ http://localhost:3000/_next/static/chunks/b3626_posthog-js_dist_module_c967c4c2.js:1019
[   83725ms] [LOG] [PostHog.js] send "$snapshot" {uuid: 019e1e6f-6aed-7b9f-aa9e-ec51eaee790b, event: $snapshot, properties: Object, timestamp: Wed May 13 2026 00:04:38 GMT+0100 (British Summer Time)} @ http://localhost:3000/_next/static/chunks/b3626_posthog-js_dist_module_c967c4c2.js:1019
[   86061ms] [LOG] [PostHog.js] send "$snapshot" {uuid: 019e1e6f-740c-79d8-85ee-fb81080756ab, event: $snapshot, properties: Object, timestamp: Wed May 13 2026 00:04:41 GMT+0100 (British Summer Time)} @ http://localhost:3000/_next/static/chunks/b3626_posthog-js_dist_module_c967c4c2.js:1019
[   88396ms] [LOG] [PostHog.js] send "$snapshot" {uuid: 019e1e6f-7d2c-75c6-adc9-4aa2e917e915, event: $snapshot, properties: Object, timestamp: Wed May 13 2026 00:04:43 GMT+0100 (British Summer Time)} @ http://localhost:3000/_next/static/chunks/b3626_posthog-js_dist_module_c967c4c2.js:1019
[   90715ms] [LOG] [PostHog.js] send "$snapshot" {uuid: 019e1e6f-863a-70dc-8852-2ddb17958261, event: $snapshot, properties: Object, timestamp: Wed May 13 2026 00:04:45 GMT+0100 (British Summer Time)} @ http://localhost:3000/_next/static/chunks/b3626_posthog-js_dist_module_c967c4c2.js:1019
[   93050ms] [LOG] [PostHog.js] send "$snapshot" {uuid: 019e1e6f-8f5a-77c3-9c5f-00b7503fd3e1, event: $snapshot, properties: Object, timestamp: Wed May 13 2026 00:04:48 GMT+0100 (British Summer Time)} @ http://localhost:3000/_next/static/chunks/b3626_posthog-js_dist_module_c967c4c2.js:1019
[   95385ms] [LOG] [PostHog.js] send "$snapshot" {uuid: 019e1e6f-9878-7b82-a926-791a701891c4, event: $snapshot, properties: Object, timestamp: Wed May 13 2026 00:04:50 GMT+0100 (British Summer Time)} @ http://localhost:3000/_next/static/chunks/b3626_posthog-js_dist_module_c967c4c2.js:1019
[   97720ms] [LOG] [PostHog.js] send "$snapshot" {uuid: 019e1e6f-a198-7525-b5f8-46d1725e588c, event: $snapshot, properties: Object, timestamp: Wed May 13 2026 00:04:52 GMT+0100 (British Summer Time)} @ http://localhost:3000/_next/static/chunks/b3626_posthog-js_dist_module_c967c4c2.js:1019
[  100039ms] [LOG] [PostHog.js] send "$snapshot" {uuid: 019e1e6f-aaa7-71cf-a3ca-2f6e2c55e287, event: $snapshot, properties: Object, timestamp: Wed May 13 2026 00:04:55 GMT+0100 (British Summer Time)} @ http://localhost:3000/_next/static/chunks/b3626_posthog-js_dist_module_c967c4c2.js:1019
[  102374ms] [LOG] [PostHog.js] send "$snapshot" {uuid: 019e1e6f-b3c6-7625-9c3b-110f1c73458c, event: $snapshot, properties: Object, timestamp: Wed May 13 2026 00:04:57 GMT+0100 (British Summer Time)} @ http://localhost:3000/_next/static/chunks/b3626_posthog-js_dist_module_c967c4c2.js:1019
[  104693ms] [LOG] [PostHog.js] send "$snapshot" {uuid: 019e1e6f-bcd5-7ef2-82e9-a9c4d3f5c5a4, event: $snapshot, properties: Object, timestamp: Wed May 13 2026 00:04:59 GMT+0100 (British Summer Time)} @ http://localhost:3000/_next/static/chunks/b3626_posthog-js_dist_module_c967c4c2.js:1019
[  107028ms] [LOG] [PostHog.js] send "$snapshot" {uuid: 019e1e6f-c5f4-7ced-b9f7-2a7bd16a3485, event: $snapshot, properties: Object, timestamp: Wed May 13 2026 00:05:02 GMT+0100 (British Summer Time)} @ http://localhost:3000/_next/static/chunks/b3626_posthog-js_dist_module_c967c4c2.js:1019
[  109364ms] [LOG] [PostHog.js] send "$snapshot" {uuid: 019e1e6f-cf13-7726-85e0-71b34f68927b, event: $snapshot, properties: Object, timestamp: Wed May 13 2026 00:05:04 GMT+0100 (British Summer Time)} @ http://localhost:3000/_next/static/chunks/b3626_posthog-js_dist_module_c967c4c2.js:1019
[  111699ms] [LOG] [PostHog.js] send "$snapshot" {uuid: 019e1e6f-d833-7e72-98d4-42b59048086f, event: $snapshot, properties: Object, timestamp: Wed May 13 2026 00:05:06 GMT+0100 (British Summer Time)} @ http://localhost:3000/_next/static/chunks/b3626_posthog-js_dist_module_c967c4c2.js:1019
[  114034ms] [LOG] [PostHog.js] send "$snapshot" {uuid: 019e1e6f-e152-7cbd-bd86-9efc0381420d, event: $snapshot, properties: Object, timestamp: Wed May 13 2026 00:05:09 GMT+0100 (British Summer Time)} @ http://localhost:3000/_next/static/chunks/b3626_posthog-js_dist_module_c967c4c2.js:1019
[  116369ms] [LOG] [PostHog.js] send "$snapshot" {uuid: 019e1e6f-ea71-75bb-9d2b-7ffbc493548f, event: $snapshot, properties: Object, timestamp: Wed May 13 2026 00:05:11 GMT+0100 (British Summer Time)} @ http://localhost:3000/_next/static/chunks/b3626_posthog-js_dist_module_c967c4c2.js:1019
[  118705ms] [LOG] [PostHog.js] send "$snapshot" {uuid: 019e1e6f-f390-77dc-be64-2163717c6330, event: $snapshot, properties: Object, timestamp: Wed May 13 2026 00:05:13 GMT+0100 (British Summer Time)} @ http://localhost:3000/_next/static/chunks/b3626_posthog-js_dist_module_c967c4c2.js:1019
[  121040ms] [LOG] [PostHog.js] send "$snapshot" {uuid: 019e1e6f-fcaf-7803-9424-5f55b36f4d56, event: $snapshot, properties: Object, timestamp: Wed May 13 2026 00:05:16 GMT+0100 (British Summer Time)} @ http://localhost:3000/_next/static/chunks/b3626_posthog-js_dist_module_c967c4c2.js:1019
[  123358ms] [LOG] [PostHog.js] send "$snapshot" {uuid: 019e1e70-05be-729a-93c9-d9ded8adcce5, event: $snapshot, properties: Object, timestamp: Wed May 13 2026 00:05:18 GMT+0100 (British Summer Time)} @ http://localhost:3000/_next/static/chunks/b3626_posthog-js_dist_module_c967c4c2.js:1019
[  125694ms] [LOG] [PostHog.js] send "$snapshot" {uuid: 019e1e70-0ede-7d8d-8468-3b001f4765df, event: $snapshot, properties: Object, timestamp: Wed May 13 2026 00:05:20 GMT+0100 (British Summer Time)} @ http://localhost:3000/_next/static/chunks/b3626_posthog-js_dist_module_c967c4c2.js:1019
[  128029ms] [LOG] [PostHog.js] send "$snapshot" {uuid: 019e1e70-17fd-7146-80e1-13b2eeed1b1e, event: $snapshot, properties: Object, timestamp: Wed May 13 2026 00:05:23 GMT+0100 (British Summer Time)} @ http://localhost:3000/_next/static/chunks/b3626_posthog-js_dist_module_c967c4c2.js:1019
[  130347ms] [LOG] [PostHog.js] send "$snapshot" {uuid: 019e1e70-210b-7b7e-b7e8-c82ecbd2778e, event: $snapshot, properties: Object, timestamp: Wed May 13 2026 00:05:25 GMT+0100 (British Summer Time)} @ http://localhost:3000/_next/static/chunks/b3626_posthog-js_dist_module_c967c4c2.js:1019
[  132667ms] [LOG] [PostHog.js] send "$snapshot" {uuid: 019e1e70-2a1a-74b8-97eb-6edf49f13e80, event: $snapshot, properties: Object, timestamp: Wed May 13 2026 00:05:27 GMT+0100 (British Summer Time)} @ http://localhost:3000/_next/static/chunks/b3626_posthog-js_dist_module_c967c4c2.js:1019
[  135002ms] [LOG] [PostHog.js] send "$snapshot" {uuid: 019e1e70-3339-72dd-8499-122ca815f3e7, event: $snapshot, properties: Object, timestamp: Wed May 13 2026 00:05:30 GMT+0100 (British Summer Time)} @ http://localhost:3000/_next/static/chunks/b3626_posthog-js_dist_module_c967c4c2.js:1019
[  137337ms] [LOG] [PostHog.js] send "$snapshot" {uuid: 019e1e70-3c58-7e4b-b686-e4348bbec4d9, event: $snapshot, properties: Object, timestamp: Wed May 13 2026 00:05:32 GMT+0100 (British Summer Time)} @ http://localhost:3000/_next/static/chunks/b3626_posthog-js_dist_module_c967c4c2.js:1019
[  139673ms] [LOG] [PostHog.js] send "$snapshot" {uuid: 019e1e70-4578-7843-8cda-b9bcfed90966, event: $snapshot, properties: Object, timestamp: Wed May 13 2026 00:05:34 GMT+0100 (British Summer Time)} @ http://localhost:3000/_next/static/chunks/b3626_posthog-js_dist_module_c967c4c2.js:1019
[  142007ms] [LOG] [PostHog.js] send "$snapshot" {uuid: 019e1e70-4e97-779e-ab50-905474c7d153, event: $snapshot, properties: Object, timestamp: Wed May 13 2026 00:05:37 GMT+0100 (British Summer Time)} @ http://localhost:3000/_next/static/chunks/b3626_posthog-js_dist_module_c967c4c2.js:1019
[  144342ms] [LOG] [PostHog.js] send "$snapshot" {uuid: 019e1e70-57b6-7396-bd60-ee0af7c601ca, event: $snapshot, properties: Object, timestamp: Wed May 13 2026 00:05:39 GMT+0100 (British Summer Time)} @ http://localhost:3000/_next/static/chunks/b3626_posthog-js_dist_module_c967c4c2.js:1019
[  146678ms] [LOG] [PostHog.js] send "$snapshot" {uuid: 019e1e70-60d6-7f37-b06c-c34b476d1f02, event: $snapshot, properties: Object, timestamp: Wed May 13 2026 00:05:41 GMT+0100 (British Summer Time)} @ http://localhost:3000/_next/static/chunks/b3626_posthog-js_dist_module_c967c4c2.js:1019
[  149014ms] [LOG] [PostHog.js] send "$snapshot" {uuid: 019e1e70-69f5-7242-a3ee-af5717b0c68d, event: $snapshot, properties: Object, timestamp: Wed May 13 2026 00:05:44 GMT+0100 (British Summer Time)} @ http://localhost:3000/_next/static/chunks/b3626_posthog-js_dist_module_c967c4c2.js:1019
[  151349ms] [LOG] [PostHog.js] send "$snapshot" {uuid: 019e1e70-7314-7ea0-a8c9-483d58080ba3, event: $snapshot, properties: Object, timestamp: Wed May 13 2026 00:05:46 GMT+0100 (British Summer Time)} @ http://localhost:3000/_next/static/chunks/b3626_posthog-js_dist_module_c967c4c2.js:1019
[  153684ms] [LOG] [PostHog.js] send "$snapshot" {uuid: 019e1e70-7c33-716c-94de-9ec16cccc00c, event: $snapshot, properties: Object, timestamp: Wed May 13 2026 00:05:48 GMT+0100 (British Summer Time)} @ http://localhost:3000/_next/static/chunks/b3626_posthog-js_dist_module_c967c4c2.js:1019
