[      41ms] [LOG] [PostHog.js] send "$snapshot" {uuid: 019e1c76-17f2-7ac9-bb5f-e47e5ef88d9c, event: $snapshot, properties: Object, timestamp: Tue May 12 2026 14:52:41 GMT+0100 (British Summer Time)} @ http://localhost:3001/_next/static/chunks/b3626_posthog-js_dist_module_c967c4c2.js:1019
[     296ms] [LOG] [PostHog.js] send "$pageleave" {uuid: 019e1c76-18f0-7dec-966c-e7900699fe69, event: $pageleave, properties: Object, timestamp: Tue May 12 2026 14:52:42 GMT+0100 (British Summer Time)} @ http://localhost:3001/_next/static/chunks/b3626_posthog-js_dist_module_c967c4c2.js:1019
[     404ms] [LOG] [PostHog.js] set_config {config: Object, oldConfig: Object, newConfig: Object} @ http://localhost:3001/_next/static/chunks/b3626_posthog-js_dist_module_c967c4c2.js:1019
[     404ms] [LOG] [PostHog.js] Persistence loaded localStorage+cookie {$device_id: 019e196c-377b-76e9-9751-6dc0354f6ca7, distinct_id: 019e196c-377b-76e9-9751-6dc0354f6ca7, $sesid: Array(3), $epp: true, $initial_person_info: Object} @ http://localhost:3001/_next/static/chunks/b3626_posthog-js_dist_module_c967c4c2.js:1019
[     406ms] [LOG] [PostHog.js] Persistence loaded sessionStorage {$sdk_debug_extensions_init_method: synchronous, $sdk_debug_extensions_init_time_ms: 2, $referrer: $direct, $referring_domain: $direct, $sdk_debug_replay_remote_trigger_matching_config: null} @ http://localhost:3001/_next/static/chunks/b3626_posthog-js_dist_module_c967c4c2.js:1019
[     406ms] [LOG] [PostHog.js] Initializing extensions synchronously @ http://localhost:3001/_next/static/chunks/b3626_posthog-js_dist_module_c967c4c2.js:1019
[     406ms] [LOG] [PostHog.js] [Web Vitals] enabled, starting... @ http://localhost:3001/_next/static/chunks/b3626_posthog-js_dist_module_c967c4c2.js:1019
[     407ms] [LOG] [PostHog.js] [ExceptionAutocapture] enabled @ http://localhost:3001/_next/static/chunks/b3626_posthog-js_dist_module_c967c4c2.js:1019
[     407ms] [LOG] [PostHog.js] History API monitoring enabled, starting... @ http://localhost:3001/_next/static/chunks/b3626_posthog-js_dist_module_c967c4c2.js:1019
[     407ms] [LOG] [PostHog.js] [SessionRecording] starting @ http://localhost:3001/_next/static/chunks/b3626_posthog-js_dist_module_c967c4c2.js:1019
[     408ms] [LOG] [PostHog.js] [Heatmaps] starting... @ http://localhost:3001/_next/static/chunks/b3626_posthog-js_dist_module_c967c4c2.js:1019
[     408ms] [LOG] [PostHog.js] Starting in debug mode {this: qn, config: Object, thisC: Object, p: Object, s: Object} @ http://localhost:3001/_next/static/chunks/b3626_posthog-js_dist_module_c967c4c2.js:1019
[     410ms] [LOG] [PostHog.js] send "$set" {uuid: 019e1c76-1962-799d-a2e3-9cab3bcb8eac, event: $set, properties: Object, $set_once: Object, timestamp: Tue May 12 2026 14:52:42 GMT+0100 (British Summer Time)} @ http://localhost:3001/_next/static/chunks/b3626_posthog-js_dist_module_c967c4c2.js:1019
[     412ms] [INFO] %cDownload the React DevTools for a better development experience: https://react.dev/link/react-devtools font-weight:bold @ http://localhost:3001/_next/static/chunks/8f4ea_next_dist_compiled_react-dom_17a4e3b3._.js:14537
[     428ms] [LOG] [PostHog.js] send "$pageview" {uuid: 019e1c76-1975-736b-b81d-3aa085550565, event: $pageview, properties: Object, timestamp: Tue May 12 2026 14:52:42 GMT+0100 (British Summer Time)} @ http://localhost:3001/_next/static/chunks/b3626_posthog-js_dist_module_c967c4c2.js:1019
[     523ms] [ERROR] Failed to load resource: the server responded with a status of 404 (Not Found) @ http://localhost:3001/_next/image?url=https%3A%2F%2Fimages.unsplash.com%2Fphoto-1604503468506-a399da69a440%3Fw%3D400%26h%3D400%26fit%3Dcrop%26q%3D80&w=256&q=75:0
[     528ms] [ERROR] Failed to load resource: the server responded with a status of 404 (Not Found) @ http://localhost:3001/_next/image?url=https%3A%2F%2Fimages.unsplash.com%2Fphoto-1540420773420-bd3362c9d999%3Fw%3D400%26h%3D400%26fit%3Dcrop%26q%3D80&w=256&q=75:0
[     544ms] [WARNING] Image with src "/images/hero/Image.jpg" is using quality "50" which is not configured in images.qualities. This config will be required starting in Next.js 16.
Read more: https://nextjs.org/docs/messages/next-image-unconfigured-qualities @ http://localhost:3001/_next/static/chunks/8f4ea_next_dist_e552cdb3._.js:968
[     635ms] [LOG] [PostHog.js] [Dead Clicks] starting... @ http://localhost:3001/_next/static/chunks/b3626_posthog-js_dist_module_c967c4c2.js:1019
[     646ms] [LOG] [PostHog.js] Persistence loaded sessionStorage {$sdk_debug_extensions_init_method: synchronous, $sdk_debug_extensions_init_time_ms: 2, $referrer: $direct, $referring_domain: $direct, $sdk_debug_replay_remote_trigger_matching_config: null} @ http://localhost:3001/_next/static/chunks/b3626_posthog-js_dist_module_c967c4c2.js:1019
[     646ms] [LOG] [PostHog.js] set_config {config: Object, oldConfig: Object, newConfig: Object} @ http://localhost:3001/_next/static/chunks/b3626_posthog-js_dist_module_c967c4c2.js:1019
[     646ms] [LOG] [PostHog.js] [ExceptionAutocapture] enabled @ http://localhost:3001/_next/static/chunks/b3626_posthog-js_dist_module_c967c4c2.js:1019
[     646ms] [LOG] [PostHog.js] [Surveys] flags response received, isSurveysEnabled: false @ http://localhost:3001/_next/static/chunks/b3626_posthog-js_dist_module_c967c4c2.js:1019
[     647ms] [LOG] [PostHog.js] [ExceptionAutocapture] enabled @ http://localhost:3001/_next/static/chunks/b3626_posthog-js_dist_module_c967c4c2.js:1019
[     650ms] [LOG] [PostHog.js] [Surveys] Surveys loaded successfully @ http://localhost:3001/_next/static/chunks/b3626_posthog-js_dist_module_c967c4c2.js:1019
[    5609ms] [LOG] [PostHog.js] send "$web_vitals" {uuid: 019e1c76-2db2-7013-bc31-5951d23e25cc, event: $web_vitals, properties: Object, timestamp: Tue May 12 2026 14:52:47 GMT+0100 (British Summer Time)} @ http://localhost:3001/_next/static/chunks/b3626_posthog-js_dist_module_c967c4c2.js:1019
[    6528ms] [WARNING] The resource http://localhost:3001/images/hero/Image.jpg was preloaded using link preload but not used within a few seconds from the window's load event. Please make sure it has an appropriate `as` value and it is preloaded intentionally. @ http://localhost:3001/ke:0
[    9624ms] [LOG] [PostHog.js] send "$autocapture" {uuid: 019e1c76-3d61-7f0d-b8f3-f64d478fa7b0, event: $autocapture, properties: Object, timestamp: Tue May 12 2026 14:52:51 GMT+0100 (British Summer Time)} @ http://localhost:3001/_next/static/chunks/b3626_posthog-js_dist_module_c967c4c2.js:1019
[   10410ms] [LOG] [PostHog.js] send "$$heatmap" {uuid: 019e1c76-4073-7b50-b049-ed9193aa005f, event: $$heatmap, properties: Object, timestamp: Tue May 12 2026 14:52:52 GMT+0100 (British Summer Time)} @ http://localhost:3001/_next/static/chunks/b3626_posthog-js_dist_module_c967c4c2.js:1019
[   11623ms] [LOG] [PostHog.js] send "$snapshot" {uuid: 019e1c76-4530-7c3c-bf22-6c9a71a3628a, event: $snapshot, properties: Object, timestamp: Tue May 12 2026 14:52:53 GMT+0100 (British Summer Time)} @ http://localhost:3001/_next/static/chunks/b3626_posthog-js_dist_module_c967c4c2.js:1019
[   11750ms] [WARNING] The resource http://localhost:3001/images/hero/Image.jpg was preloaded using link preload but not used within a few seconds from the window's load event. Please make sure it has an appropriate `as` value and it is preloaded intentionally. @ http://localhost:3001/ke:0
[   14668ms] [LOG] [PostHog.js] send "$web_vitals" {uuid: 019e1c76-5115-79b4-8452-5aa77bc55db6, event: $web_vitals, properties: Object, timestamp: Tue May 12 2026 14:52:56 GMT+0100 (British Summer Time)} @ http://localhost:3001/_next/static/chunks/b3626_posthog-js_dist_module_c967c4c2.js:1019
[   16386ms] [WARNING] The resource http://localhost:3001/images/hero/Image.jpg was preloaded using link preload but not used within a few seconds from the window's load event. Please make sure it has an appropriate `as` value and it is preloaded intentionally. @ http://localhost:3001/ke:0
[   20785ms] [WARNING] The resource http://localhost:3001/images/hero/Image.jpg was preloaded using link preload but not used within a few seconds from the window's load event. Please make sure it has an appropriate `as` value and it is preloaded intentionally. @ http://localhost:3001/ke:0
[   22181ms] [LOG] [PostHog.js] send "$snapshot" {uuid: 019e1c76-6e6f-7979-bf0d-98dd4597ad5c, event: $snapshot, properties: Object, timestamp: Tue May 12 2026 14:53:04 GMT+0100 (British Summer Time)} @ http://localhost:3001/_next/static/chunks/b3626_posthog-js_dist_module_c967c4c2.js:1019
[   28700ms] [WARNING] The resource http://localhost:3001/images/hero/Image.jpg was preloaded using link preload but not used within a few seconds from the window's load event. Please make sure it has an appropriate `as` value and it is preloaded intentionally. @ http://localhost:3001/ke:0
[   41023ms] [ERROR] Failed to load resource: the server responded with a status of 404 (Not Found) @ http://localhost:3001/_next/image?url=https%3A%2F%2Fimages.unsplash.com%2Fphoto-1466692476869-aef1dfb1e735%3Fw%3D400%26h%3D400%26fit%3Dcrop%26q%3D80&w=256&q=75:0
[   42426ms] [LOG] [PostHog.js] send "$snapshot" {uuid: 019e1c76-bd84-7e39-bb43-24ccba99615b, event: $snapshot, properties: Object, timestamp: Tue May 12 2026 14:53:24 GMT+0100 (British Summer Time)} @ http://localhost:3001/_next/static/chunks/b3626_posthog-js_dist_module_c967c4c2.js:1019
[   44026ms] [WARNING] The resource http://localhost:3001/images/hero/Image.jpg was preloaded using link preload but not used within a few seconds from the window's load event. Please make sure it has an appropriate `as` value and it is preloaded intentionally. @ http://localhost:3001/ke:0
[   48976ms] [WARNING] The resource http://localhost:3001/images/hero/Image.jpg was preloaded using link preload but not used within a few seconds from the window's load event. Please make sure it has an appropriate `as` value and it is preloaded intentionally. @ http://localhost:3001/ke:0
