[      44ms] [LOG] [PostHog.js] send "$snapshot" {uuid: 019e1c7a-6e92-7e6d-a170-0e1ded12707c, event: $snapshot, properties: Object, timestamp: Tue May 12 2026 14:57:26 GMT+0100 (British Summer Time)} @ http://localhost:3001/_next/static/chunks/b3626_posthog-js_dist_module_c967c4c2.js:1019
[     189ms] [LOG] [Fast Refresh] rebuilding @ https://us-assets.i.posthog.com/static/posthog-recorder.js?v=1.372.10:0
[     304ms] [LOG] [Fast Refresh] done in 216ms @ https://us-assets.i.posthog.com/static/posthog-recorder.js?v=1.372.10:0
[     942ms] [LOG] [PostHog.js] send "$pageleave" {uuid: 019e1c7a-7214-76b7-9369-6ffb75d47849, event: $pageleave, properties: Object, timestamp: Tue May 12 2026 14:57:27 GMT+0100 (British Summer Time)} @ http://localhost:3001/_next/static/chunks/b3626_posthog-js_dist_module_c967c4c2.js:1019
[    1041ms] [LOG] [PostHog.js] set_config {config: Object, oldConfig: Object, newConfig: Object} @ http://localhost:3001/_next/static/chunks/b3626_posthog-js_dist_module_c967c4c2.js:1019
[    1041ms] [LOG] [PostHog.js] Persistence loaded localStorage+cookie {$device_id: 019e196c-377b-76e9-9751-6dc0354f6ca7, distinct_id: 019e196c-377b-76e9-9751-6dc0354f6ca7, $sesid: Array(3), $epp: true, $initial_person_info: Object} @ http://localhost:3001/_next/static/chunks/b3626_posthog-js_dist_module_c967c4c2.js:1019
[    1042ms] [LOG] [PostHog.js] Persistence loaded sessionStorage {$sdk_debug_extensions_init_method: synchronous, $sdk_debug_extensions_init_time_ms: 2, $referrer: $direct, $referring_domain: $direct, $sdk_debug_replay_remote_trigger_matching_config: null} @ http://localhost:3001/_next/static/chunks/b3626_posthog-js_dist_module_c967c4c2.js:1019
[    1043ms] [LOG] [PostHog.js] Initializing extensions synchronously @ http://localhost:3001/_next/static/chunks/b3626_posthog-js_dist_module_c967c4c2.js:1019
[    1043ms] [LOG] [PostHog.js] [Web Vitals] enabled, starting... @ http://localhost:3001/_next/static/chunks/b3626_posthog-js_dist_module_c967c4c2.js:1019
[    1043ms] [LOG] [PostHog.js] [ExceptionAutocapture] enabled @ http://localhost:3001/_next/static/chunks/b3626_posthog-js_dist_module_c967c4c2.js:1019
[    1043ms] [LOG] [PostHog.js] History API monitoring enabled, starting... @ http://localhost:3001/_next/static/chunks/b3626_posthog-js_dist_module_c967c4c2.js:1019
[    1044ms] [LOG] [PostHog.js] [SessionRecording] starting @ http://localhost:3001/_next/static/chunks/b3626_posthog-js_dist_module_c967c4c2.js:1019
[    1044ms] [LOG] [PostHog.js] [Heatmaps] starting... @ http://localhost:3001/_next/static/chunks/b3626_posthog-js_dist_module_c967c4c2.js:1019
[    1044ms] [LOG] [PostHog.js] Starting in debug mode {this: qn, config: Object, thisC: Object, p: Object, s: Object} @ http://localhost:3001/_next/static/chunks/b3626_posthog-js_dist_module_c967c4c2.js:1019
[    1047ms] [LOG] [PostHog.js] send "$set" {uuid: 019e1c7a-727c-76e9-b19c-44f9dfda5f58, event: $set, properties: Object, $set_once: Object, timestamp: Tue May 12 2026 14:57:27 GMT+0100 (British Summer Time)} @ http://localhost:3001/_next/static/chunks/b3626_posthog-js_dist_module_c967c4c2.js:1019
[    1049ms] [INFO] %cDownload the React DevTools for a better development experience: https://react.dev/link/react-devtools font-weight:bold @ http://localhost:3001/_next/static/chunks/8f4ea_next_dist_compiled_react-dom_17a4e3b3._.js:14537
[    1068ms] [LOG] [PostHog.js] send "$pageview" {uuid: 019e1c7a-7292-7119-bc11-23b2f0a44456, event: $pageview, properties: Object, timestamp: Tue May 12 2026 14:57:27 GMT+0100 (British Summer Time)} @ http://localhost:3001/_next/static/chunks/b3626_posthog-js_dist_module_c967c4c2.js:1019
[    1160ms] [WARNING] Image with src "/images/hero/Image.jpg" is using quality "50" which is not configured in images.qualities. This config will be required starting in Next.js 16.
Read more: https://nextjs.org/docs/messages/next-image-unconfigured-qualities @ http://localhost:3001/_next/static/chunks/8f4ea_next_dist_e552cdb3._.js:968
[    1215ms] [ERROR] Failed to load resource: the server responded with a status of 404 (Not Found) @ http://localhost:3001/_next/image?url=https%3A%2F%2Fimages.unsplash.com%2Fphoto-1466692476869-aef1dfb1e735%3Fw%3D400%26h%3D400%26fit%3Dcrop%26q%3D80&w=256&q=75:0
[    1266ms] [LOG] [PostHog.js] [Dead Clicks] starting... @ http://localhost:3001/_next/static/chunks/b3626_posthog-js_dist_module_c967c4c2.js:1019
[    1325ms] [LOG] [PostHog.js] Persistence loaded sessionStorage {$sdk_debug_extensions_init_method: synchronous, $sdk_debug_extensions_init_time_ms: 2, $referrer: $direct, $referring_domain: $direct, $sdk_debug_replay_remote_trigger_matching_config: null} @ http://localhost:3001/_next/static/chunks/b3626_posthog-js_dist_module_c967c4c2.js:1019
[    1326ms] [LOG] [PostHog.js] set_config {config: Object, oldConfig: Object, newConfig: Object} @ http://localhost:3001/_next/static/chunks/b3626_posthog-js_dist_module_c967c4c2.js:1019
[    1326ms] [LOG] [PostHog.js] [ExceptionAutocapture] enabled @ http://localhost:3001/_next/static/chunks/b3626_posthog-js_dist_module_c967c4c2.js:1019
[    1326ms] [LOG] [PostHog.js] [Surveys] flags response received, isSurveysEnabled: false @ http://localhost:3001/_next/static/chunks/b3626_posthog-js_dist_module_c967c4c2.js:1019
[    1326ms] [LOG] [PostHog.js] [ExceptionAutocapture] enabled @ http://localhost:3001/_next/static/chunks/b3626_posthog-js_dist_module_c967c4c2.js:1019
[    1444ms] [LOG] [PostHog.js] [Surveys] Surveys loaded successfully @ http://localhost:3001/_next/static/chunks/b3626_posthog-js_dist_module_c967c4c2.js:1019
[    1734ms] [ERROR] Failed to load resource: the server responded with a status of 404 (Not Found) @ http://localhost:3001/_next/image?url=https%3A%2F%2Fimages.unsplash.com%2Fphoto-1540420773420-bd3362c9d999%3Fw%3D400%26h%3D400%26fit%3Dcrop%26q%3D80&w=256&q=75:0
[    1809ms] [ERROR] Failed to load resource: the server responded with a status of 404 (Not Found) @ http://localhost:3001/_next/image?url=https%3A%2F%2Fimages.unsplash.com%2Fphoto-1604503468506-a399da69a440%3Fw%3D400%26h%3D400%26fit%3Dcrop%26q%3D80&w=256&q=75:0
[    6270ms] [LOG] [PostHog.js] send "$web_vitals" {uuid: 019e1c7a-86e3-7a14-9263-68e91917e40b, event: $web_vitals, properties: Object, timestamp: Tue May 12 2026 14:57:32 GMT+0100 (British Summer Time)} @ http://localhost:3001/_next/static/chunks/b3626_posthog-js_dist_module_c967c4c2.js:1019
[    7166ms] [WARNING] The resource http://localhost:3001/images/hero/Image.jpg was preloaded using link preload but not used within a few seconds from the window's load event. Please make sure it has an appropriate `as` value and it is preloaded intentionally. @ http://localhost:3001/ke:0
[   12613ms] [LOG] [PostHog.js] send "$snapshot" {uuid: 019e1c7a-9fab-7172-851d-9c6d08022665, event: $snapshot, properties: Object, timestamp: Tue May 12 2026 14:57:38 GMT+0100 (British Summer Time)} @ http://localhost:3001/_next/static/chunks/b3626_posthog-js_dist_module_c967c4c2.js:1019
[   13616ms] [WARNING] The resource http://localhost:3001/images/hero/Image.jpg was preloaded using link preload but not used within a few seconds from the window's load event. Please make sure it has an appropriate `as` value and it is preloaded intentionally. @ http://localhost:3001/ke:0
[   19356ms] [WARNING] The resource http://localhost:3001/images/hero/Image.jpg was preloaded using link preload but not used within a few seconds from the window's load event. Please make sure it has an appropriate `as` value and it is preloaded intentionally. @ http://localhost:3001/ke:0
