[     653ms] [INFO] %cDownload the React DevTools for a better development experience: https://reactjs.org/link/react-devtools font-weight:bold @ http://localhost:7001/node_modules/.vite/deps/chunk-P6YNEX7I.js?v=abbc2262:21550
[     769ms] [LOG] i18next: languageChanged en @ http://localhost:7001/node_modules/.vite/deps/i18next.js?v=c901bcba:15
[     770ms] [LOG] i18next: initialized {debug: true, initImmediate: true, ns: Array(1), defaultNS: Array(1), fallbackLng: Array(1)} @ http://localhost:7001/node_modules/.vite/deps/i18next.js?v=c901bcba:15
[     778ms] [WARNING] ⚠️ React Router Future Flag Warning: React Router will begin wrapping state updates in `React.startTransition` in v7. You can use the `v7_startTransition` future flag to opt-in early. For more information, see https://reactrouter.com/v6/upgrading/future#v7_starttransition. @ http://localhost:7001/node_modules/.vite/deps/react-router-dom.js?v=3da8f52c:4435
[     811ms] [ERROR] Failed to load resource: the server responded with a status of 401 (Unauthorized) @ http://localhost:9001/vendor/members/me:0
[    1817ms] [ERROR] Failed to load resource: the server responded with a status of 401 (Unauthorized) @ http://localhost:9001/vendor/members/me:0
[  766968ms] [ERROR] Failed to load resource: the server responded with a status of 404 (Not Found) @ http://localhost:9001/vendor/customer-groups?limit=1000:0
[  768014ms] [ERROR] Failed to load resource: the server responded with a status of 404 (Not Found) @ http://localhost:9001/vendor/customer-groups?limit=1000:0
[  792712ms] [LOG] i18next::translator: missingKey en translation store.mediaHeading Media @ http://localhost:7001/node_modules/.vite/deps/i18next.js?v=c901bcba:15
[  792713ms] [LOG] i18next::translator: missingKey en translation store.mediaTip.label Tip: @ http://localhost:7001/node_modules/.vite/deps/i18next.js?v=c901bcba:15
[  792713ms] [LOG] i18next::translator: missingKey en translation store.mediaTip.message This media will be visible on the storefront. @ http://localhost:7001/node_modules/.vite/deps/i18next.js?v=c901bcba:15
[  792713ms] [LOG] i18next::translator: missingKey en translation store.mediaHeading Media @ http://localhost:7001/node_modules/.vite/deps/i18next.js?v=c901bcba:15
[  792713ms] [LOG] i18next::translator: missingKey en translation store.mediaTip.label Tip: @ http://localhost:7001/node_modules/.vite/deps/i18next.js?v=c901bcba:15
[  792713ms] [LOG] i18next::translator: missingKey en translation store.mediaTip.message This media will be visible on the storefront. @ http://localhost:7001/node_modules/.vite/deps/i18next.js?v=c901bcba:15
[  792726ms] [ERROR] `DialogContent` requires a `DialogTitle` for the component to be accessible for screen reader users.

If you want to hide the `DialogTitle`, you can wrap it with our VisuallyHidden component.

For more information, see https://radix-ui.com/primitives/docs/components/dialog @ http://localhost:7001/node_modules/.vite/deps/chunk-6NMXABDH.js?v=abbc2262:2254
[  792727ms] [ERROR] `DialogContent` requires a `DialogTitle` for the component to be accessible for screen reader users.

If you want to hide the `DialogTitle`, you can wrap it with our VisuallyHidden component.

For more information, see https://radix-ui.com/primitives/docs/components/dialog @ http://localhost:7001/node_modules/.vite/deps/chunk-6NMXABDH.js?v=abbc2262:2254
[  792740ms] [LOG] i18next::translator: missingKey en translation store.mediaHeading Media @ http://localhost:7001/node_modules/.vite/deps/i18next.js?v=c901bcba:15
[  792740ms] [LOG] i18next::translator: missingKey en translation store.mediaTip.label Tip: @ http://localhost:7001/node_modules/.vite/deps/i18next.js?v=c901bcba:15
[  792740ms] [LOG] i18next::translator: missingKey en translation store.mediaTip.message This media will be visible on the storefront. @ http://localhost:7001/node_modules/.vite/deps/i18next.js?v=c901bcba:15
[  792740ms] [LOG] i18next::translator: missingKey en translation store.mediaHeading Media @ http://localhost:7001/node_modules/.vite/deps/i18next.js?v=c901bcba:15
[  792740ms] [LOG] i18next::translator: missingKey en translation store.mediaTip.label Tip: @ http://localhost:7001/node_modules/.vite/deps/i18next.js?v=c901bcba:15
[  792740ms] [LOG] i18next::translator: missingKey en translation store.mediaTip.message This media will be visible on the storefront. @ http://localhost:7001/node_modules/.vite/deps/i18next.js?v=c901bcba:15
[  883000ms] [ERROR] WebSocket connection to 'ws://localhost:7001/?token=iQbK0VMnAPHE' failed:  @ http://localhost:7001/@vite/client:535
[  883000ms] [LOG] [vite] server connection lost. Polling for restart... @ http://localhost:7001/@vite/client:559
[  884462ms] [INFO] %cDownload the React DevTools for a better development experience: https://reactjs.org/link/react-devtools font-weight:bold @ http://localhost:7001/node_modules/.vite/deps/chunk-P6YNEX7I.js?v=abbc2262:21550
[  884565ms] [LOG] i18next: languageChanged en @ http://localhost:7001/node_modules/.vite/deps/i18next.js?v=c901bcba:15
[  884565ms] [LOG] i18next: initialized {debug: true, initImmediate: true, ns: Array(1), defaultNS: Array(1), fallbackLng: Array(1)} @ http://localhost:7001/node_modules/.vite/deps/i18next.js?v=c901bcba:15
[  884642ms] [WARNING] ⚠️ React Router Future Flag Warning: React Router will begin wrapping state updates in `React.startTransition` in v7. You can use the `v7_startTransition` future flag to opt-in early. For more information, see https://reactrouter.com/v6/upgrading/future#v7_starttransition. @ http://localhost:7001/node_modules/.vite/deps/react-router-dom.js?v=3da8f52c:4435
[  884867ms] [ERROR] Failed to load resource: net::ERR_CONNECTION_REFUSED @ http://localhost:9001/vendor/members/me:0
[  885884ms] [ERROR] Failed to load resource: net::ERR_CONNECTION_REFUSED @ http://localhost:9001/vendor/members/me:0
[ 2710543ms] [ERROR] Failed to load resource: the server responded with a status of 404 (Not Found) @ http://localhost:7001/@fs/Users/alphie/Project%20Farmhouse/mercur/packages/vendor/dist/index.js?t=1778362418533:0
[ 2710544ms] [ERROR] [hmr] Failed to reload /@fs/Users/alphie/Project Farmhouse/mercur/packages/vendor/dist/index.js. This could be due to syntax errors or importing non-existent modules. (see errors above) @ http://localhost:7001/@vite/client:175
[ 2710544ms] [ERROR] Failed to load resource: the server responded with a status of 404 (Not Found) @ http://localhost:7001/@fs/Users/alphie/Project%20Farmhouse/mercur/packages/vendor/dist/index.js?t=1778362418488:0
[ 2710544ms] [ERROR] [hmr] Failed to reload /@fs/Users/alphie/Project Farmhouse/mercur/packages/vendor/dist/index.js. This could be due to syntax errors or importing non-existent modules. (see errors above) @ http://localhost:7001/@vite/client:175
[ 2710583ms] [ERROR] Failed to load resource: the server responded with a status of 404 (Not Found) @ http://localhost:7001/@fs/Users/alphie/Project%20Farmhouse/mercur/packages/vendor/dist/chunk-A4LYFHPW.js?t=1778362418545:0
[ 2710583ms] [ERROR] Failed to load resource: the server responded with a status of 404 (Not Found) @ http://localhost:7001/@fs/Users/alphie/Project%20Farmhouse/mercur/packages/vendor/dist/chunk-WQX4ASK4.js?t=1778362418545:0
[ 2710583ms] [ERROR] [hmr] Failed to reload /@fs/Users/alphie/Project Farmhouse/mercur/packages/vendor/dist/chunk-A4LYFHPW.js. This could be due to syntax errors or importing non-existent modules. (see errors above) @ http://localhost:7001/@vite/client:175
[ 2710583ms] [ERROR] [hmr] Failed to reload /@fs/Users/alphie/Project Farmhouse/mercur/packages/vendor/dist/chunk-WQX4ASK4.js. This could be due to syntax errors or importing non-existent modules. (see errors above) @ http://localhost:7001/@vite/client:175
[ 2710593ms] [ERROR] Failed to load resource: the server responded with a status of 404 (Not Found) @ http://localhost:7001/@fs/Users/alphie/Project%20Farmhouse/mercur/packages/vendor/dist/chunk-RLETOWCM.js?t=1778362418545:0
[ 2710594ms] [ERROR] [hmr] Failed to reload /@fs/Users/alphie/Project Farmhouse/mercur/packages/vendor/dist/chunk-RLETOWCM.js. This could be due to syntax errors or importing non-existent modules. (see errors above) @ http://localhost:7001/@vite/client:175
[ 2710594ms] [ERROR] Failed to load resource: the server responded with a status of 404 (Not Found) @ http://localhost:7001/@fs/Users/alphie/Project%20Farmhouse/mercur/packages/vendor/dist/chunk-2POPPFAP.js?t=1778362418551:0
[ 2710594ms] [ERROR] Failed to load resource: the server responded with a status of 404 (Not Found) @ http://localhost:7001/@fs/Users/alphie/Project%20Farmhouse/mercur/packages/vendor/dist/chunk-FEUCCLKR.js?t=1778362418545:0
[ 2710594ms] [ERROR] [hmr] Failed to reload /@fs/Users/alphie/Project Farmhouse/mercur/packages/vendor/dist/chunk-2POPPFAP.js. This could be due to syntax errors or importing non-existent modules. (see errors above) @ http://localhost:7001/@vite/client:175
[ 2710594ms] [ERROR] [hmr] Failed to reload /@fs/Users/alphie/Project Farmhouse/mercur/packages/vendor/dist/chunk-FEUCCLKR.js. This could be due to syntax errors or importing non-existent modules. (see errors above) @ http://localhost:7001/@vite/client:175
[ 2710594ms] [ERROR] Failed to load resource: the server responded with a status of 404 (Not Found) @ http://localhost:7001/@fs/Users/alphie/Project%20Farmhouse/mercur/packages/vendor/dist/index.js?t=1778362418545:0
[ 2710594ms] [ERROR] [hmr] Failed to reload /@fs/Users/alphie/Project Farmhouse/mercur/packages/vendor/dist/index.js. This could be due to syntax errors or importing non-existent modules. (see errors above) @ http://localhost:7001/@vite/client:175
[ 2710610ms] [ERROR] Failed to load resource: the server responded with a status of 404 (Not Found) @ http://localhost:7001/@fs/Users/alphie/Project%20Farmhouse/mercur/packages/vendor/dist/chunk-2SLAVXFY.js?t=1778362418552:0
[ 2710610ms] [ERROR] [hmr] Failed to reload /@fs/Users/alphie/Project Farmhouse/mercur/packages/vendor/dist/chunk-2SLAVXFY.js. This could be due to syntax errors or importing non-existent modules. (see errors above) @ http://localhost:7001/@vite/client:175
[ 2710611ms] [ERROR] Failed to load resource: the server responded with a status of 404 (Not Found) @ http://localhost:7001/@fs/Users/alphie/Project%20Farmhouse/mercur/packages/vendor/dist/chunk-FEUCCLKR.js?t=1778362418552:0
[ 2710611ms] [ERROR] [hmr] Failed to reload /@fs/Users/alphie/Project Farmhouse/mercur/packages/vendor/dist/chunk-FEUCCLKR.js. This could be due to syntax errors or importing non-existent modules. (see errors above) @ http://localhost:7001/@vite/client:175
[ 2710620ms] [ERROR] Failed to load resource: the server responded with a status of 404 (Not Found) @ http://localhost:7001/@fs/Users/alphie/Project%20Farmhouse/mercur/packages/vendor/dist/index.js?t=1778362418552:0
[ 2710620ms] [ERROR] [hmr] Failed to reload /@fs/Users/alphie/Project Farmhouse/mercur/packages/vendor/dist/index.js. This could be due to syntax errors or importing non-existent modules. (see errors above) @ http://localhost:7001/@vite/client:175
[ 2710620ms] [ERROR] [hmr] Failed to reload /@fs/Users/alphie/Project Farmhouse/mercur/packages/vendor/dist/index.js. This could be due to syntax errors or importing non-existent modules. (see errors above) @ http://localhost:7001/@vite/client:175
[ 2710621ms] [ERROR] Failed to load resource: the server responded with a status of 404 (Not Found) @ http://localhost:7001/@fs/Users/alphie/Project%20Farmhouse/mercur/packages/vendor/dist/chunk-NCABGI3E.js?t=1778362418552:0
[ 2710621ms] [ERROR] [hmr] Failed to reload /@fs/Users/alphie/Project Farmhouse/mercur/packages/vendor/dist/chunk-NCABGI3E.js. This could be due to syntax errors or importing non-existent modules. (see errors above) @ http://localhost:7001/@vite/client:175
[ 2710622ms] [ERROR] Failed to load resource: the server responded with a status of 404 (Not Found) @ http://localhost:7001/@fs/Users/alphie/Project%20Farmhouse/mercur/packages/vendor/dist/chunk-AIRJ4WZG.js?t=1778362418552:0
[ 2710622ms] [ERROR] [hmr] Failed to reload /@fs/Users/alphie/Project Farmhouse/mercur/packages/vendor/dist/chunk-AIRJ4WZG.js. This could be due to syntax errors or importing non-existent modules. (see errors above) @ http://localhost:7001/@vite/client:175
[ 2710622ms] [ERROR] Failed to load resource: the server responded with a status of 404 (Not Found) @ http://localhost:7001/@fs/Users/alphie/Project%20Farmhouse/mercur/packages/vendor/dist/chunk-6J5FJYIK.js?t=1778362418552:0
[ 2710622ms] [ERROR] Failed to load resource: the server responded with a status of 404 (Not Found) @ http://localhost:7001/@fs/Users/alphie/Project%20Farmhouse/mercur/packages/vendor/dist/store-select-3FRANNOH.js?t=1778362418552:0
[ 2710622ms] [ERROR] [hmr] Failed to reload /@fs/Users/alphie/Project Farmhouse/mercur/packages/vendor/dist/chunk-6J5FJYIK.js. This could be due to syntax errors or importing non-existent modules. (see errors above) @ http://localhost:7001/@vite/client:175
[ 2710622ms] [ERROR] [hmr] Failed to reload /@fs/Users/alphie/Project Farmhouse/mercur/packages/vendor/dist/store-select-3FRANNOH.js. This could be due to syntax errors or importing non-existent modules. (see errors above) @ http://localhost:7001/@vite/client:175
[ 2710627ms] [ERROR] Failed to load resource: the server responded with a status of 404 (Not Found) @ http://localhost:7001/@fs/Users/alphie/Project%20Farmhouse/mercur/packages/vendor/dist/store-JCMKUE4C.js?t=1778362418552:0
[ 2710627ms] [ERROR] [hmr] Failed to reload /@fs/Users/alphie/Project Farmhouse/mercur/packages/vendor/dist/store-JCMKUE4C.js. This could be due to syntax errors or importing non-existent modules. (see errors above) @ http://localhost:7001/@vite/client:175
[ 2710628ms] [ERROR] Failed to load resource: the server responded with a status of 404 (Not Found) @ http://localhost:7001/@fs/Users/alphie/Project%20Farmhouse/mercur/packages/vendor/dist/chunk-3BZBEC3Y.js?t=1778362418554:0
[ 2710629ms] [ERROR] [hmr] Failed to reload /@fs/Users/alphie/Project Farmhouse/mercur/packages/vendor/dist/chunk-3BZBEC3Y.js. This could be due to syntax errors or importing non-existent modules. (see errors above) @ http://localhost:7001/@vite/client:175
[ 2710629ms] [ERROR] Failed to load resource: the server responded with a status of 404 (Not Found) @ http://localhost:7001/@fs/Users/alphie/Project%20Farmhouse/mercur/packages/vendor/dist/chunk-3CK6OINO.js?t=1778362418555:0
[ 2710629ms] [ERROR] Failed to load resource: the server responded with a status of 404 (Not Found) @ http://localhost:7001/@fs/Users/alphie/Project%20Farmhouse/mercur/packages/vendor/dist/chunk-3EF54XFY.js?t=1778362418555:0
[ 2710629ms] [ERROR] [hmr] Failed to reload /@fs/Users/alphie/Project Farmhouse/mercur/packages/vendor/dist/chunk-3CK6OINO.js. This could be due to syntax errors or importing non-existent modules. (see errors above) @ http://localhost:7001/@vite/client:175
[ 2710629ms] [ERROR] [hmr] Failed to reload /@fs/Users/alphie/Project Farmhouse/mercur/packages/vendor/dist/chunk-3EF54XFY.js. This could be due to syntax errors or importing non-existent modules. (see errors above) @ http://localhost:7001/@vite/client:175
[ 2710629ms] [ERROR] Failed to load resource: the server responded with a status of 404 (Not Found) @ http://localhost:7001/@fs/Users/alphie/Project%20Farmhouse/mercur/packages/vendor/dist/chunk-3QSRE5LS.js?t=1778362418556:0
[ 2710630ms] [ERROR] [hmr] Failed to reload /@fs/Users/alphie/Project Farmhouse/mercur/packages/vendor/dist/chunk-3QSRE5LS.js. This could be due to syntax errors or importing non-existent modules. (see errors above) @ http://localhost:7001/@vite/client:175
[ 2710630ms] [ERROR] Failed to load resource: the server responded with a status of 404 (Not Found) @ http://localhost:7001/@fs/Users/alphie/Project%20Farmhouse/mercur/packages/vendor/dist/chunk-AIRJ4WZG.js?t=1778362418556:0
[ 2710631ms] [ERROR] [hmr] Failed to reload /@fs/Users/alphie/Project Farmhouse/mercur/packages/vendor/dist/chunk-AIRJ4WZG.js. This could be due to syntax errors or importing non-existent modules. (see errors above) @ http://localhost:7001/@vite/client:175
[ 2710633ms] [ERROR] Failed to load resource: the server responded with a status of 404 (Not Found) @ http://localhost:7001/@fs/Users/alphie/Project%20Farmhouse/mercur/packages/vendor/dist/index.js?t=1778362418563:0
[ 2710633ms] [ERROR] [hmr] Failed to reload /@fs/Users/alphie/Project Farmhouse/mercur/packages/vendor/dist/index.js. This could be due to syntax errors or importing non-existent modules. (see errors above) @ http://localhost:7001/@vite/client:175
[ 2710634ms] [ERROR] Failed to load resource: the server responded with a status of 404 (Not Found) @ http://localhost:7001/@fs/Users/alphie/Project%20Farmhouse/mercur/packages/vendor/dist/index.js?t=1778362418556:0
[ 2710634ms] [ERROR] [hmr] Failed to reload /@fs/Users/alphie/Project Farmhouse/mercur/packages/vendor/dist/index.js. This could be due to syntax errors or importing non-existent modules. (see errors above) @ http://localhost:7001/@vite/client:175
[ 2710635ms] [ERROR] Failed to load resource: the server responded with a status of 404 (Not Found) @ http://localhost:7001/@fs/Users/alphie/Project%20Farmhouse/mercur/packages/vendor/dist/chunk-A4LYFHPW.js?t=1778362418563:0
[ 2710635ms] [ERROR] [hmr] Failed to reload /@fs/Users/alphie/Project Farmhouse/mercur/packages/vendor/dist/chunk-A4LYFHPW.js. This could be due to syntax errors or importing non-existent modules. (see errors above) @ http://localhost:7001/@vite/client:175
[ 2710636ms] [ERROR] Failed to load resource: the server responded with a status of 404 (Not Found) @ http://localhost:7001/@fs/Users/alphie/Project%20Farmhouse/mercur/packages/vendor/dist/store-select-3FRANNOH.js?t=1778362418563:0
[ 2710636ms] [ERROR] Failed to load resource: the server responded with a status of 404 (Not Found) @ http://localhost:7001/@fs/Users/alphie/Project%20Farmhouse/mercur/packages/vendor/dist/store-JCMKUE4C.js?t=1778362418563:0
[ 2710636ms] [ERROR] [hmr] Failed to reload /@fs/Users/alphie/Project Farmhouse/mercur/packages/vendor/dist/store-select-3FRANNOH.js. This could be due to syntax errors or importing non-existent modules. (see errors above) @ http://localhost:7001/@vite/client:175
[ 2710636ms] [ERROR] [hmr] Failed to reload /@fs/Users/alphie/Project Farmhouse/mercur/packages/vendor/dist/store-JCMKUE4C.js. This could be due to syntax errors or importing non-existent modules. (see errors above) @ http://localhost:7001/@vite/client:175
[ 2710642ms] [ERROR] Failed to load resource: the server responded with a status of 404 (Not Found) @ http://localhost:7001/@fs/Users/alphie/Project%20Farmhouse/mercur/packages/vendor/dist/index.js?t=1778362418587:0
[ 2710642ms] [ERROR] [hmr] Failed to reload /@fs/Users/alphie/Project Farmhouse/mercur/packages/vendor/dist/index.js. This could be due to syntax errors or importing non-existent modules. (see errors above) @ http://localhost:7001/@vite/client:175
[ 2710643ms] [ERROR] Failed to load resource: the server responded with a status of 404 (Not Found) @ http://localhost:7001/@fs/Users/alphie/Project%20Farmhouse/mercur/packages/vendor/dist/index.js?t=1778362418572:0
[ 2710643ms] [ERROR] [hmr] Failed to reload /@fs/Users/alphie/Project Farmhouse/mercur/packages/vendor/dist/index.js. This could be due to syntax errors or importing non-existent modules. (see errors above) @ http://localhost:7001/@vite/client:175
[ 2710645ms] [ERROR] Failed to load resource: the server responded with a status of 404 (Not Found) @ http://localhost:7001/@fs/Users/alphie/Project%20Farmhouse/mercur/packages/vendor/dist/chunk-NCABGI3E.js?t=1778362418572:0
[ 2710645ms] [ERROR] [hmr] Failed to reload /@fs/Users/alphie/Project Farmhouse/mercur/packages/vendor/dist/chunk-NCABGI3E.js. This could be due to syntax errors or importing non-existent modules. (see errors above) @ http://localhost:7001/@vite/client:175
[ 2710646ms] [ERROR] Failed to load resource: the server responded with a status of 404 (Not Found) @ http://localhost:7001/@fs/Users/alphie/Project%20Farmhouse/mercur/packages/vendor/dist/chunk-4F5GP7J7.js?t=1778362418575:0
[ 2710646ms] [ERROR] [hmr] Failed to reload /@fs/Users/alphie/Project Farmhouse/mercur/packages/vendor/dist/chunk-4F5GP7J7.js. This could be due to syntax errors or importing non-existent modules. (see errors above) @ http://localhost:7001/@vite/client:175
[ 2710646ms] [ERROR] Failed to load resource: the server responded with a status of 404 (Not Found) @ http://localhost:7001/@fs/Users/alphie/Project%20Farmhouse/mercur/packages/vendor/dist/chunk-4GPAS5GW.js?t=1778362418583:0
[ 2710647ms] [ERROR] [hmr] Failed to reload /@fs/Users/alphie/Project Farmhouse/mercur/packages/vendor/dist/chunk-4GPAS5GW.js. This could be due to syntax errors or importing non-existent modules. (see errors above) @ http://localhost:7001/@vite/client:175
[ 2710647ms] [ERROR] Failed to load resource: the server responded with a status of 404 (Not Found) @ http://localhost:7001/@fs/Users/alphie/Project%20Farmhouse/mercur/packages/vendor/dist/chunk-AIRJ4WZG.js?t=1778362418587:0
[ 2710647ms] [ERROR] [hmr] Failed to reload /@fs/Users/alphie/Project Farmhouse/mercur/packages/vendor/dist/chunk-AIRJ4WZG.js. This could be due to syntax errors or importing non-existent modules. (see errors above) @ http://localhost:7001/@vite/client:175
[ 2710653ms] [ERROR] Failed to load resource: the server responded with a status of 404 (Not Found) @ http://localhost:7001/@fs/Users/alphie/Project%20Farmhouse/mercur/packages/vendor/dist/chunk-5BONGICL.js?t=1778362418590:0
[ 2710653ms] [ERROR] [hmr] Failed to reload /@fs/Users/alphie/Project Farmhouse/mercur/packages/vendor/dist/chunk-5BONGICL.js. This could be due to syntax errors or importing non-existent modules. (see errors above) @ http://localhost:7001/@vite/client:175
[ 2710653ms] [ERROR] Failed to load resource: the server responded with a status of 404 (Not Found) @ http://localhost:7001/@fs/Users/alphie/Project%20Farmhouse/mercur/packages/vendor/dist/chunk-5IWBNPZX.js?t=1778362418590:0
[ 2710653ms] [ERROR] Failed to load resource: the server responded with a status of 404 (Not Found) @ http://localhost:7001/@fs/Users/alphie/Project%20Farmhouse/mercur/packages/vendor/dist/chunk-5LKZCG77.js?t=1778362418591:0
[ 2710653ms] [ERROR] [hmr] Failed to reload /@fs/Users/alphie/Project Farmhouse/mercur/packages/vendor/dist/chunk-5IWBNPZX.js. This could be due to syntax errors or importing non-existent modules. (see errors above) @ http://localhost:7001/@vite/client:175
[ 2710653ms] [ERROR] [hmr] Failed to reload /@fs/Users/alphie/Project Farmhouse/mercur/packages/vendor/dist/chunk-5LKZCG77.js. This could be due to syntax errors or importing non-existent modules. (see errors above) @ http://localhost:7001/@vite/client:175
[ 2710653ms] [ERROR] Failed to load resource: the server responded with a status of 404 (Not Found) @ http://localhost:7001/@fs/Users/alphie/Project%20Farmhouse/mercur/packages/vendor/dist/index.js?t=1778362418591:0
[ 2710654ms] [ERROR] Failed to load resource: the server responded with a status of 404 (Not Found) @ http://localhost:7001/@fs/Users/alphie/Project%20Farmhouse/mercur/packages/vendor/dist/chunk-6J5FJYIK.js?t=1778362418591:0
[ 2710654ms] [ERROR] [hmr] Failed to reload /@fs/Users/alphie/Project Farmhouse/mercur/packages/vendor/dist/index.js. This could be due to syntax errors or importing non-existent modules. (see errors above) @ http://localhost:7001/@vite/client:175
[ 2710654ms] [ERROR] [hmr] Failed to reload /@fs/Users/alphie/Project Farmhouse/mercur/packages/vendor/dist/chunk-6J5FJYIK.js. This could be due to syntax errors or importing non-existent modules. (see errors above) @ http://localhost:7001/@vite/client:175
[ 2710912ms] [ERROR] Failed to load resource: the server responded with a status of 404 (Not Found) @ http://localhost:7001/@fs/Users/alphie/Project%20Farmhouse/mercur/packages/vendor/dist/chunk-6WY5X4PE.js?t=1778362418592:0
[ 2710913ms] [ERROR] [hmr] Failed to reload /@fs/Users/alphie/Project Farmhouse/mercur/packages/vendor/dist/chunk-6WY5X4PE.js. This could be due to syntax errors or importing non-existent modules. (see errors above) @ http://localhost:7001/@vite/client:175
[ 2711040ms] [ERROR] Failed to load resource: the server responded with a status of 404 (Not Found) @ http://localhost:7001/@fs/Users/alphie/Project%20Farmhouse/mercur/packages/vendor/dist/chunk-NCABGI3E.js?t=1778362418593:0
[ 2711040ms] [ERROR] [hmr] Failed to reload /@fs/Users/alphie/Project Farmhouse/mercur/packages/vendor/dist/chunk-NCABGI3E.js. This could be due to syntax errors or importing non-existent modules. (see errors above) @ http://localhost:7001/@vite/client:175
[ 2711040ms] [ERROR] Failed to load resource: the server responded with a status of 404 (Not Found) @ http://localhost:7001/@fs/Users/alphie/Project%20Farmhouse/mercur/packages/vendor/dist/index.js?t=1778362418593:0
[ 2711040ms] [ERROR] [hmr] Failed to reload /@fs/Users/alphie/Project Farmhouse/mercur/packages/vendor/dist/index.js. This could be due to syntax errors or importing non-existent modules. (see errors above) @ http://localhost:7001/@vite/client:175
[ 2711040ms] [ERROR] [hmr] Failed to reload /@fs/Users/alphie/Project Farmhouse/mercur/packages/vendor/dist/index.js. This could be due to syntax errors or importing non-existent modules. (see errors above) @ http://localhost:7001/@vite/client:175
[ 2711040ms] [ERROR] Failed to load resource: the server responded with a status of 404 (Not Found) @ http://localhost:7001/@fs/Users/alphie/Project%20Farmhouse/mercur/packages/vendor/dist/chunk-7AV5EJJ5.js?t=1778362418593:0
[ 2711041ms] [ERROR] Failed to load resource: the server responded with a status of 404 (Not Found) @ http://localhost:7001/@fs/Users/alphie/Project%20Farmhouse/mercur/packages/vendor/dist/chunk-7TIZP4YG.js?t=1778362418593:0
[ 2711041ms] [ERROR] [hmr] Failed to reload /@fs/Users/alphie/Project Farmhouse/mercur/packages/vendor/dist/chunk-7AV5EJJ5.js. This could be due to syntax errors or importing non-existent modules. (see errors above) @ http://localhost:7001/@vite/client:175
[ 2711041ms] [ERROR] [hmr] Failed to reload /@fs/Users/alphie/Project Farmhouse/mercur/packages/vendor/dist/chunk-7TIZP4YG.js. This could be due to syntax errors or importing non-existent modules. (see errors above) @ http://localhost:7001/@vite/client:175
[ 2711084ms] [ERROR] Failed to load resource: the server responded with a status of 404 (Not Found) @ http://localhost:7001/@fs/Users/alphie/Project%20Farmhouse/mercur/packages/vendor/dist/chunk-A4LYFHPW.js?t=1778362418593:0
[ 2711084ms] [ERROR] [hmr] Failed to reload /@fs/Users/alphie/Project Farmhouse/mercur/packages/vendor/dist/chunk-A4LYFHPW.js. This could be due to syntax errors or importing non-existent modules. (see errors above) @ http://localhost:7001/@vite/client:175
[ 2711092ms] [ERROR] Failed to load resource: the server responded with a status of 404 (Not Found) @ http://localhost:7001/@fs/Users/alphie/Project%20Farmhouse/mercur/packages/vendor/dist/store-select-3FRANNOH.js?t=1778362418593:0
[ 2711092ms] [ERROR] [hmr] Failed to reload /@fs/Users/alphie/Project Farmhouse/mercur/packages/vendor/dist/store-select-3FRANNOH.js. This could be due to syntax errors or importing non-existent modules. (see errors above) @ http://localhost:7001/@vite/client:175
[ 2711095ms] [ERROR] Failed to load resource: the server responded with a status of 404 (Not Found) @ http://localhost:7001/@fs/Users/alphie/Project%20Farmhouse/mercur/packages/vendor/dist/store-JCMKUE4C.js?t=1778362418593:0
[ 2711095ms] [ERROR] [hmr] Failed to reload /@fs/Users/alphie/Project Farmhouse/mercur/packages/vendor/dist/store-JCMKUE4C.js. This could be due to syntax errors or importing non-existent modules. (see errors above) @ http://localhost:7001/@vite/client:175
[ 2711095ms] [ERROR] Failed to load resource: the server responded with a status of 404 (Not Found) @ http://localhost:7001/@fs/Users/alphie/Project%20Farmhouse/mercur/packages/vendor/dist/chunk-AIRJ4WZG.js?t=1778362418596:0
[ 2711095ms] [ERROR] [hmr] Failed to reload /@fs/Users/alphie/Project Farmhouse/mercur/packages/vendor/dist/chunk-AIRJ4WZG.js. This could be due to syntax errors or importing non-existent modules. (see errors above) @ http://localhost:7001/@vite/client:175
[ 2711096ms] [ERROR] Failed to load resource: the server responded with a status of 404 (Not Found) @ http://localhost:7001/@fs/Users/alphie/Project%20Farmhouse/mercur/packages/vendor/dist/chunk-AW4WN2EK.js?t=1778362418596:0
[ 2711096ms] [ERROR] [hmr] Failed to reload /@fs/Users/alphie/Project Farmhouse/mercur/packages/vendor/dist/chunk-AW4WN2EK.js. This could be due to syntax errors or importing non-existent modules. (see errors above) @ http://localhost:7001/@vite/client:175
[ 2711117ms] [ERROR] Failed to load resource: the server responded with a status of 404 (Not Found) @ http://localhost:7001/@fs/Users/alphie/Project%20Farmhouse/mercur/packages/vendor/dist/index.js?t=1778362418597:0
[ 2711118ms] [ERROR] [hmr] Failed to reload /@fs/Users/alphie/Project Farmhouse/mercur/packages/vendor/dist/index.js. This could be due to syntax errors or importing non-existent modules. (see errors above) @ http://localhost:7001/@vite/client:175
[ 2711118ms] [ERROR] [hmr] Failed to reload /@fs/Users/alphie/Project Farmhouse/mercur/packages/vendor/dist/index.js. This could be due to syntax errors or importing non-existent modules. (see errors above) @ http://localhost:7001/@vite/client:175
[ 2711118ms] [ERROR] [hmr] Failed to reload /@fs/Users/alphie/Project Farmhouse/mercur/packages/vendor/dist/index.js. This could be due to syntax errors or importing non-existent modules. (see errors above) @ http://localhost:7001/@vite/client:175
[ 2711118ms] [ERROR] [hmr] Failed to reload /@fs/Users/alphie/Project Farmhouse/mercur/packages/vendor/dist/index.js. This could be due to syntax errors or importing non-existent modules. (see errors above) @ http://localhost:7001/@vite/client:175
[ 2711396ms] [ERROR] Failed to load resource: the server responded with a status of 404 (Not Found) @ http://localhost:7001/@fs/Users/alphie/Project%20Farmhouse/mercur/packages/vendor/dist/index.css?t=1778362418681:0
[ 2711402ms] [ERROR] Failed to load resource: the server responded with a status of 404 (Not Found) @ http://localhost:7001/@fs/Users/alphie/Project%20Farmhouse/mercur/packages/vendor/dist/index.js?t=1778362418685:0
[ 2752714ms] [INFO] %cDownload the React DevTools for a better development experience: https://reactjs.org/link/react-devtools font-weight:bold @ http://localhost:7001/node_modules/.vite/deps/chunk-P6YNEX7I.js?v=abbc2262:21550
[ 2752822ms] [LOG] i18next: languageChanged en @ http://localhost:7001/node_modules/.vite/deps/i18next.js?v=c901bcba:15
[ 2752823ms] [LOG] i18next: initialized {debug: true, initImmediate: true, ns: Array(1), defaultNS: Array(1), fallbackLng: Array(1)} @ http://localhost:7001/node_modules/.vite/deps/i18next.js?v=c901bcba:15
[ 2752831ms] [WARNING] ⚠️ React Router Future Flag Warning: React Router will begin wrapping state updates in `React.startTransition` in v7. You can use the `v7_startTransition` future flag to opt-in early. For more information, see https://reactrouter.com/v6/upgrading/future#v7_starttransition. @ http://localhost:7001/node_modules/.vite/deps/react-router-dom.js?v=3da8f52c:4435
