[     411ms] [LOG] [PostHog.js] send "$pageleave" {uuid: 019e1c7a-bda7-732f-b35f-c31680c417bc, event: $pageleave, properties: Object, timestamp: Tue May 12 2026 14:57:46 GMT+0100 (British Summer Time)} @ http://localhost:3001/_next/static/chunks/b3626_posthog-js_dist_module_c967c4c2.js:1019
[     610ms] [LOG] [PostHog.js] set_config {config: Object, oldConfig: Object, newConfig: Object} @ http://localhost:3001/_next/static/chunks/b3626_posthog-js_dist_module_c967c4c2.js:1019
[     610ms] [LOG] [PostHog.js] Persistence loaded localStorage+cookie {$device_id: 019e196c-377b-76e9-9751-6dc0354f6ca7, distinct_id: 019e196c-377b-76e9-9751-6dc0354f6ca7, $sesid: Array(3), $epp: true, $initial_person_info: Object} @ http://localhost:3001/_next/static/chunks/b3626_posthog-js_dist_module_c967c4c2.js:1019
[     611ms] [LOG] [PostHog.js] Persistence loaded sessionStorage {$sdk_debug_extensions_init_method: synchronous, $sdk_debug_extensions_init_time_ms: 2, $referrer: $direct, $referring_domain: $direct, $sdk_debug_replay_remote_trigger_matching_config: null} @ http://localhost:3001/_next/static/chunks/b3626_posthog-js_dist_module_c967c4c2.js:1019
[     612ms] [LOG] [PostHog.js] Initializing extensions synchronously @ http://localhost:3001/_next/static/chunks/b3626_posthog-js_dist_module_c967c4c2.js:1019
[     612ms] [LOG] [PostHog.js] [Web Vitals] enabled, starting... @ http://localhost:3001/_next/static/chunks/b3626_posthog-js_dist_module_c967c4c2.js:1019
[     613ms] [LOG] [PostHog.js] [ExceptionAutocapture] enabled @ http://localhost:3001/_next/static/chunks/b3626_posthog-js_dist_module_c967c4c2.js:1019
[     613ms] [LOG] [PostHog.js] History API monitoring enabled, starting... @ http://localhost:3001/_next/static/chunks/b3626_posthog-js_dist_module_c967c4c2.js:1019
[     613ms] [LOG] [PostHog.js] [SessionRecording] starting @ http://localhost:3001/_next/static/chunks/b3626_posthog-js_dist_module_c967c4c2.js:1019
[     614ms] [LOG] [PostHog.js] [Heatmaps] starting... @ http://localhost:3001/_next/static/chunks/b3626_posthog-js_dist_module_c967c4c2.js:1019
[     614ms] [LOG] [PostHog.js] Starting in debug mode {this: qn, config: Object, thisC: Object, p: Object, s: Object} @ http://localhost:3001/_next/static/chunks/b3626_posthog-js_dist_module_c967c4c2.js:1019
[     615ms] [LOG] [PostHog.js] send "$set" {uuid: 019e1c7a-be73-72c2-a374-99407ebd5fba, event: $set, properties: Object, $set_once: Object, timestamp: Tue May 12 2026 14:57:46 GMT+0100 (British Summer Time)} @ http://localhost:3001/_next/static/chunks/b3626_posthog-js_dist_module_c967c4c2.js:1019
[     617ms] [INFO] %cDownload the React DevTools for a better development experience: https://react.dev/link/react-devtools font-weight:bold @ http://localhost:3001/_next/static/chunks/8f4ea_next_dist_compiled_react-dom_17a4e3b3._.js:14537
[     629ms] [LOG] [PostHog.js] send "$pageview" {uuid: 019e1c7a-be81-763d-884b-308e53fa5fda, event: $pageview, properties: Object, timestamp: Tue May 12 2026 14:57:46 GMT+0100 (British Summer Time)} @ http://localhost:3001/_next/static/chunks/b3626_posthog-js_dist_module_c967c4c2.js:1019
[     944ms] [ERROR] Failed to load resource: the server responded with a status of 404 (Not Found) @ http://localhost:3001/_next/image?url=https%3A%2F%2Fimages.unsplash.com%2Fphoto-1540420773420-bd3362c9d999%3Fw%3D400%26h%3D400%26fit%3Dcrop%26q%3D80&w=256&q=75:0
[     953ms] [ERROR] Failed to load resource: the server responded with a status of 404 (Not Found) @ http://localhost:3001/_next/image?url=https%3A%2F%2Fimages.unsplash.com%2Fphoto-1604503468506-a399da69a440%3Fw%3D400%26h%3D400%26fit%3Dcrop%26q%3D80&w=256&q=75:0
[    1024ms] [WARNING] Image with src "/images/hero/Image.jpg" is using quality "50" which is not configured in images.qualities. This config will be required starting in Next.js 16.
Read more: https://nextjs.org/docs/messages/next-image-unconfigured-qualities @ http://localhost:3001/_next/static/chunks/8f4ea_next_dist_e552cdb3._.js:968
[    1105ms] [LOG] [PostHog.js] [Dead Clicks] starting... @ http://localhost:3001/_next/static/chunks/b3626_posthog-js_dist_module_c967c4c2.js:1019
[    1105ms] [LOG] [PostHog.js] Persistence loaded sessionStorage {$sdk_debug_extensions_init_method: synchronous, $sdk_debug_extensions_init_time_ms: 2, $referrer: $direct, $referring_domain: $direct, $sdk_debug_replay_remote_trigger_matching_config: null} @ http://localhost:3001/_next/static/chunks/b3626_posthog-js_dist_module_c967c4c2.js:1019
[    1106ms] [LOG] [PostHog.js] set_config {config: Object, oldConfig: Object, newConfig: Object} @ http://localhost:3001/_next/static/chunks/b3626_posthog-js_dist_module_c967c4c2.js:1019
[    1106ms] [LOG] [PostHog.js] [ExceptionAutocapture] enabled @ http://localhost:3001/_next/static/chunks/b3626_posthog-js_dist_module_c967c4c2.js:1019
[    1106ms] [LOG] [PostHog.js] [Surveys] flags response received, isSurveysEnabled: false @ http://localhost:3001/_next/static/chunks/b3626_posthog-js_dist_module_c967c4c2.js:1019
[    1106ms] [LOG] [PostHog.js] [ExceptionAutocapture] enabled @ http://localhost:3001/_next/static/chunks/b3626_posthog-js_dist_module_c967c4c2.js:1019
[    1108ms] [LOG] [PostHog.js] [Surveys] Surveys loaded successfully @ http://localhost:3001/_next/static/chunks/b3626_posthog-js_dist_module_c967c4c2.js:1019
[    6071ms] [LOG] [PostHog.js] send "$web_vitals" {uuid: 019e1c7a-d3c3-7484-a564-0b8f833918ed, event: $web_vitals, properties: Object, timestamp: Tue May 12 2026 14:57:52 GMT+0100 (British Summer Time)} @ http://localhost:3001/_next/static/chunks/b3626_posthog-js_dist_module_c967c4c2.js:1019
[    6814ms] [WARNING] The resource http://localhost:3001/images/hero/Image.jpg was preloaded using link preload but not used within a few seconds from the window's load event. Please make sure it has an appropriate `as` value and it is preloaded intentionally. @ http://localhost:3001/ke:0
[   11592ms] [LOG] [PostHog.js] send "$autocapture" {uuid: 019e1c7a-e954-735b-8904-8d27740d3efc, event: $autocapture, properties: Object, timestamp: Tue May 12 2026 14:57:57 GMT+0100 (British Summer Time)} @ http://localhost:3001/_next/static/chunks/b3626_posthog-js_dist_module_c967c4c2.js:1019
[   12187ms] [WARNING] The resource http://localhost:3001/images/hero/Image.jpg was preloaded using link preload but not used within a few seconds from the window's load event. Please make sure it has an appropriate `as` value and it is preloaded intentionally. @ http://localhost:3001/ke:0
[   13588ms] [LOG] [PostHog.js] send "$snapshot" {uuid: 019e1c7a-f121-7b8f-bf1b-46880d4ac821, event: $snapshot, properties: Object, timestamp: Tue May 12 2026 14:57:59 GMT+0100 (British Summer Time)} @ http://localhost:3001/_next/static/chunks/b3626_posthog-js_dist_module_c967c4c2.js:1019
[   15616ms] [LOG] [PostHog.js] send "$$heatmap" {uuid: 019e1c7a-f90c-7f4c-9bbb-dd510569d45e, event: $$heatmap, properties: Object, timestamp: Tue May 12 2026 14:58:01 GMT+0100 (British Summer Time)} @ http://localhost:3001/_next/static/chunks/b3626_posthog-js_dist_module_c967c4c2.js:1019
[   16637ms] [LOG] [PostHog.js] send "$web_vitals" {uuid: 019e1c7a-fd09-76fa-a4d4-69b109c3f389, event: $web_vitals, properties: Object, timestamp: Tue May 12 2026 14:58:02 GMT+0100 (British Summer Time)} @ http://localhost:3001/_next/static/chunks/b3626_posthog-js_dist_module_c967c4c2.js:1019
[   18388ms] [WARNING] The resource http://localhost:3001/images/hero/Image.jpg was preloaded using link preload but not used within a few seconds from the window's load event. Please make sure it has an appropriate `as` value and it is preloaded intentionally. @ http://localhost:3001/ke:0
[   21734ms] [WARNING] The resource http://localhost:3001/images/hero/Image.jpg was preloaded using link preload but not used within a few seconds from the window's load event. Please make sure it has an appropriate `as` value and it is preloaded intentionally. @ http://localhost:3001/ke:0
[   24388ms] [LOG] [PostHog.js] send "$snapshot" {uuid: 019e1c7b-1b50-7242-82e0-12e905f4ab2c, event: $snapshot, properties: Object, timestamp: Tue May 12 2026 14:58:10 GMT+0100 (British Summer Time)} @ http://localhost:3001/_next/static/chunks/b3626_posthog-js_dist_module_c967c4c2.js:1019
[   30933ms] [WARNING] The resource http://localhost:3001/images/hero/Image.jpg was preloaded using link preload but not used within a few seconds from the window's load event. Please make sure it has an appropriate `as` value and it is preloaded intentionally. @ http://localhost:3001/ke:0
[   50981ms] [LOG] [PostHog.js] send "$snapshot" {uuid: 019e1c7b-8331-776b-9796-6463314551ae, event: $snapshot, properties: Object, timestamp: Tue May 12 2026 14:58:37 GMT+0100 (British Summer Time)} @ http://localhost:3001/_next/static/chunks/b3626_posthog-js_dist_module_c967c4c2.js:1019
[   57579ms] [WARNING] The resource http://localhost:3001/images/hero/Image.jpg was preloaded using link preload but not used within a few seconds from the window's load event. Please make sure it has an appropriate `as` value and it is preloaded intentionally. @ http://localhost:3001/ke:0
[  147118ms] [LOG] [PostHog.js] send "$snapshot" {uuid: 019e1c7c-fabb-7220-bcce-3daf95a3b08f, event: $snapshot, properties: Object, timestamp: Tue May 12 2026 15:00:13 GMT+0100 (British Summer Time)} @ http://localhost:3001/_next/static/chunks/b3626_posthog-js_dist_module_c967c4c2.js:1019
[  150616ms] [LOG] [PostHog.js] send "$$heatmap" {uuid: 019e1c7d-0864-7822-a7f2-0626d7acd857, event: $$heatmap, properties: Object, timestamp: Tue May 12 2026 15:00:16 GMT+0100 (British Summer Time)} @ http://localhost:3001/_next/static/chunks/b3626_posthog-js_dist_module_c967c4c2.js:1019
[  153894ms] [WARNING] The resource http://localhost:3001/images/hero/Image.jpg was preloaded using link preload but not used within a few seconds from the window's load event. Please make sure it has an appropriate `as` value and it is preloaded intentionally. @ http://localhost:3001/ke:0
[  157106ms] [WARNING] The resource http://localhost:3001/images/hero/Image.jpg was preloaded using link preload but not used within a few seconds from the window's load event. Please make sure it has an appropriate `as` value and it is preloaded intentionally. @ http://localhost:3001/ke:0
[  212096ms] [LOG] [Fast Refresh] rebuilding @ https://us-assets.i.posthog.com/static/posthog-recorder.js?v=1.372.10:0
[  212246ms] [LOG] [Fast Refresh] done in 222ms @ https://us-assets.i.posthog.com/static/posthog-recorder.js?v=1.372.10:0
[  213997ms] [LOG] [PostHog.js] send "$snapshot" {uuid: 019e1c7d-fff9-76b8-b996-c3a79e8fcb16, event: $snapshot, properties: Object, timestamp: Tue May 12 2026 15:01:20 GMT+0100 (British Summer Time)} @ http://localhost:3001/_next/static/chunks/b3626_posthog-js_dist_module_c967c4c2.js:1019
[  215233ms] [WARNING] The resource http://localhost:3001/images/hero/Image.jpg was preloaded using link preload but not used within a few seconds from the window's load event. Please make sure it has an appropriate `as` value and it is preloaded intentionally. @ http://localhost:3001/ke:0
[  220514ms] [WARNING] The resource http://localhost:3001/images/hero/Image.jpg was preloaded using link preload but not used within a few seconds from the window's load event. Please make sure it has an appropriate `as` value and it is preloaded intentionally. @ http://localhost:3001/ke:0
[  229120ms] [LOG] [Fast Refresh] rebuilding @ https://us-assets.i.posthog.com/static/posthog-recorder.js?v=1.372.10:0
[  229168ms] [LOG] [Fast Refresh] done in 119ms @ https://us-assets.i.posthog.com/static/posthog-recorder.js?v=1.372.10:0
[  231020ms] [LOG] [PostHog.js] send "$snapshot" {uuid: 019e1c7e-4279-7e1a-aebe-b0786f510bcc, event: $snapshot, properties: Object, timestamp: Tue May 12 2026 15:01:37 GMT+0100 (British Summer Time)} @ http://localhost:3001/_next/static/chunks/b3626_posthog-js_dist_module_c967c4c2.js:1019
[  238026ms] [WARNING] The resource http://localhost:3001/images/hero/Image.jpg was preloaded using link preload but not used within a few seconds from the window's load event. Please make sure it has an appropriate `as` value and it is preloaded intentionally. @ http://localhost:3001/ke:0
