[      53ms] [LOG] [PostHog.js] send "$snapshot" {uuid: 019e1e6d-1b6d-7091-9039-faf3a5bd9035, event: $snapshot, properties: Object, timestamp: Wed May 13 2026 00:02:07 GMT+0100 (British Summer Time)} @ http://localhost:3000/_next/static/chunks/b3626_posthog-js_dist_module_c967c4c2.js:1019
[    1913ms] [LOG] [PostHog.js] send "$web_vitals" {uuid: 019e1e6d-22b0-762b-b8a3-c54f692e118a, event: $web_vitals, properties: Object, timestamp: Wed May 13 2026 00:02:09 GMT+0100 (British Summer Time)} @ http://localhost:3000/_next/static/chunks/b3626_posthog-js_dist_module_c967c4c2.js:1019
[    2070ms] [LOG] [PostHog.js] send "$snapshot" {uuid: 019e1e6d-234e-707a-bcc8-d724e895dc9a, event: $snapshot, properties: Object, timestamp: Wed May 13 2026 00:02:09 GMT+0100 (British Summer Time)} @ http://localhost:3000/_next/static/chunks/b3626_posthog-js_dist_module_c967c4c2.js:1019
[    3039ms] [LOG] [PostHog.js] send "$pageleave" {uuid: 019e1e6d-2716-75ba-95d1-b6633d3f3e79, event: $pageleave, properties: Object, timestamp: Wed May 13 2026 00:02:10 GMT+0100 (British Summer Time)} @ http://localhost:3000/_next/static/chunks/b3626_posthog-js_dist_module_c967c4c2.js:1019
[    3578ms] [LOG] [PostHog.js] set_config {config: Object, oldConfig: Object, newConfig: Object} @ http://localhost:3000/_next/static/chunks/b3626_posthog-js_dist_module_c967c4c2.js:1019
[    3578ms] [LOG] [PostHog.js] Persistence loaded localStorage+cookie {$device_id: 019e196c-377b-76e9-9751-6dc0354f6ca7, distinct_id: 019e196c-377b-76e9-9751-6dc0354f6ca7, $sesid: Array(3), $epp: true, $initial_person_info: Object} @ http://localhost:3000/_next/static/chunks/b3626_posthog-js_dist_module_c967c4c2.js:1019
[    3579ms] [LOG] [PostHog.js] Persistence loaded sessionStorage {$sdk_debug_extensions_init_method: synchronous, $sdk_debug_extensions_init_time_ms: 3, $referrer: http://localhost:7001/, $referring_domain: localhost:7001, $sdk_debug_replay_remote_trigger_matching_config: null} @ http://localhost:3000/_next/static/chunks/b3626_posthog-js_dist_module_c967c4c2.js:1019
[    3580ms] [LOG] [PostHog.js] Initializing extensions synchronously @ http://localhost:3000/_next/static/chunks/b3626_posthog-js_dist_module_c967c4c2.js:1019
[    3580ms] [LOG] [PostHog.js] [Web Vitals] enabled, starting... @ http://localhost:3000/_next/static/chunks/b3626_posthog-js_dist_module_c967c4c2.js:1019
[    3580ms] [LOG] [PostHog.js] [ExceptionAutocapture] enabled @ http://localhost:3000/_next/static/chunks/b3626_posthog-js_dist_module_c967c4c2.js:1019
[    3581ms] [LOG] [PostHog.js] History API monitoring enabled, starting... @ http://localhost:3000/_next/static/chunks/b3626_posthog-js_dist_module_c967c4c2.js:1019
[    3581ms] [LOG] [PostHog.js] [SessionRecording] starting @ http://localhost:3000/_next/static/chunks/b3626_posthog-js_dist_module_c967c4c2.js:1019
[    3581ms] [LOG] [PostHog.js] [Heatmaps] starting... @ http://localhost:3000/_next/static/chunks/b3626_posthog-js_dist_module_c967c4c2.js:1019
[    3581ms] [LOG] [PostHog.js] Starting in debug mode {this: qn, config: Object, thisC: Object, p: Object, s: Object} @ http://localhost:3000/_next/static/chunks/b3626_posthog-js_dist_module_c967c4c2.js:1019
[    3584ms] [LOG] [PostHog.js] send "$set" {uuid: 019e1e6d-2936-76bf-b6d7-f69644da6533, event: $set, properties: Object, $set_once: Object, timestamp: Wed May 13 2026 00:02:10 GMT+0100 (British Summer Time)} @ http://localhost:3000/_next/static/chunks/b3626_posthog-js_dist_module_c967c4c2.js:1019
[    3586ms] [INFO] %cDownload the React DevTools for a better development experience: https://react.dev/link/react-devtools font-weight:bold @ http://localhost:3000/_next/static/chunks/8f4ea_next_dist_compiled_react-dom_17a4e3b3._.js:14537
[    3600ms] [LOG] [PostHog.js] send "$pageview" {uuid: 019e1e6d-2947-79f0-8656-ab741ee9c818, event: $pageview, properties: Object, timestamp: Wed May 13 2026 00:02:11 GMT+0100 (British Summer Time)} @ http://localhost:3000/_next/static/chunks/b3626_posthog-js_dist_module_c967c4c2.js:1019
[    3734ms] [VERBOSE] [DOM] Input elements should have autocomplete attributes (suggested: "current-password"): (More info: https://goo.gl/9p2vKq) %o @ http://localhost:3000/ke/login:0
[    4121ms] [LOG] [PostHog.js] [Dead Clicks] starting... @ http://localhost:3000/_next/static/chunks/b3626_posthog-js_dist_module_c967c4c2.js:1019
[    4122ms] [LOG] [PostHog.js] Persistence loaded sessionStorage {$sdk_debug_extensions_init_method: synchronous, $sdk_debug_extensions_init_time_ms: 2, $referrer: http://localhost:7001/, $referring_domain: localhost:7001, $sdk_debug_replay_remote_trigger_matching_config: null} @ http://localhost:3000/_next/static/chunks/b3626_posthog-js_dist_module_c967c4c2.js:1019
[    4122ms] [LOG] [PostHog.js] set_config {config: Object, oldConfig: Object, newConfig: Object} @ http://localhost:3000/_next/static/chunks/b3626_posthog-js_dist_module_c967c4c2.js:1019
[    4122ms] [LOG] [PostHog.js] [ExceptionAutocapture] enabled @ http://localhost:3000/_next/static/chunks/b3626_posthog-js_dist_module_c967c4c2.js:1019
[    4123ms] [LOG] [PostHog.js] [Surveys] flags response received, isSurveysEnabled: false @ http://localhost:3000/_next/static/chunks/b3626_posthog-js_dist_module_c967c4c2.js:1019
[    4123ms] [LOG] [PostHog.js] [ExceptionAutocapture] enabled @ http://localhost:3000/_next/static/chunks/b3626_posthog-js_dist_module_c967c4c2.js:1019
[    4137ms] [LOG] [PostHog.js] [Surveys] Surveys loaded successfully @ http://localhost:3000/_next/static/chunks/b3626_posthog-js_dist_module_c967c4c2.js:1019
[    9093ms] [LOG] [PostHog.js] send "$web_vitals" {uuid: 019e1e6d-3ebc-72c9-9dfd-8a347d3f195e, event: $web_vitals, properties: Object, timestamp: Wed May 13 2026 00:02:16 GMT+0100 (British Summer Time)} @ http://localhost:3000/_next/static/chunks/b3626_posthog-js_dist_module_c967c4c2.js:1019
[   26948ms] [LOG] [PostHog.js] send "$autocapture" {uuid: 019e1e6d-847b-7da5-8d78-36f754e00bb8, event: $autocapture, properties: Object, timestamp: Wed May 13 2026 00:02:34 GMT+0100 (British Summer Time)} @ http://localhost:3000/_next/static/chunks/b3626_posthog-js_dist_module_c967c4c2.js:1019
[   27083ms] [LOG] [PostHog.js] send "$pageview" {uuid: 019e1e6d-8501-728e-823a-5c746db998fd, event: $pageview, properties: Object, timestamp: Wed May 13 2026 00:02:34 GMT+0100 (British Summer Time)} @ http://localhost:3000/_next/static/chunks/b3626_posthog-js_dist_module_c967c4c2.js:1019
[   27187ms] [VERBOSE] [DOM] Input elements should have autocomplete attributes (suggested: "current-password"): (More info: https://goo.gl/9p2vKq) %o @ http://localhost:3000/ke/register:0
[   28583ms] [LOG] [PostHog.js] send "$$heatmap" {uuid: 019e1e6d-8ade-7502-b03f-8bb83cdb4684, event: $$heatmap, properties: Object, timestamp: Wed May 13 2026 00:02:35 GMT+0100 (British Summer Time)} @ http://localhost:3000/_next/static/chunks/b3626_posthog-js_dist_module_c967c4c2.js:1019
[   28946ms] [LOG] [PostHog.js] send "$snapshot" {uuid: 019e1e6d-8c49-7dad-8fbe-7d0cae3659b9, event: $snapshot, properties: Object, timestamp: Wed May 13 2026 00:02:36 GMT+0100 (British Summer Time)} @ http://localhost:3000/_next/static/chunks/b3626_posthog-js_dist_module_c967c4c2.js:1019
[   31428ms] [LOG] [PostHog.js] send "$snapshot" {uuid: 019e1e6d-95fb-7962-a89d-d12a812c2e19, event: $snapshot, properties: Object, timestamp: Wed May 13 2026 00:02:38 GMT+0100 (British Summer Time)} @ http://localhost:3000/_next/static/chunks/b3626_posthog-js_dist_module_c967c4c2.js:1019
[   31961ms] [LOG] [PostHog.js] send "$web_vitals" {uuid: 019e1e6d-9810-7a57-9cdd-646f878deb5a, event: $web_vitals, properties: Object, timestamp: Wed May 13 2026 00:02:39 GMT+0100 (British Summer Time)} @ http://localhost:3000/_next/static/chunks/b3626_posthog-js_dist_module_c967c4c2.js:1019
[   33764ms] [LOG] [PostHog.js] send "$snapshot" {uuid: 019e1e6d-9f1b-710c-8020-f98b62360b46, event: $snapshot, properties: Object, timestamp: Wed May 13 2026 00:02:41 GMT+0100 (British Summer Time)} @ http://localhost:3000/_next/static/chunks/b3626_posthog-js_dist_module_c967c4c2.js:1019
[   36099ms] [LOG] [PostHog.js] send "$snapshot" {uuid: 019e1e6d-a83b-760d-a6e9-434dfb51e539, event: $snapshot, properties: Object, timestamp: Wed May 13 2026 00:02:43 GMT+0100 (British Summer Time)} @ http://localhost:3000/_next/static/chunks/b3626_posthog-js_dist_module_c967c4c2.js:1019
[   38417ms] [LOG] [PostHog.js] send "$snapshot" {uuid: 019e1e6d-b149-737e-b39b-5d7879be4453, event: $snapshot, properties: Object, timestamp: Wed May 13 2026 00:02:45 GMT+0100 (British Summer Time)} @ http://localhost:3000/_next/static/chunks/b3626_posthog-js_dist_module_c967c4c2.js:1019
[   40753ms] [LOG] [PostHog.js] send "$snapshot" {uuid: 019e1e6d-ba68-7fa0-9a0a-3570bcc8fa21, event: $snapshot, properties: Object, timestamp: Wed May 13 2026 00:02:48 GMT+0100 (British Summer Time)} @ http://localhost:3000/_next/static/chunks/b3626_posthog-js_dist_module_c967c4c2.js:1019
[   43088ms] [LOG] [PostHog.js] send "$snapshot" {uuid: 019e1e6d-c387-7fed-8569-72c546a9827f, event: $snapshot, properties: Object, timestamp: Wed May 13 2026 00:02:50 GMT+0100 (British Summer Time)} @ http://localhost:3000/_next/static/chunks/b3626_posthog-js_dist_module_c967c4c2.js:1019
