[     150ms] [LOG] [Fast Refresh] rebuilding @ http://localhost:3000/_next/static/chunks/8f4ea_next_dist_client_9c2e1ff1._.js:5949
[     687ms] [LOG] [Fast Refresh] done in 638ms @ http://localhost:3000/_next/static/chunks/8f4ea_next_dist_client_9c2e1ff1._.js:5809
[     788ms] [LOG] [Fast Refresh] rebuilding @ http://localhost:3000/_next/static/chunks/8f4ea_next_dist_client_9c2e1ff1._.js:5949
[     821ms] [LOG] [Fast Refresh] done in 133ms @ http://localhost:3000/_next/static/chunks/8f4ea_next_dist_client_9c2e1ff1._.js:5809
[    1582ms] [ERROR] Failed to load resource: the server responded with a status of 404 (Not Found) @ http://localhost:3000/_next/image?url=https%3A%2F%2Fimages.unsplash.com%2Fphoto-1603048297172-c92544798d5e%3Fw%3D800&w=1080&q=75:0
[    1597ms] [INFO] %cDownload the React DevTools for a better development experience: https://react.dev/link/react-devtools font-weight:bold @ http://localhost:3000/_next/static/chunks/8f4ea_next_dist_compiled_react-dom_17a4e3b3._.js:14537
[    1715ms] [WARNING] Image with src "https://images.unsplash.com/photo-1602470520998-f4a52199a3d6?w=800" is using quality "85" which is not configured in images.qualities. This config will be required starting in Next.js 16.
Read more: https://nextjs.org/docs/messages/next-image-unconfigured-qualities @ http://localhost:3000/_next/static/chunks/8f4ea_next_dist_e552cdb3._.js:968
[    1746ms] [WARNING] Image with src "https://images.unsplash.com/photo-1602470520998-f4a52199a3d6?w=800" has either width or height modified, but not the other. If you use CSS to change the size of your image, also include the styles 'width: "auto"' or 'height: "auto"' to maintain the aspect ratio. @ http://localhost:3000/_next/static/chunks/8f4ea_next_dist_e552cdb3._.js:968
[   51768ms] [LOG] [Fast Refresh] rebuilding @ http://localhost:3000/_next/static/chunks/8f4ea_next_dist_client_9c2e1ff1._.js:5949
[   52379ms] [LOG] [Fast Refresh] done in 712ms @ http://localhost:3000/_next/static/chunks/8f4ea_next_dist_client_9c2e1ff1._.js:5809
[   52481ms] [LOG] [Fast Refresh] rebuilding @ http://localhost:3000/_next/static/chunks/8f4ea_next_dist_client_9c2e1ff1._.js:5949
[   52515ms] [LOG] [Fast Refresh] done in 136ms @ http://localhost:3000/_next/static/chunks/8f4ea_next_dist_client_9c2e1ff1._.js:5809
[   53043ms] [LOG] [Fast Refresh] rebuilding @ http://localhost:3000/_next/static/chunks/8f4ea_next_dist_client_9c2e1ff1._.js:5949
[   53046ms] [LOG] [Fast Refresh] done in 105ms @ http://localhost:3000/_next/static/chunks/8f4ea_next_dist_client_9c2e1ff1._.js:5809
[   53072ms] [VERBOSE] [DOM] Input elements should have autocomplete attributes (suggested: "current-password"): (More info: https://goo.gl/9p2vKq) %o @ http://localhost:3000/dk/register:0
[   56966ms] [ERROR] Failed to load resource: the server responded with a status of 404 (Not Found) @ http://localhost:3000/_next/image?url=https%3A%2F%2Fimages.unsplash.com%2Fphoto-1603048297172-c92544798d5e%3Fw%3D800&w=1080&q=75:0
[  187119ms] [WARNING] Image with src "/images/hero/Image.jpg" is using quality "50" which is not configured in images.qualities. This config will be required starting in Next.js 16.
Read more: https://nextjs.org/docs/messages/next-image-unconfigured-qualities @ http://localhost:3000/_next/static/chunks/8f4ea_next_dist_e552cdb3._.js:968
[  187991ms] [ERROR] Failed to load resource: the server responded with a status of 400 (Bad Request) @ http://localhost:3000/_next/image?url=%2Fimages%2Fcategories%2Fplants-seeds.png&w=640&q=75:0
[  188039ms] [ERROR] Failed to load resource: the server responded with a status of 400 (Bad Request) @ http://localhost:3000/_next/image?url=%2Fimages%2Fcategories%2Fproduce.png&w=640&q=75:0
[  188049ms] [ERROR] Failed to load resource: the server responded with a status of 400 (Bad Request) @ http://localhost:3000/_next/image?url=%2Fimages%2Fcategories%2Fmeat-poultry.png&w=640&q=75:0
[  188061ms] [ERROR] Failed to load resource: the server responded with a status of 400 (Bad Request) @ http://localhost:3000/_next/image?url=%2Fimages%2Fcategories%2Fpantry.png&w=640&q=75:0
[  188061ms] [ERROR] Failed to load resource: the server responded with a status of 400 (Bad Request) @ http://localhost:3000/_next/image?url=%2Fimages%2Fcategories%2Fdairy-eggs.png&w=640&q=75:0
[  190411ms] [ERROR] Failed to load resource: the server responded with a status of 404 (Not Found) @ http://localhost:3000/_next/image?url=https%3A%2F%2Fimages.unsplash.com%2Fphoto-1603048297172-c92544798d5e%3Fw%3D800&w=1080&q=75:0
[  193412ms] [WARNING] The resource http://localhost:3000/images/hero/Image.jpg was preloaded using link preload but not used within a few seconds from the window's load event. Please make sure it has an appropriate `as` value and it is preloaded intentionally. @ http://localhost:3000/dk/categories:0
