[     208ms] [INFO] %cDownload the React DevTools for a better development experience: https://reactjs.org/link/react-devtools font-weight:bold @ http://localhost:7002/node_modules/.vite/deps/chunk-P6YNEX7I.js?v=958d8fd5:21550
[     260ms] [LOG] i18next: languageChanged en @ http://localhost:7002/node_modules/.vite/deps/i18next.js?v=61a83ae1:15
[     260ms] [LOG] i18next: initialized {debug: true, initImmediate: true, ns: Array(1), defaultNS: Array(1), fallbackLng: Array(1)} @ http://localhost:7002/node_modules/.vite/deps/i18next.js?v=61a83ae1:15
[     268ms] [WARNING] ⚠️ React Router Future Flag Warning: React Router will begin wrapping state updates in `React.startTransition` in v7. You can use the `v7_startTransition` future flag to opt-in early. For more information, see https://reactrouter.com/v6/upgrading/future#v7_starttransition. @ http://localhost:7002/node_modules/.vite/deps/react-router-dom.js?v=37eee552:4435
[   71920ms] [ERROR] Failed to load resource: the server responded with a status of 401 (Unauthorized) @ http://localhost:9001/admin/notifications?limit=1&offset=0&fields=created_at:0
[   72924ms] [ERROR] Failed to load resource: the server responded with a status of 401 (Unauthorized) @ http://localhost:9001/admin/notifications?limit=1&offset=0&fields=created_at:0
[  132933ms] [ERROR] Failed to load resource: the server responded with a status of 401 (Unauthorized) @ http://localhost:9001/admin/notifications?limit=1&offset=0&fields=created_at:0
[  133937ms] [ERROR] Failed to load resource: the server responded with a status of 401 (Unauthorized) @ http://localhost:9001/admin/notifications?limit=1&offset=0&fields=created_at:0
[  193948ms] [ERROR] Failed to load resource: the server responded with a status of 401 (Unauthorized) @ http://localhost:9001/admin/notifications?limit=1&offset=0&fields=created_at:0
[  194953ms] [ERROR] Failed to load resource: the server responded with a status of 401 (Unauthorized) @ http://localhost:9001/admin/notifications?limit=1&offset=0&fields=created_at:0
[  254958ms] [ERROR] Failed to load resource: the server responded with a status of 401 (Unauthorized) @ http://localhost:9001/admin/notifications?limit=1&offset=0&fields=created_at:0
[  255964ms] [ERROR] Failed to load resource: the server responded with a status of 401 (Unauthorized) @ http://localhost:9001/admin/notifications?limit=1&offset=0&fields=created_at:0
[  315972ms] [ERROR] Failed to load resource: the server responded with a status of 401 (Unauthorized) @ http://localhost:9001/admin/notifications?limit=1&offset=0&fields=created_at:0
[  316978ms] [ERROR] Failed to load resource: the server responded with a status of 401 (Unauthorized) @ http://localhost:9001/admin/notifications?limit=1&offset=0&fields=created_at:0
[  377011ms] [ERROR] Failed to load resource: the server responded with a status of 401 (Unauthorized) @ http://localhost:9001/admin/notifications?limit=1&offset=0&fields=created_at:0
[  378017ms] [ERROR] Failed to load resource: the server responded with a status of 401 (Unauthorized) @ http://localhost:9001/admin/notifications?limit=1&offset=0&fields=created_at:0
[  438027ms] [ERROR] Failed to load resource: the server responded with a status of 401 (Unauthorized) @ http://localhost:9001/admin/notifications?limit=1&offset=0&fields=created_at:0
[  439031ms] [ERROR] Failed to load resource: the server responded with a status of 401 (Unauthorized) @ http://localhost:9001/admin/notifications?limit=1&offset=0&fields=created_at:0
[  499040ms] [ERROR] Failed to load resource: the server responded with a status of 401 (Unauthorized) @ http://localhost:9001/admin/notifications?limit=1&offset=0&fields=created_at:0
[  500049ms] [ERROR] Failed to load resource: the server responded with a status of 401 (Unauthorized) @ http://localhost:9001/admin/notifications?limit=1&offset=0&fields=created_at:0
[  560060ms] [ERROR] Failed to load resource: the server responded with a status of 401 (Unauthorized) @ http://localhost:9001/admin/notifications?limit=1&offset=0&fields=created_at:0
[  561066ms] [ERROR] Failed to load resource: the server responded with a status of 401 (Unauthorized) @ http://localhost:9001/admin/notifications?limit=1&offset=0&fields=created_at:0
[  621073ms] [ERROR] Failed to load resource: the server responded with a status of 401 (Unauthorized) @ http://localhost:9001/admin/notifications?limit=1&offset=0&fields=created_at:0
[  622077ms] [ERROR] Failed to load resource: the server responded with a status of 401 (Unauthorized) @ http://localhost:9001/admin/notifications?limit=1&offset=0&fields=created_at:0
[  682090ms] [ERROR] Failed to load resource: the server responded with a status of 401 (Unauthorized) @ http://localhost:9001/admin/notifications?limit=1&offset=0&fields=created_at:0
[  683096ms] [ERROR] Failed to load resource: the server responded with a status of 401 (Unauthorized) @ http://localhost:9001/admin/notifications?limit=1&offset=0&fields=created_at:0
[  743104ms] [ERROR] Failed to load resource: the server responded with a status of 401 (Unauthorized) @ http://localhost:9001/admin/notifications?limit=1&offset=0&fields=created_at:0
[  744109ms] [ERROR] Failed to load resource: the server responded with a status of 401 (Unauthorized) @ http://localhost:9001/admin/notifications?limit=1&offset=0&fields=created_at:0
[  804115ms] [ERROR] Failed to load resource: the server responded with a status of 401 (Unauthorized) @ http://localhost:9001/admin/notifications?limit=1&offset=0&fields=created_at:0
[  805121ms] [ERROR] Failed to load resource: the server responded with a status of 401 (Unauthorized) @ http://localhost:9001/admin/notifications?limit=1&offset=0&fields=created_at:0
[  865127ms] [ERROR] Failed to load resource: the server responded with a status of 401 (Unauthorized) @ http://localhost:9001/admin/notifications?limit=1&offset=0&fields=created_at:0
[  866132ms] [ERROR] Failed to load resource: the server responded with a status of 401 (Unauthorized) @ http://localhost:9001/admin/notifications?limit=1&offset=0&fields=created_at:0
[  926142ms] [ERROR] Failed to load resource: the server responded with a status of 401 (Unauthorized) @ http://localhost:9001/admin/notifications?limit=1&offset=0&fields=created_at:0
[  927148ms] [ERROR] Failed to load resource: the server responded with a status of 401 (Unauthorized) @ http://localhost:9001/admin/notifications?limit=1&offset=0&fields=created_at:0
[  987157ms] [ERROR] Failed to load resource: the server responded with a status of 401 (Unauthorized) @ http://localhost:9001/admin/notifications?limit=1&offset=0&fields=created_at:0
[  988162ms] [ERROR] Failed to load resource: the server responded with a status of 401 (Unauthorized) @ http://localhost:9001/admin/notifications?limit=1&offset=0&fields=created_at:0
[ 1048173ms] [ERROR] Failed to load resource: the server responded with a status of 401 (Unauthorized) @ http://localhost:9001/admin/notifications?limit=1&offset=0&fields=created_at:0
[ 1049178ms] [ERROR] Failed to load resource: the server responded with a status of 401 (Unauthorized) @ http://localhost:9001/admin/notifications?limit=1&offset=0&fields=created_at:0
[ 1109189ms] [ERROR] Failed to load resource: the server responded with a status of 401 (Unauthorized) @ http://localhost:9001/admin/notifications?limit=1&offset=0&fields=created_at:0
[ 1110195ms] [ERROR] Failed to load resource: the server responded with a status of 401 (Unauthorized) @ http://localhost:9001/admin/notifications?limit=1&offset=0&fields=created_at:0
[ 1170202ms] [ERROR] Failed to load resource: the server responded with a status of 401 (Unauthorized) @ http://localhost:9001/admin/notifications?limit=1&offset=0&fields=created_at:0
[ 1171208ms] [ERROR] Failed to load resource: the server responded with a status of 401 (Unauthorized) @ http://localhost:9001/admin/notifications?limit=1&offset=0&fields=created_at:0
[ 1231216ms] [ERROR] Failed to load resource: the server responded with a status of 401 (Unauthorized) @ http://localhost:9001/admin/notifications?limit=1&offset=0&fields=created_at:0
[ 1232223ms] [ERROR] Failed to load resource: the server responded with a status of 401 (Unauthorized) @ http://localhost:9001/admin/notifications?limit=1&offset=0&fields=created_at:0
[ 1292232ms] [ERROR] Failed to load resource: the server responded with a status of 401 (Unauthorized) @ http://localhost:9001/admin/notifications?limit=1&offset=0&fields=created_at:0
[ 1293237ms] [ERROR] Failed to load resource: the server responded with a status of 401 (Unauthorized) @ http://localhost:9001/admin/notifications?limit=1&offset=0&fields=created_at:0
[ 1353246ms] [ERROR] Failed to load resource: the server responded with a status of 401 (Unauthorized) @ http://localhost:9001/admin/notifications?limit=1&offset=0&fields=created_at:0
[ 1354251ms] [ERROR] Failed to load resource: the server responded with a status of 401 (Unauthorized) @ http://localhost:9001/admin/notifications?limit=1&offset=0&fields=created_at:0
[ 1414260ms] [ERROR] Failed to load resource: the server responded with a status of 401 (Unauthorized) @ http://localhost:9001/admin/notifications?limit=1&offset=0&fields=created_at:0
[ 1415265ms] [ERROR] Failed to load resource: the server responded with a status of 401 (Unauthorized) @ http://localhost:9001/admin/notifications?limit=1&offset=0&fields=created_at:0
[ 1475273ms] [ERROR] Failed to load resource: the server responded with a status of 401 (Unauthorized) @ http://localhost:9001/admin/notifications?limit=1&offset=0&fields=created_at:0
[ 1476278ms] [ERROR] Failed to load resource: the server responded with a status of 401 (Unauthorized) @ http://localhost:9001/admin/notifications?limit=1&offset=0&fields=created_at:0
[ 1536290ms] [ERROR] Failed to load resource: the server responded with a status of 401 (Unauthorized) @ http://localhost:9001/admin/notifications?limit=1&offset=0&fields=created_at:0
[ 1537296ms] [ERROR] Failed to load resource: the server responded with a status of 401 (Unauthorized) @ http://localhost:9001/admin/notifications?limit=1&offset=0&fields=created_at:0
[ 1597303ms] [ERROR] Failed to load resource: the server responded with a status of 401 (Unauthorized) @ http://localhost:9001/admin/notifications?limit=1&offset=0&fields=created_at:0
[ 1598308ms] [ERROR] Failed to load resource: the server responded with a status of 401 (Unauthorized) @ http://localhost:9001/admin/notifications?limit=1&offset=0&fields=created_at:0
[ 1658321ms] [ERROR] Failed to load resource: the server responded with a status of 401 (Unauthorized) @ http://localhost:9001/admin/notifications?limit=1&offset=0&fields=created_at:0
[ 1659325ms] [ERROR] Failed to load resource: the server responded with a status of 401 (Unauthorized) @ http://localhost:9001/admin/notifications?limit=1&offset=0&fields=created_at:0
[ 1719343ms] [ERROR] Failed to load resource: the server responded with a status of 401 (Unauthorized) @ http://localhost:9001/admin/notifications?limit=1&offset=0&fields=created_at:0
[ 1720349ms] [ERROR] Failed to load resource: the server responded with a status of 401 (Unauthorized) @ http://localhost:9001/admin/notifications?limit=1&offset=0&fields=created_at:0
[ 1733822ms] [ERROR] Failed to load resource: the server responded with a status of 404 (Not Found) @ http://localhost:7002/@fs/Users/alphie/Project%20Farmhouse/mercur/packages/admin/dist/chunk-25LYVP3C.js?t=1778362418622:0
[ 1733823ms] [ERROR] [hmr] Failed to reload /@fs/Users/alphie/Project Farmhouse/mercur/packages/admin/dist/chunk-25LYVP3C.js. This could be due to syntax errors or importing non-existent modules. (see errors above) @ http://localhost:7002/@vite/client:175
[ 1734455ms] [ERROR] Failed to load resource: the server responded with a status of 404 (Not Found) @ http://localhost:7002/@fs/Users/alphie/Project%20Farmhouse/mercur/packages/admin/dist/chunk-2EME4AWX.js?t=1778362418669:0
[ 1734455ms] [ERROR] [hmr] Failed to reload /@fs/Users/alphie/Project Farmhouse/mercur/packages/admin/dist/index.js. This could be due to syntax errors or importing non-existent modules. (see errors above) @ http://localhost:7002/@vite/client:175
[ 1734455ms] [ERROR] [hmr] Failed to reload /@fs/Users/alphie/Project Farmhouse/mercur/packages/admin/dist/chunk-2EME4AWX.js. This could be due to syntax errors or importing non-existent modules. (see errors above) @ http://localhost:7002/@vite/client:175
[ 1734555ms] [ERROR] Failed to load resource: the server responded with a status of 404 (Not Found) @ http://localhost:7002/@fs/Users/alphie/Project%20Farmhouse/mercur/packages/admin/dist/chunk-TVL4IXSL.js?t=1778362418692:0
[ 1734555ms] [ERROR] Failed to load resource: the server responded with a status of 404 (Not Found) @ http://localhost:7002/@fs/Users/alphie/Project%20Farmhouse/mercur/packages/admin/dist/chunk-3QSRE5LS.js?t=1778362418693:0
[ 1734557ms] [ERROR] [hmr] Failed to reload /@fs/Users/alphie/Project Farmhouse/mercur/packages/admin/dist/chunk-TVL4IXSL.js. This could be due to syntax errors or importing non-existent modules. (see errors above) @ http://localhost:7002/@vite/client:175
[ 1734557ms] [ERROR] [hmr] Failed to reload /@fs/Users/alphie/Project Farmhouse/mercur/packages/admin/dist/chunk-3QSRE5LS.js. This could be due to syntax errors or importing non-existent modules. (see errors above) @ http://localhost:7002/@vite/client:175
[ 1734575ms] [ERROR] [hmr] Failed to reload /@fs/Users/alphie/Project Farmhouse/mercur/packages/admin/dist/index.js. This could be due to syntax errors or importing non-existent modules. (see errors above) @ http://localhost:7002/@vite/client:175
[ 1734577ms] [ERROR] Failed to load resource: the server responded with a status of 404 (Not Found) @ http://localhost:7002/@fs/Users/alphie/Project%20Farmhouse/mercur/packages/admin/dist/index.js?t=1778362418692:0
[ 1734577ms] [ERROR] [hmr] Failed to reload /@fs/Users/alphie/Project Farmhouse/mercur/packages/admin/dist/index.js. This could be due to syntax errors or importing non-existent modules. (see errors above) @ http://localhost:7002/@vite/client:175
[ 1734578ms] [ERROR] Failed to load resource: the server responded with a status of 404 (Not Found) @ http://localhost:7002/@fs/Users/alphie/Project%20Farmhouse/mercur/packages/admin/dist/index.js?t=1778362418677:0
[ 1734578ms] [ERROR] [hmr] Failed to reload /@fs/Users/alphie/Project Farmhouse/mercur/packages/admin/dist/index.js. This could be due to syntax errors or importing non-existent modules. (see errors above) @ http://localhost:7002/@vite/client:175
[ 1734579ms] [ERROR] Failed to load resource: the server responded with a status of 404 (Not Found) @ http://localhost:7002/@fs/Users/alphie/Project%20Farmhouse/mercur/packages/admin/dist/login-T5DP5BZ3.js?t=1778362418730:0
[ 1734579ms] [ERROR] Failed to load resource: the server responded with a status of 404 (Not Found) @ http://localhost:7002/@fs/Users/alphie/Project%20Farmhouse/mercur/packages/admin/dist/chunk-TVL4IXSL.js?t=1778362418730:0
[ 1734579ms] [ERROR] [hmr] Failed to reload /@fs/Users/alphie/Project Farmhouse/mercur/packages/admin/dist/login-T5DP5BZ3.js. This could be due to syntax errors or importing non-existent modules. (see errors above) @ http://localhost:7002/@vite/client:175
[ 1734579ms] [ERROR] [hmr] Failed to reload /@fs/Users/alphie/Project Farmhouse/mercur/packages/admin/dist/chunk-TVL4IXSL.js. This could be due to syntax errors or importing non-existent modules. (see errors above) @ http://localhost:7002/@vite/client:175
[ 1734582ms] [ERROR] [hmr] Failed to reload /@fs/Users/alphie/Project Farmhouse/mercur/packages/admin/dist/index.js. This could be due to syntax errors or importing non-existent modules. (see errors above) @ http://localhost:7002/@vite/client:175
[ 1734608ms] [ERROR] Failed to load resource: the server responded with a status of 404 (Not Found) @ http://localhost:7002/@fs/Users/alphie/Project%20Farmhouse/mercur/packages/admin/dist/chunk-4LXBQTFN.js?t=1778362418743:0
[ 1734609ms] [ERROR] [hmr] Failed to reload /@fs/Users/alphie/Project Farmhouse/mercur/packages/admin/dist/chunk-4LXBQTFN.js. This could be due to syntax errors or importing non-existent modules. (see errors above) @ http://localhost:7002/@vite/client:175
[ 1734655ms] [ERROR] Failed to load resource: the server responded with a status of 404 (Not Found) @ http://localhost:7002/@fs/Users/alphie/Project%20Farmhouse/mercur/packages/admin/dist/index.js?t=1778362418756:0
[ 1734655ms] [ERROR] Failed to load resource: the server responded with a status of 404 (Not Found) @ http://localhost:7002/@fs/Users/alphie/Project%20Farmhouse/mercur/packages/admin/dist/index.js?t=1778362418757:0
[ 1734655ms] [ERROR] [hmr] Failed to reload /@fs/Users/alphie/Project Farmhouse/mercur/packages/admin/dist/index.js. This could be due to syntax errors or importing non-existent modules. (see errors above) @ http://localhost:7002/@vite/client:175
[ 1734655ms] [ERROR] [hmr] Failed to reload /@fs/Users/alphie/Project Farmhouse/mercur/packages/admin/dist/index.js. This could be due to syntax errors or importing non-existent modules. (see errors above) @ http://localhost:7002/@vite/client:175
[ 1734655ms] [ERROR] Failed to load resource: the server responded with a status of 404 (Not Found) @ http://localhost:7002/@fs/Users/alphie/Project%20Farmhouse/mercur/packages/admin/dist/index.js?t=1778362418755:0
[ 1734655ms] [ERROR] [hmr] Failed to reload /@fs/Users/alphie/Project Farmhouse/mercur/packages/admin/dist/index.js. This could be due to syntax errors or importing non-existent modules. (see errors above) @ http://localhost:7002/@vite/client:175
[ 1734655ms] [ERROR] [hmr] Failed to reload /@fs/Users/alphie/Project Farmhouse/mercur/packages/admin/dist/index.js. This could be due to syntax errors or importing non-existent modules. (see errors above) @ http://localhost:7002/@vite/client:175
[ 1734656ms] [ERROR] [hmr] Failed to reload /@fs/Users/alphie/Project Farmhouse/mercur/packages/admin/dist/index.js. This could be due to syntax errors or importing non-existent modules. (see errors above) @ http://localhost:7002/@vite/client:175
[ 1734656ms] [ERROR] [hmr] Failed to reload /@fs/Users/alphie/Project Farmhouse/mercur/packages/admin/dist/index.js. This could be due to syntax errors or importing non-existent modules. (see errors above) @ http://localhost:7002/@vite/client:175
[ 1734656ms] [ERROR] Failed to load resource: the server responded with a status of 404 (Not Found) @ http://localhost:7002/@fs/Users/alphie/Project%20Farmhouse/mercur/packages/admin/dist/login-T5DP5BZ3.js?t=1778362418756:0
[ 1734656ms] [ERROR] [hmr] Failed to reload /@fs/Users/alphie/Project Farmhouse/mercur/packages/admin/dist/login-T5DP5BZ3.js. This could be due to syntax errors or importing non-existent modules. (see errors above) @ http://localhost:7002/@vite/client:175
[ 1734656ms] [ERROR] Failed to load resource: the server responded with a status of 404 (Not Found) @ http://localhost:7002/@fs/Users/alphie/Project%20Farmhouse/mercur/packages/admin/dist/login-T5DP5BZ3.js?t=1778362418755:0
[ 1734656ms] [ERROR] [hmr] Failed to reload /@fs/Users/alphie/Project Farmhouse/mercur/packages/admin/dist/login-T5DP5BZ3.js. This could be due to syntax errors or importing non-existent modules. (see errors above) @ http://localhost:7002/@vite/client:175
[ 1734716ms] [ERROR] Failed to load resource: the server responded with a status of 404 (Not Found) @ http://localhost:7002/@fs/Users/alphie/Project%20Farmhouse/mercur/packages/admin/dist/chunk-634XVU3D.js?t=1778362418755:0
[ 1734717ms] [ERROR] [hmr] Failed to reload /@fs/Users/alphie/Project Farmhouse/mercur/packages/admin/dist/chunk-634XVU3D.js. This could be due to syntax errors or importing non-existent modules. (see errors above) @ http://localhost:7002/@vite/client:175
[ 1734961ms] [ERROR] Failed to load resource: the server responded with a status of 404 (Not Found) @ http://localhost:7002/@fs/Users/alphie/Project%20Farmhouse/mercur/packages/admin/dist/login-T5DP5BZ3.js?t=1778362418770:0
[ 1734961ms] [ERROR] [hmr] Failed to reload /@fs/Users/alphie/Project Farmhouse/mercur/packages/admin/dist/login-T5DP5BZ3.js. This could be due to syntax errors or importing non-existent modules. (see errors above) @ http://localhost:7002/@vite/client:175
[ 1734961ms] [ERROR] Failed to load resource: the server responded with a status of 404 (Not Found) @ http://localhost:7002/@fs/Users/alphie/Project%20Farmhouse/mercur/packages/admin/dist/login-T5DP5BZ3.js?t=1778362418757:0
[ 1734961ms] [ERROR] [hmr] Failed to reload /@fs/Users/alphie/Project Farmhouse/mercur/packages/admin/dist/login-T5DP5BZ3.js. This could be due to syntax errors or importing non-existent modules. (see errors above) @ http://localhost:7002/@vite/client:175
[ 1734962ms] [ERROR] Failed to load resource: the server responded with a status of 404 (Not Found) @ http://localhost:7002/@fs/Users/alphie/Project%20Farmhouse/mercur/packages/admin/dist/index.js?t=1778362418778:0
[ 1734962ms] [ERROR] Failed to load resource: the server responded with a status of 404 (Not Found) @ http://localhost:7002/@fs/Users/alphie/Project%20Farmhouse/mercur/packages/admin/dist/index.js?t=1778362418782:0
[ 1734962ms] [ERROR] [hmr] Failed to reload /@fs/Users/alphie/Project Farmhouse/mercur/packages/admin/dist/index.js. This could be due to syntax errors or importing non-existent modules. (see errors above) @ http://localhost:7002/@vite/client:175
[ 1734962ms] [ERROR] Failed to load resource: the server responded with a status of 404 (Not Found) @ http://localhost:7002/@fs/Users/alphie/Project%20Farmhouse/mercur/packages/admin/dist/index.js?t=1778362418770:0
[ 1734962ms] [ERROR] [hmr] Failed to reload /@fs/Users/alphie/Project Farmhouse/mercur/packages/admin/dist/index.js. This could be due to syntax errors or importing non-existent modules. (see errors above) @ http://localhost:7002/@vite/client:175
[ 1734962ms] [ERROR] [hmr] Failed to reload /@fs/Users/alphie/Project Farmhouse/mercur/packages/admin/dist/index.js. This could be due to syntax errors or importing non-existent modules. (see errors above) @ http://localhost:7002/@vite/client:175
[ 1735081ms] [ERROR] Failed to load resource: the server responded with a status of 404 (Not Found) @ http://localhost:7002/@fs/Users/alphie/Project%20Farmhouse/mercur/packages/admin/dist/login-T5DP5BZ3.js?t=1778362418785:0
[ 1735082ms] [ERROR] [hmr] Failed to reload /@fs/Users/alphie/Project Farmhouse/mercur/packages/admin/dist/login-T5DP5BZ3.js. This could be due to syntax errors or importing non-existent modules. (see errors above) @ http://localhost:7002/@vite/client:175
[ 1735082ms] [ERROR] Failed to load resource: the server responded with a status of 404 (Not Found) @ http://localhost:7002/@fs/Users/alphie/Project%20Farmhouse/mercur/packages/admin/dist/login-T5DP5BZ3.js?t=1778362418782:0
[ 1735082ms] [ERROR] Failed to load resource: the server responded with a status of 404 (Not Found) @ http://localhost:7002/@fs/Users/alphie/Project%20Farmhouse/mercur/packages/admin/dist/chunk-BDGZ4EQO.js?t=1778362418783:0
[ 1735082ms] [ERROR] Failed to load resource: the server responded with a status of 404 (Not Found) @ http://localhost:7002/@fs/Users/alphie/Project%20Farmhouse/mercur/packages/admin/dist/index.js?t=1778362418785:0
[ 1735163ms] [ERROR] Failed to load resource: the server responded with a status of 404 (Not Found) @ http://localhost:7002/@fs/Users/alphie/Project%20Farmhouse/mercur/packages/admin/dist/index.css?t=1778362419532:0
[ 1735164ms] [ERROR] Failed to load resource: the server responded with a status of 404 (Not Found) @ http://localhost:7002/@fs/Users/alphie/Project%20Farmhouse/mercur/packages/admin/dist/index.js?t=1778362419532:0
[ 1760979ms] [INFO] %cDownload the React DevTools for a better development experience: https://reactjs.org/link/react-devtools font-weight:bold @ http://localhost:7002/node_modules/.vite/deps/chunk-P6YNEX7I.js?v=958d8fd5:21550
[ 1761118ms] [LOG] i18next: languageChanged en @ http://localhost:7002/node_modules/.vite/deps/i18next.js?v=61a83ae1:15
[ 1761119ms] [LOG] i18next: initialized {debug: true, initImmediate: true, ns: Array(1), defaultNS: Array(1), fallbackLng: Array(1)} @ http://localhost:7002/node_modules/.vite/deps/i18next.js?v=61a83ae1:15
[ 1761130ms] [WARNING] ⚠️ React Router Future Flag Warning: React Router will begin wrapping state updates in `React.startTransition` in v7. You can use the `v7_startTransition` future flag to opt-in early. For more information, see https://reactrouter.com/v6/upgrading/future#v7_starttransition. @ http://localhost:7002/node_modules/.vite/deps/react-router-dom.js?v=37eee552:4435
[ 1776168ms] [ERROR] Failed to load resource: the server responded with a status of 401 (Unauthorized) @ http://localhost:9001/admin/users/me:0
[ 1777178ms] [ERROR] Failed to load resource: the server responded with a status of 401 (Unauthorized) @ http://localhost:9001/admin/users/me:0
[ 1976796ms] [LOG] [vite] server connection lost. Polling for restart... @ http://localhost:7002/@vite/client:559
[ 1976798ms] [ERROR] Failed to load resource: net::ERR_CONNECTION_REFUSED @ http://localhost:7002/:0
[ 1977800ms] [ERROR] Failed to load resource: net::ERR_CONNECTION_REFUSED @ http://localhost:7002/:0
[ 1978803ms] [ERROR] Failed to load resource: net::ERR_CONNECTION_REFUSED @ http://localhost:7002/:0
[ 1979806ms] [ERROR] Failed to load resource: net::ERR_CONNECTION_REFUSED @ http://localhost:7002/:0
[ 1980808ms] [ERROR] Failed to load resource: net::ERR_CONNECTION_REFUSED @ http://localhost:7002/:0
[ 1981810ms] [ERROR] Failed to load resource: net::ERR_CONNECTION_REFUSED @ http://localhost:7002/:0
[ 1982812ms] [ERROR] Failed to load resource: net::ERR_CONNECTION_REFUSED @ http://localhost:7002/:0
[ 1983815ms] [ERROR] Failed to load resource: net::ERR_CONNECTION_REFUSED @ http://localhost:7002/:0
[ 1984817ms] [ERROR] Failed to load resource: net::ERR_CONNECTION_REFUSED @ http://localhost:7002/:0
[ 1985819ms] [ERROR] Failed to load resource: net::ERR_CONNECTION_REFUSED @ http://localhost:7002/:0
[ 1986822ms] [ERROR] Failed to load resource: net::ERR_CONNECTION_REFUSED @ http://localhost:7002/:0
[ 1987824ms] [ERROR] Failed to load resource: net::ERR_CONNECTION_REFUSED @ http://localhost:7002/:0
[ 1988826ms] [ERROR] Failed to load resource: net::ERR_CONNECTION_REFUSED @ http://localhost:7002/:0
[ 1989829ms] [ERROR] Failed to load resource: net::ERR_CONNECTION_REFUSED @ http://localhost:7002/:0
[ 1990832ms] [ERROR] Failed to load resource: net::ERR_CONNECTION_REFUSED @ http://localhost:7002/:0
[ 1991834ms] [ERROR] Failed to load resource: net::ERR_CONNECTION_REFUSED @ http://localhost:7002/:0
[ 1992837ms] [ERROR] Failed to load resource: net::ERR_CONNECTION_REFUSED @ http://localhost:7002/:0
[ 1993839ms] [ERROR] Failed to load resource: net::ERR_CONNECTION_REFUSED @ http://localhost:7002/:0
[ 1994842ms] [ERROR] Failed to load resource: net::ERR_CONNECTION_REFUSED @ http://localhost:7002/:0
[ 1995844ms] [ERROR] Failed to load resource: net::ERR_CONNECTION_REFUSED @ http://localhost:7002/:0
[ 1996847ms] [ERROR] Failed to load resource: net::ERR_CONNECTION_REFUSED @ http://localhost:7002/:0
[ 1997850ms] [ERROR] Failed to load resource: net::ERR_CONNECTION_REFUSED @ http://localhost:7002/:0
[ 1998852ms] [ERROR] Failed to load resource: net::ERR_CONNECTION_REFUSED @ http://localhost:7002/:0
[ 1999855ms] [ERROR] Failed to load resource: net::ERR_CONNECTION_REFUSED @ http://localhost:7002/:0
[ 2000857ms] [ERROR] Failed to load resource: net::ERR_CONNECTION_REFUSED @ http://localhost:7002/:0
[ 2001859ms] [ERROR] Failed to load resource: net::ERR_CONNECTION_REFUSED @ http://localhost:7002/:0
[ 2002862ms] [ERROR] Failed to load resource: net::ERR_CONNECTION_REFUSED @ http://localhost:7002/:0
[ 2003864ms] [ERROR] Failed to load resource: net::ERR_CONNECTION_REFUSED @ http://localhost:7002/:0
[ 2004867ms] [ERROR] Failed to load resource: net::ERR_CONNECTION_REFUSED @ http://localhost:7002/:0
[ 2005869ms] [ERROR] Failed to load resource: net::ERR_CONNECTION_REFUSED @ http://localhost:7002/:0
[ 2006872ms] [ERROR] Failed to load resource: net::ERR_CONNECTION_REFUSED @ http://localhost:7002/:0
[ 2007874ms] [ERROR] Failed to load resource: net::ERR_CONNECTION_REFUSED @ http://localhost:7002/:0
[ 2008876ms] [ERROR] Failed to load resource: net::ERR_CONNECTION_REFUSED @ http://localhost:7002/:0
[ 2009879ms] [ERROR] Failed to load resource: net::ERR_CONNECTION_REFUSED @ http://localhost:7002/:0
[ 2010881ms] [ERROR] Failed to load resource: net::ERR_CONNECTION_REFUSED @ http://localhost:7002/:0
[ 2011884ms] [ERROR] Failed to load resource: net::ERR_CONNECTION_REFUSED @ http://localhost:7002/:0
[ 2012886ms] [ERROR] Failed to load resource: net::ERR_CONNECTION_REFUSED @ http://localhost:7002/:0
[ 2013888ms] [ERROR] Failed to load resource: net::ERR_CONNECTION_REFUSED @ http://localhost:7002/:0
[ 2014891ms] [ERROR] Failed to load resource: net::ERR_CONNECTION_REFUSED @ http://localhost:7002/:0
[ 2015893ms] [ERROR] Failed to load resource: net::ERR_CONNECTION_REFUSED @ http://localhost:7002/:0
[ 2016895ms] [ERROR] Failed to load resource: net::ERR_CONNECTION_REFUSED @ http://localhost:7002/:0
[ 2017898ms] [ERROR] Failed to load resource: net::ERR_CONNECTION_REFUSED @ http://localhost:7002/:0
[ 2018900ms] [ERROR] Failed to load resource: net::ERR_CONNECTION_REFUSED @ http://localhost:7002/:0
[ 2019902ms] [ERROR] Failed to load resource: net::ERR_CONNECTION_REFUSED @ http://localhost:7002/:0
[ 2020905ms] [ERROR] Failed to load resource: net::ERR_CONNECTION_REFUSED @ http://localhost:7002/:0
[ 2021908ms] [ERROR] Failed to load resource: net::ERR_CONNECTION_REFUSED @ http://localhost:7002/:0
[ 2022911ms] [ERROR] Failed to load resource: net::ERR_CONNECTION_REFUSED @ http://localhost:7002/:0
[ 2023913ms] [ERROR] Failed to load resource: net::ERR_CONNECTION_REFUSED @ http://localhost:7002/:0
[ 2024915ms] [ERROR] Failed to load resource: net::ERR_CONNECTION_REFUSED @ http://localhost:7002/:0
[ 2025918ms] [ERROR] Failed to load resource: net::ERR_CONNECTION_REFUSED @ http://localhost:7002/:0
[ 2026920ms] [ERROR] Failed to load resource: net::ERR_CONNECTION_REFUSED @ http://localhost:7002/:0
[ 2027922ms] [ERROR] Failed to load resource: net::ERR_CONNECTION_REFUSED @ http://localhost:7002/:0
[ 2028926ms] [ERROR] Failed to load resource: net::ERR_CONNECTION_REFUSED @ http://localhost:7002/:0
[ 2029929ms] [ERROR] Failed to load resource: net::ERR_CONNECTION_REFUSED @ http://localhost:7002/:0
[ 2030931ms] [ERROR] Failed to load resource: net::ERR_CONNECTION_REFUSED @ http://localhost:7002/:0
[ 2031934ms] [ERROR] Failed to load resource: net::ERR_CONNECTION_REFUSED @ http://localhost:7002/:0
[ 2032936ms] [ERROR] Failed to load resource: net::ERR_CONNECTION_REFUSED @ http://localhost:7002/:0
[ 2033938ms] [ERROR] Failed to load resource: net::ERR_CONNECTION_REFUSED @ http://localhost:7002/:0
[ 2034940ms] [ERROR] Failed to load resource: net::ERR_CONNECTION_REFUSED @ http://localhost:7002/:0
[ 2035943ms] [ERROR] Failed to load resource: net::ERR_CONNECTION_REFUSED @ http://localhost:7002/:0
[ 2036945ms] [ERROR] Failed to load resource: net::ERR_CONNECTION_REFUSED @ http://localhost:7002/:0
[ 2037947ms] [ERROR] Failed to load resource: net::ERR_CONNECTION_REFUSED @ http://localhost:7002/:0
[ 2038950ms] [ERROR] Failed to load resource: net::ERR_CONNECTION_REFUSED @ http://localhost:7002/:0
[ 2039952ms] [ERROR] Failed to load resource: net::ERR_CONNECTION_REFUSED @ http://localhost:7002/:0
[ 2040958ms] [ERROR] Failed to load resource: net::ERR_CONNECTION_REFUSED @ http://localhost:7002/:0
[ 2041961ms] [ERROR] Failed to load resource: net::ERR_CONNECTION_REFUSED @ http://localhost:7002/:0
[ 2042964ms] [ERROR] Failed to load resource: net::ERR_CONNECTION_REFUSED @ http://localhost:7002/:0
[ 2043967ms] [ERROR] Failed to load resource: net::ERR_CONNECTION_REFUSED @ http://localhost:7002/:0
[ 2044969ms] [ERROR] Failed to load resource: net::ERR_CONNECTION_REFUSED @ http://localhost:7002/:0
[ 2045971ms] [ERROR] Failed to load resource: net::ERR_CONNECTION_REFUSED @ http://localhost:7002/:0
[ 2046973ms] [ERROR] Failed to load resource: net::ERR_CONNECTION_REFUSED @ http://localhost:7002/:0
[ 2047976ms] [ERROR] Failed to load resource: net::ERR_CONNECTION_REFUSED @ http://localhost:7002/:0
[ 2048978ms] [ERROR] Failed to load resource: net::ERR_CONNECTION_REFUSED @ http://localhost:7002/:0
[ 2049980ms] [ERROR] Failed to load resource: net::ERR_CONNECTION_REFUSED @ http://localhost:7002/:0
[ 2050983ms] [ERROR] Failed to load resource: net::ERR_CONNECTION_REFUSED @ http://localhost:7002/:0
[ 2051985ms] [ERROR] Failed to load resource: net::ERR_CONNECTION_REFUSED @ http://localhost:7002/:0
[ 2052988ms] [ERROR] Failed to load resource: net::ERR_CONNECTION_REFUSED @ http://localhost:7002/:0
[ 2053990ms] [ERROR] Failed to load resource: net::ERR_CONNECTION_REFUSED @ http://localhost:7002/:0
[ 2054993ms] [ERROR] Failed to load resource: net::ERR_CONNECTION_REFUSED @ http://localhost:7002/:0
[ 2055995ms] [ERROR] Failed to load resource: net::ERR_CONNECTION_REFUSED @ http://localhost:7002/:0
[ 2056998ms] [ERROR] Failed to load resource: net::ERR_CONNECTION_REFUSED @ http://localhost:7002/:0
[ 2058000ms] [ERROR] Failed to load resource: net::ERR_CONNECTION_REFUSED @ http://localhost:7002/:0
[ 2059002ms] [ERROR] Failed to load resource: net::ERR_CONNECTION_REFUSED @ http://localhost:7002/:0
[ 2060005ms] [ERROR] Failed to load resource: net::ERR_CONNECTION_REFUSED @ http://localhost:7002/:0
[ 2061007ms] [ERROR] Failed to load resource: net::ERR_CONNECTION_REFUSED @ http://localhost:7002/:0
[ 2062009ms] [ERROR] Failed to load resource: net::ERR_CONNECTION_REFUSED @ http://localhost:7002/:0
[ 2063012ms] [ERROR] Failed to load resource: net::ERR_CONNECTION_REFUSED @ http://localhost:7002/:0
[ 2064014ms] [ERROR] Failed to load resource: net::ERR_CONNECTION_REFUSED @ http://localhost:7002/:0
[ 2065017ms] [ERROR] Failed to load resource: net::ERR_CONNECTION_REFUSED @ http://localhost:7002/:0
[ 2066019ms] [ERROR] Failed to load resource: net::ERR_CONNECTION_REFUSED @ http://localhost:7002/:0
[ 2067022ms] [ERROR] Failed to load resource: net::ERR_CONNECTION_REFUSED @ http://localhost:7002/:0
[ 2068025ms] [ERROR] Failed to load resource: net::ERR_CONNECTION_REFUSED @ http://localhost:7002/:0
