[    1515ms] [LOG] [PostHog.js] send "$pageleave" {uuid: 019e1c6e-1ee4-71d8-b90e-a9784405e11c, event: $pageleave, properties: Object, timestamp: Tue May 12 2026 14:43:59 GMT+0100 (British Summer Time)} @ http://localhost:3001/_next/static/chunks/b3626_posthog-js_dist_module_c967c4c2.js:1019
[    1681ms] [LOG] [PostHog.js] set_config {config: Object, oldConfig: Object, newConfig: Object} @ http://localhost:3001/_next/static/chunks/b3626_posthog-js_dist_module_c967c4c2.js:1019
[    1681ms] [LOG] [PostHog.js] Persistence loaded localStorage+cookie {$device_id: 019e196c-377b-76e9-9751-6dc0354f6ca7, distinct_id: 019e196c-377b-76e9-9751-6dc0354f6ca7, $sesid: Array(3), $epp: true, $initial_person_info: Object} @ http://localhost:3001/_next/static/chunks/b3626_posthog-js_dist_module_c967c4c2.js:1019
[    1682ms] [LOG] [PostHog.js] Persistence loaded sessionStorage {$sdk_debug_extensions_init_method: synchronous, $sdk_debug_extensions_init_time_ms: 2, $referrer: $direct, $referring_domain: $direct, $sdk_debug_replay_remote_trigger_matching_config: null} @ http://localhost:3001/_next/static/chunks/b3626_posthog-js_dist_module_c967c4c2.js:1019
[    1683ms] [LOG] [PostHog.js] Initializing extensions synchronously @ http://localhost:3001/_next/static/chunks/b3626_posthog-js_dist_module_c967c4c2.js:1019
[    1683ms] [LOG] [PostHog.js] [Web Vitals] enabled, starting... @ http://localhost:3001/_next/static/chunks/b3626_posthog-js_dist_module_c967c4c2.js:1019
[    1683ms] [LOG] [PostHog.js] [ExceptionAutocapture] enabled @ http://localhost:3001/_next/static/chunks/b3626_posthog-js_dist_module_c967c4c2.js:1019
[    1684ms] [LOG] [PostHog.js] History API monitoring enabled, starting... @ http://localhost:3001/_next/static/chunks/b3626_posthog-js_dist_module_c967c4c2.js:1019
[    1684ms] [LOG] [PostHog.js] [SessionRecording] starting @ http://localhost:3001/_next/static/chunks/b3626_posthog-js_dist_module_c967c4c2.js:1019
[    1684ms] [LOG] [PostHog.js] [Heatmaps] starting... @ http://localhost:3001/_next/static/chunks/b3626_posthog-js_dist_module_c967c4c2.js:1019
[    1684ms] [LOG] [PostHog.js] Starting in debug mode {this: qn, config: Object, thisC: Object, p: Object, s: Object} @ http://localhost:3001/_next/static/chunks/b3626_posthog-js_dist_module_c967c4c2.js:1019
[    1686ms] [LOG] [PostHog.js] send "$set" {uuid: 019e1c6e-1f8f-76ed-bbd4-412e095d9e4d, event: $set, properties: Object, $set_once: Object, timestamp: Tue May 12 2026 14:43:59 GMT+0100 (British Summer Time)} @ http://localhost:3001/_next/static/chunks/b3626_posthog-js_dist_module_c967c4c2.js:1019
[    1688ms] [INFO] %cDownload the React DevTools for a better development experience: https://react.dev/link/react-devtools font-weight:bold @ http://localhost:3001/_next/static/chunks/8f4ea_next_dist_compiled_react-dom_17a4e3b3._.js:14537
[    1703ms] [LOG] [PostHog.js] send "$pageview" {uuid: 019e1c6e-1fa0-77ab-8f19-6be6ab9b3bf2, event: $pageview, properties: Object, timestamp: Tue May 12 2026 14:43:59 GMT+0100 (British Summer Time)} @ http://localhost:3001/_next/static/chunks/b3626_posthog-js_dist_module_c967c4c2.js:1019
[    2663ms] [ERROR] Failed to load resource: the server responded with a status of 404 (Not Found) @ http://localhost:3001/_next/image?url=https%3A%2F%2Fimages.unsplash.com%2Fphoto-1466692476869-aef1dfb1e735%3Fw%3D400%26h%3D400%26fit%3Dcrop%26q%3D80&w=256&q=75:0
[    2663ms] [ERROR] Failed to load resource: the server responded with a status of 404 (Not Found) @ http://localhost:3001/_next/image?url=https%3A%2F%2Fimages.unsplash.com%2Fphoto-1540420773420-bd3362c9d999%3Fw%3D400%26h%3D400%26fit%3Dcrop%26q%3D80&w=256&q=75:0
[    2663ms] [ERROR] Failed to load resource: the server responded with a status of 404 (Not Found) @ http://localhost:3001/_next/image?url=https%3A%2F%2Fimages.unsplash.com%2Fphoto-1604503468506-a399da69a440%3Fw%3D400%26h%3D400%26fit%3Dcrop%26q%3D80&w=256&q=75:0
[    2684ms] [WARNING] Image with src "/images/hero/Image.jpg" is using quality "50" which is not configured in images.qualities. This config will be required starting in Next.js 16.
Read more: https://nextjs.org/docs/messages/next-image-unconfigured-qualities @ http://localhost:3001/_next/static/chunks/8f4ea_next_dist_e552cdb3._.js:968
[    2729ms] [LOG] [PostHog.js] [Dead Clicks] starting... @ http://localhost:3001/_next/static/chunks/b3626_posthog-js_dist_module_c967c4c2.js:1019
[    2788ms] [LOG] [PostHog.js] Persistence loaded sessionStorage {$sdk_debug_extensions_init_method: synchronous, $sdk_debug_extensions_init_time_ms: 2, $referrer: $direct, $referring_domain: $direct, $sdk_debug_replay_remote_trigger_matching_config: null} @ http://localhost:3001/_next/static/chunks/b3626_posthog-js_dist_module_c967c4c2.js:1019
[    2789ms] [LOG] [PostHog.js] set_config {config: Object, oldConfig: Object, newConfig: Object} @ http://localhost:3001/_next/static/chunks/b3626_posthog-js_dist_module_c967c4c2.js:1019
[    2789ms] [LOG] [PostHog.js] [ExceptionAutocapture] enabled @ http://localhost:3001/_next/static/chunks/b3626_posthog-js_dist_module_c967c4c2.js:1019
[    2789ms] [LOG] [PostHog.js] [Surveys] flags response received, isSurveysEnabled: false @ http://localhost:3001/_next/static/chunks/b3626_posthog-js_dist_module_c967c4c2.js:1019
[    2789ms] [LOG] [PostHog.js] [Web Vitals] enabled, starting... @ http://localhost:3001/_next/static/chunks/b3626_posthog-js_dist_module_c967c4c2.js:1019
[    2790ms] [LOG] [PostHog.js] [ExceptionAutocapture] enabled @ http://localhost:3001/_next/static/chunks/b3626_posthog-js_dist_module_c967c4c2.js:1019
[    2915ms] [LOG] [PostHog.js] [Surveys] Surveys loaded successfully @ http://localhost:3001/_next/static/chunks/b3626_posthog-js_dist_module_c967c4c2.js:1019
[    7794ms] [LOG] [PostHog.js] send "$web_vitals" {uuid: 019e1c6e-376b-74cb-8583-bfdf8808b52d, event: $web_vitals, properties: Object, timestamp: Tue May 12 2026 14:44:05 GMT+0100 (British Summer Time)} @ http://localhost:3001/_next/static/chunks/b3626_posthog-js_dist_module_c967c4c2.js:1019
[    7812ms] [WARNING] The resource http://localhost:3001/images/hero/Image.jpg was preloaded using link preload but not used within a few seconds from the window's load event. Please make sure it has an appropriate `as` value and it is preloaded intentionally. @ http://localhost:3001/ke:0
[   13991ms] [WARNING] The resource http://localhost:3001/images/hero/Image.jpg was preloaded using link preload but not used within a few seconds from the window's load event. Please make sure it has an appropriate `as` value and it is preloaded intentionally. @ http://localhost:3001/ke:0
[   41647ms] [LOG] [PostHog.js] send "$snapshot" {uuid: 019e1c6e-bba8-71bf-a672-e2e9bbbf0b74, event: $snapshot, properties: Object, timestamp: Tue May 12 2026 14:44:39 GMT+0100 (British Summer Time)} @ http://localhost:3001/_next/static/chunks/b3626_posthog-js_dist_module_c967c4c2.js:1019
[   42663ms] [WARNING] The resource http://localhost:3001/images/hero/Image.jpg was preloaded using link preload but not used within a few seconds from the window's load event. Please make sure it has an appropriate `as` value and it is preloaded intentionally. @ http://localhost:3001/ke:0
[   46312ms] [LOG] [PostHog.js] send "$snapshot" {uuid: 019e1c6e-cde1-73ff-894d-2923c8f690db, event: $snapshot, properties: Object, timestamp: Tue May 12 2026 14:44:44 GMT+0100 (British Summer Time)} @ http://localhost:3001/_next/static/chunks/b3626_posthog-js_dist_module_c967c4c2.js:1019
[   46686ms] [LOG] [PostHog.js] send "$$heatmap" {uuid: 019e1c6e-cf57-75c5-8611-8863a8a8a7f9, event: $$heatmap, properties: Object, timestamp: Tue May 12 2026 14:44:44 GMT+0100 (British Summer Time)} @ http://localhost:3001/_next/static/chunks/b3626_posthog-js_dist_module_c967c4c2.js:1019
